
*** Running vivado
    with args -log ISA.vds -m64 -product Vivado -mode batch -messageDb vivado.pb -notrace -source ISA.tcl


****** Vivado v2019.2 (64-bit)
  **** SW Build 2708876 on Wed Nov  6 21:40:23 MST 2019
  **** IP Build 2700528 on Thu Nov  7 00:09:20 MST 2019
    ** Copyright 1986-2019 Xilinx, Inc. All Rights Reserved.

source ISA.tcl -notrace
Command: synth_design -top ISA -part xc7a100tcsg324-1
Starting synth_design
Attempting to get a license for feature 'Synthesis' and/or device 'xc7a100t'
INFO: [Common 17-349] Got license for feature 'Synthesis' and/or device 'xc7a100t'
INFO: Launching helper process for spawning children vivado processes
INFO: Helper process launched with PID 16420 
WARNING: [Synth 8-976] rd_data has already been declared [C:/Users/nehmy/OneDrive/Desktop/415 Hws and Projects/HW4/HW4_Blake_Wishard/HW4_Blake_Wishard.srcs/sources_1/new/ISA.v:36]
WARNING: [Synth 8-2654] second declaration of rd_data ignored [C:/Users/nehmy/OneDrive/Desktop/415 Hws and Projects/HW4/HW4_Blake_Wishard/HW4_Blake_Wishard.srcs/sources_1/new/ISA.v:36]
INFO: [Synth 8-994] rd_data is declared here [C:/Users/nehmy/OneDrive/Desktop/415 Hws and Projects/HW4/HW4_Blake_Wishard/HW4_Blake_Wishard.srcs/sources_1/new/ISA.v:31]
WARNING: [Synth 8-976] rs_data has already been declared [C:/Users/nehmy/OneDrive/Desktop/415 Hws and Projects/HW4/HW4_Blake_Wishard/HW4_Blake_Wishard.srcs/sources_1/new/ISA.v:39]
WARNING: [Synth 8-2654] second declaration of rs_data ignored [C:/Users/nehmy/OneDrive/Desktop/415 Hws and Projects/HW4/HW4_Blake_Wishard/HW4_Blake_Wishard.srcs/sources_1/new/ISA.v:39]
INFO: [Synth 8-994] rs_data is declared here [C:/Users/nehmy/OneDrive/Desktop/415 Hws and Projects/HW4/HW4_Blake_Wishard/HW4_Blake_Wishard.srcs/sources_1/new/ISA.v:32]
---------------------------------------------------------------------------------
Starting Synthesize : Time (s): cpu = 00:00:03 ; elapsed = 00:00:03 . Memory (MB): peak = 577.684 ; gain = 247.078
---------------------------------------------------------------------------------
INFO: [Synth 8-6157] synthesizing module 'ISA' [C:/Users/nehmy/OneDrive/Desktop/415 Hws and Projects/HW4/HW4_Blake_Wishard/HW4_Blake_Wishard.srcs/sources_1/new/ISA.v:23]
ERROR: [Synth 8-439] module 'register_file' not found [C:/Users/nehmy/OneDrive/Desktop/415 Hws and Projects/HW4/HW4_Blake_Wishard/HW4_Blake_Wishard.srcs/sources_1/new/ISA.v:64]
ERROR: [Synth 8-6156] failed synthesizing module 'ISA' [C:/Users/nehmy/OneDrive/Desktop/415 Hws and Projects/HW4/HW4_Blake_Wishard/HW4_Blake_Wishard.srcs/sources_1/new/ISA.v:23]
---------------------------------------------------------------------------------
Finished Synthesize : Time (s): cpu = 00:00:04 ; elapsed = 00:00:04 . Memory (MB): peak = 624.742 ; gain = 294.137
---------------------------------------------------------------------------------
synthesize failed
INFO: [Common 17-83] Releasing license: Synthesis
5 Infos, 4 Warnings, 0 Critical Warnings and 3 Errors encountered.
synth_design failed
ERROR: [Common 17-69] Command failed: Vivado Synthesis failed
INFO: [Common 17-206] Exiting Vivado at Thu Apr  1 17:15:29 2021...
