#-----------------------------------------------------------
# Vivado v2019.2 (64-bit)
# SW Build 2708876 on Wed Nov  6 21:40:23 MST 2019
# IP Build 2700528 on Thu Nov  7 00:09:20 MST 2019
# Start of session at: Sun Apr 18 00:47:59 2021
# Process ID: 17768
# Current directory: C:/Users/nehmy/OneDrive/Desktop/415 Hws and Projects/HW5/HW5part3
# Command line: vivado.exe -gui_launcher_event rodinguilauncherevent18412 C:\Users\nehmy\OneDrive\Desktop\415 Hws and Projects\HW5\HW5part3\HW5part3.xpr
# Log file: C:/Users/nehmy/OneDrive/Desktop/415 Hws and Projects/HW5/HW5part3/vivado.log
# Journal file: C:/Users/nehmy/OneDrive/Desktop/415 Hws and Projects/HW5/HW5part3\vivado.jou
#-----------------------------------------------------------
start_gui
open_project {C:/Users/nehmy/OneDrive/Desktop/415 Hws and Projects/HW5/HW5part3/HW5part3.xpr}
INFO: [Project 1-313] Project file moved from 'C:/Users/nehmy/OneDrive/Desktop/415 Hws and Projects/HW5part3' since last save.
Scanning sources...
Finished scanning sources
INFO: [IP_Flow 19-234] Refreshing IP repositories
INFO: [IP_Flow 19-1704] No user IP repositories specified
INFO: [IP_Flow 19-2313] Loaded Vivado IP repository 'C:/Xilinx/Vivado/2019.2/data/ip'.
file mkdir C:/Users/nehmy/OneDrive/Desktop/415 Hws and Projects/HW5/HW5part3/HW5part3.srcs/sources_1/new
file mkdir C:/Users/nehmy/OneDrive/Desktop/415 Hws and Projects/HW5/HW5part3/HW5part3.srcs/sources_1/new
file mkdir C:/Users/nehmy/OneDrive/Desktop/415 Hws and Projects/HW5/HW5part3/HW5part3.srcs/sources_1/new
file mkdir C:/Users/nehmy/OneDrive/Desktop/415 Hws and Projects/HW5/HW5part3/HW5part3.srcs/sources_1/new
file mkdir C:/Users/nehmy/OneDrive/Desktop/415 Hws and Projects/HW5/HW5part3/HW5part3.srcs/sources_1/new
file mkdir C:/Users/nehmy/OneDrive/Desktop/415 Hws and Projects/HW5/HW5part3/HW5part3.srcs/sources_1/new
file mkdir {C:/Users/nehmy/OneDrive/Desktop/415 Hws and Projects/HW5/HW5part3/HW5part3.srcs/sources_1/new}
close [ open {C:/Users/nehmy/OneDrive/Desktop/415 Hws and Projects/HW5/HW5part3/HW5part3.srcs/sources_1/new/part3.v} w ]
add_files {{C:/Users/nehmy/OneDrive/Desktop/415 Hws and Projects/HW5/HW5part3/HW5part3.srcs/sources_1/new/part3.v}}
update_compile_order -fileset sources_1
file mkdir C:/Users/nehmy/OneDrive/Desktop/415 Hws and Projects/HW5/HW5part3/HW5part3.srcs/constrs_1
file mkdir C:/Users/nehmy/OneDrive/Desktop/415 Hws and Projects/HW5/HW5part3/HW5part3.srcs/constrs_1
file mkdir C:/Users/nehmy/OneDrive/Desktop/415 Hws and Projects/HW5/HW5part3/HW5part3.srcs/constrs_1/new
file mkdir C:/Users/nehmy/OneDrive/Desktop/415 Hws and Projects/HW5/HW5part3/HW5part3.srcs/constrs_1/new
file mkdir C:/Users/nehmy/OneDrive/Desktop/415 Hws and Projects/HW5/HW5part3/HW5part3.srcs/constrs_1/new
file mkdir C:/Users/nehmy/OneDrive/Desktop/415 Hws and Projects/HW5/HW5part3/HW5part3.srcs/constrs_1/new
file mkdir C:/Users/nehmy/OneDrive/Desktop/415 Hws and Projects/HW5/HW5part3/HW5part3.srcs/constrs_1/new
file mkdir C:/Users/nehmy/OneDrive/Desktop/415 Hws and Projects/HW5/HW5part3/HW5part3.srcs/constrs_1/new
file mkdir C:/Users/nehmy/OneDrive/Desktop/415 Hws and Projects/HW5/HW5part3/HW5part3.srcs/constrs_1
file mkdir {C:/Users/nehmy/OneDrive/Desktop/415 Hws and Projects/HW5/HW5part3/HW5part3.srcs/constrs_1/new}
close [ open {C:/Users/nehmy/OneDrive/Desktop/415 Hws and Projects/HW5/HW5part3/HW5part3.srcs/constrs_1/new/timing.xdc} w ]
add_files -fileset constrs_1 {{C:/Users/nehmy/OneDrive/Desktop/415 Hws and Projects/HW5/HW5part3/HW5part3.srcs/constrs_1/new/timing.xdc}}
file mkdir C:/Users/nehmy/OneDrive/Desktop/415 Hws and Projects/HW5/HW5part3/HW5part3.srcs/sim_1/new
file mkdir C:/Users/nehmy/OneDrive/Desktop/415 Hws and Projects/HW5/HW5part3/HW5part3.srcs/sim_1/new
file mkdir C:/Users/nehmy/OneDrive/Desktop/415 Hws and Projects/HW5/HW5part3/HW5part3.srcs/sim_1/new
file mkdir C:/Users/nehmy/OneDrive/Desktop/415 Hws and Projects/HW5/HW5part3/HW5part3.srcs/sim_1/new
file mkdir C:/Users/nehmy/OneDrive/Desktop/415 Hws and Projects/HW5/HW5part3/HW5part3.srcs/sim_1/new
set_property SOURCE_SET sources_1 [get_filesets sim_1]
file mkdir C:/Users/nehmy/OneDrive/Desktop/415 Hws and Projects/HW5/HW5part3/HW5part3.srcs/sim_1/new
file mkdir {C:/Users/nehmy/OneDrive/Desktop/415 Hws and Projects/HW5/HW5part3/HW5part3.srcs/sim_1/new}
close [ open {C:/Users/nehmy/OneDrive/Desktop/415 Hws and Projects/HW5/HW5part3/HW5part3.srcs/sim_1/new/tb_part3.v} w ]
add_files -fileset sim_1 {{C:/Users/nehmy/OneDrive/Desktop/415 Hws and Projects/HW5/HW5part3/HW5part3.srcs/sim_1/new/tb_part3.v}}
update_compile_order -fileset sim_1
exit
INFO: [Common 17-206] Exiting Vivado at Sun Apr 18 00:58:29 2021...
