INFO: [VRFC 10-2263] Analyzing Verilog file "C:/Users/nehmy/OneDrive/Desktop/415 Hws and Projects/HW4Phase1 - 1/HW4Phase1/HW4/HW4.sim/sim_1/impl/timing/xsim/tb_ISA_decode_time_impl.v" into library xil_defaultlib
INFO: [VRFC 10-311] analyzing module ALU
INFO: [VRFC 10-311] analyzing module ALU_and16_0_0
INFO: [VRFC 10-311] analyzing module ALU_and16_0_0_and16
INFO: [VRFC 10-311] analyzing module ALU_c_addsub_0_0
INFO: [VRFC 10-311] analyzing module ALU_c_addsub_1_0
INFO: [VRFC 10-311] analyzing module ALU_div_gen_0_2
INFO: [VRFC 10-311] analyzing module ALU_mod16_0_0
INFO: [VRFC 10-311] analyzing module ALU_mod16_0_0_mod16
INFO: [VRFC 10-311] analyzing module ALU_mult_gen_0_0
INFO: [VRFC 10-311] analyzing module ALU_or16_0_0
INFO: [VRFC 10-311] analyzing module ALU_or16_0_0_or16
INFO: [VRFC 10-311] analyzing module ALU_xor16_0_0
INFO: [VRFC 10-311] analyzing module ALU_xor16_0_0_xor16
INFO: [VRFC 10-311] analyzing module Debounce_cb
INFO: [VRFC 10-311] analyzing module Filter
INFO: [VRFC 10-311] analyzing module ISA_decode
INFO: [VRFC 10-311] analyzing module MUX
INFO: [VRFC 10-311] analyzing module SSD
INFO: [VRFC 10-311] analyzing module clk_divider
INFO: [VRFC 10-311] analyzing module refresh_clk
INFO: [VRFC 10-311] analyzing module register_file
INFO: [VRFC 10-311] analyzing module ALU_c_addsub_0_0_c_addsub_v12_0_14
INFO: [VRFC 10-311] analyzing module ALU_c_addsub_1_0_c_addsub_v12_0_14
INFO: [VRFC 10-311] analyzing module ALU_div_gen_0_2_div_gen_v5_1_16
INFO: [VRFC 10-311] analyzing module ALU_mult_gen_0_0_mult_gen_v12_0_16
INFO: [VRFC 10-311] analyzing module ALU_c_addsub_0_0_c_addsub_v12_0_14_fabric_legacy
INFO: [VRFC 10-311] analyzing module ALU_c_addsub_0_0_c_addsub_v12_0_14_legacy
INFO: [VRFC 10-311] analyzing module ALU_c_addsub_0_0_c_addsub_v12_0_14_lut6_legacy
INFO: [VRFC 10-311] analyzing module ALU_c_addsub_0_0_c_addsub_v12_0_14_viv
INFO: [VRFC 10-311] analyzing module ALU_c_addsub_0_0_c_reg_fd_v12_0_6_viv
INFO: [VRFC 10-311] analyzing module ALU_c_addsub_1_0_c_addsub_v12_0_14_fabric_legacy
INFO: [VRFC 10-311] analyzing module ALU_c_addsub_1_0_c_addsub_v12_0_14_legacy
INFO: [VRFC 10-311] analyzing module ALU_c_addsub_1_0_c_addsub_v12_0_14_lut6_legacy
INFO: [VRFC 10-311] analyzing module ALU_c_addsub_1_0_c_addsub_v12_0_14_viv
INFO: [VRFC 10-311] analyzing module ALU_c_addsub_1_0_c_reg_fd_v12_0_6_viv
INFO: [VRFC 10-311] analyzing module ALU_div_gen_0_2_addsubreg_v
INFO: [VRFC 10-311] analyzing module ALU_div_gen_0_2_addsubreg_v_10
INFO: [VRFC 10-311] analyzing module ALU_div_gen_0_2_addsubreg_v_12
INFO: [VRFC 10-311] analyzing module ALU_div_gen_0_2_addsubreg_v_15
INFO: [VRFC 10-311] analyzing module ALU_div_gen_0_2_addsubreg_v_17
INFO: [VRFC 10-311] analyzing module ALU_div_gen_0_2_addsubreg_v_19
INFO: [VRFC 10-311] analyzing module ALU_div_gen_0_2_addsubreg_v_2
INFO: [VRFC 10-311] analyzing module ALU_div_gen_0_2_addsubreg_v_21
INFO: [VRFC 10-311] analyzing module ALU_div_gen_0_2_addsubreg_v_23
INFO: [VRFC 10-311] analyzing module ALU_div_gen_0_2_addsubreg_v_25
INFO: [VRFC 10-311] analyzing module ALU_div_gen_0_2_addsubreg_v_27
INFO: [VRFC 10-311] analyzing module ALU_div_gen_0_2_addsubreg_v_29
INFO: [VRFC 10-311] analyzing module ALU_div_gen_0_2_addsubreg_v_31
INFO: [VRFC 10-311] analyzing module ALU_div_gen_0_2_addsubreg_v_4
INFO: [VRFC 10-311] analyzing module ALU_div_gen_0_2_addsubreg_v_6
INFO: [VRFC 10-311] analyzing module ALU_div_gen_0_2_addsubreg_v_8
INFO: [VRFC 10-311] analyzing module ALU_div_gen_0_2_addsubreg_v__parameterized0
INFO: [VRFC 10-311] analyzing module ALU_div_gen_0_2_bip_sdivider_synth
INFO: [VRFC 10-311] analyzing module ALU_div_gen_0_2_c_addsub_lut6
INFO: [VRFC 10-311] analyzing module ALU_div_gen_0_2_c_addsub_lut6_100
INFO: [VRFC 10-311] analyzing module ALU_div_gen_0_2_c_addsub_lut6_105
INFO: [VRFC 10-311] analyzing module ALU_div_gen_0_2_c_addsub_lut6_110
INFO: [VRFC 10-311] analyzing module ALU_div_gen_0_2_c_addsub_lut6_40
INFO: [VRFC 10-311] analyzing module ALU_div_gen_0_2_c_addsub_lut6_45
INFO: [VRFC 10-311] analyzing module ALU_div_gen_0_2_c_addsub_lut6_50
INFO: [VRFC 10-311] analyzing module ALU_div_gen_0_2_c_addsub_lut6_55
INFO: [VRFC 10-311] analyzing module ALU_div_gen_0_2_c_addsub_lut6_60
INFO: [VRFC 10-311] analyzing module ALU_div_gen_0_2_c_addsub_lut6_65
INFO: [VRFC 10-311] analyzing module ALU_div_gen_0_2_c_addsub_lut6_70
INFO: [VRFC 10-311] analyzing module ALU_div_gen_0_2_c_addsub_lut6_75
INFO: [VRFC 10-311] analyzing module ALU_div_gen_0_2_c_addsub_lut6_80
INFO: [VRFC 10-311] analyzing module ALU_div_gen_0_2_c_addsub_lut6_85
INFO: [VRFC 10-311] analyzing module ALU_div_gen_0_2_c_addsub_lut6_90
INFO: [VRFC 10-311] analyzing module ALU_div_gen_0_2_c_addsub_lut6_95
INFO: [VRFC 10-311] analyzing module ALU_div_gen_0_2_c_addsub_lut6__parameterized1
INFO: [VRFC 10-311] analyzing module ALU_div_gen_0_2_c_addsub_viv
INFO: [VRFC 10-311] analyzing module ALU_div_gen_0_2_c_addsub_viv_104
INFO: [VRFC 10-311] analyzing module ALU_div_gen_0_2_c_addsub_viv_109
INFO: [VRFC 10-311] analyzing module ALU_div_gen_0_2_c_addsub_viv_39
INFO: [VRFC 10-311] analyzing module ALU_div_gen_0_2_c_addsub_viv_44
INFO: [VRFC 10-311] analyzing module ALU_div_gen_0_2_c_addsub_viv_49
INFO: [VRFC 10-311] analyzing module ALU_div_gen_0_2_c_addsub_viv_54
INFO: [VRFC 10-311] analyzing module ALU_div_gen_0_2_c_addsub_viv_59
INFO: [VRFC 10-311] analyzing module ALU_div_gen_0_2_c_addsub_viv_64
INFO: [VRFC 10-311] analyzing module ALU_div_gen_0_2_c_addsub_viv_69
INFO: [VRFC 10-311] analyzing module ALU_div_gen_0_2_c_addsub_viv_74
INFO: [VRFC 10-311] analyzing module ALU_div_gen_0_2_c_addsub_viv_79
INFO: [VRFC 10-311] analyzing module ALU_div_gen_0_2_c_addsub_viv_84
INFO: [VRFC 10-311] analyzing module ALU_div_gen_0_2_c_addsub_viv_89
INFO: [VRFC 10-311] analyzing module ALU_div_gen_0_2_c_addsub_viv_94
INFO: [VRFC 10-311] analyzing module ALU_div_gen_0_2_c_addsub_viv_99
INFO: [VRFC 10-311] analyzing module ALU_div_gen_0_2_c_addsub_viv__parameterized0
INFO: [VRFC 10-311] analyzing module ALU_div_gen_0_2_c_twos_comp_viv
INFO: [VRFC 10-311] analyzing module ALU_div_gen_0_2_c_twos_comp_viv__parameterized0
INFO: [VRFC 10-311] analyzing module ALU_div_gen_0_2_c_twos_comp_viv__parameterized1
INFO: [VRFC 10-311] analyzing module ALU_div_gen_0_2_cmp2s_v
INFO: [VRFC 10-311] analyzing module ALU_div_gen_0_2_cmp2s_v__parameterized0
INFO: [VRFC 10-311] analyzing module ALU_div_gen_0_2_cmp2s_v__parameterized1_0
INFO: [VRFC 10-311] analyzing module ALU_div_gen_0_2_div_gen_synth
INFO: [VRFC 10-311] analyzing module ALU_div_gen_0_2_div_gen_v5_1_16_viv
INFO: [VRFC 10-311] analyzing module ALU_div_gen_0_2_dividervdc_v
INFO: [VRFC 10-311] analyzing module ALU_div_gen_0_2_xbip_pipe_v3_0_6_viv__parameterized1
INFO: [VRFC 10-311] analyzing module ALU_div_gen_0_2_xbip_pipe_v3_0_6_viv__parameterized11
INFO: [VRFC 10-311] analyzing module ALU_div_gen_0_2_xbip_pipe_v3_0_6_viv__parameterized15
INFO: [VRFC 10-311] analyzing module ALU_div_gen_0_2_xbip_pipe_v3_0_6_viv__parameterized19
INFO: [VRFC 10-311] analyzing module ALU_div_gen_0_2_xbip_pipe_v3_0_6_viv__parameterized23
INFO: [VRFC 10-311] analyzing module ALU_div_gen_0_2_xbip_pipe_v3_0_6_viv__parameterized27
INFO: [VRFC 10-311] analyzing module ALU_div_gen_0_2_xbip_pipe_v3_0_6_viv__parameterized3
INFO: [VRFC 10-311] analyzing module ALU_div_gen_0_2_xbip_pipe_v3_0_6_viv__parameterized31
INFO: [VRFC 10-311] analyzing module ALU_div_gen_0_2_xbip_pipe_v3_0_6_viv__parameterized35
INFO: [VRFC 10-311] analyzing module ALU_div_gen_0_2_xbip_pipe_v3_0_6_viv__parameterized39
INFO: [VRFC 10-311] analyzing module ALU_div_gen_0_2_xbip_pipe_v3_0_6_viv__parameterized43
INFO: [VRFC 10-311] analyzing module ALU_div_gen_0_2_xbip_pipe_v3_0_6_viv__parameterized47
INFO: [VRFC 10-311] analyzing module ALU_div_gen_0_2_xbip_pipe_v3_0_6_viv__parameterized5
INFO: [VRFC 10-311] analyzing module ALU_div_gen_0_2_xbip_pipe_v3_0_6_viv__parameterized51
INFO: [VRFC 10-311] analyzing module ALU_div_gen_0_2_xbip_pipe_v3_0_6_viv__parameterized55
INFO: [VRFC 10-311] analyzing module ALU_div_gen_0_2_xbip_pipe_v3_0_6_viv__parameterized59
INFO: [VRFC 10-311] analyzing module ALU_div_gen_0_2_xbip_pipe_v3_0_6_viv__parameterized5_11
INFO: [VRFC 10-311] analyzing module ALU_div_gen_0_2_xbip_pipe_v3_0_6_viv__parameterized5_13
INFO: [VRFC 10-311] analyzing module ALU_div_gen_0_2_xbip_pipe_v3_0_6_viv__parameterized5_16
INFO: [VRFC 10-311] analyzing module ALU_div_gen_0_2_xbip_pipe_v3_0_6_viv__parameterized5_18
INFO: [VRFC 10-311] analyzing module ALU_div_gen_0_2_xbip_pipe_v3_0_6_viv__parameterized5_20
INFO: [VRFC 10-311] analyzing module ALU_div_gen_0_2_xbip_pipe_v3_0_6_viv__parameterized5_22
INFO: [VRFC 10-311] analyzing module ALU_div_gen_0_2_xbip_pipe_v3_0_6_viv__parameterized5_24
INFO: [VRFC 10-311] analyzing module ALU_div_gen_0_2_xbip_pipe_v3_0_6_viv__parameterized5_26
INFO: [VRFC 10-311] analyzing module ALU_div_gen_0_2_xbip_pipe_v3_0_6_viv__parameterized5_28
INFO: [VRFC 10-311] analyzing module ALU_div_gen_0_2_xbip_pipe_v3_0_6_viv__parameterized5_3
INFO: [VRFC 10-311] analyzing module ALU_div_gen_0_2_xbip_pipe_v3_0_6_viv__parameterized5_30
INFO: [VRFC 10-311] analyzing module ALU_div_gen_0_2_xbip_pipe_v3_0_6_viv__parameterized5_32
INFO: [VRFC 10-311] analyzing module ALU_div_gen_0_2_xbip_pipe_v3_0_6_viv__parameterized5_33
INFO: [VRFC 10-311] analyzing module ALU_div_gen_0_2_xbip_pipe_v3_0_6_viv__parameterized5_5
INFO: [VRFC 10-311] analyzing module ALU_div_gen_0_2_xbip_pipe_v3_0_6_viv__parameterized5_7
INFO: [VRFC 10-311] analyzing module ALU_div_gen_0_2_xbip_pipe_v3_0_6_viv__parameterized5_9
INFO: [VRFC 10-311] analyzing module ALU_div_gen_0_2_xbip_pipe_v3_0_6_viv__parameterized63
INFO: [VRFC 10-311] analyzing module ALU_div_gen_0_2_xbip_pipe_v3_0_6_viv__parameterized70
INFO: [VRFC 10-311] analyzing module ALU_div_gen_0_2_xbip_pipe_v3_0_6_viv__parameterized7_14
INFO: [VRFC 10-311] analyzing module ALU_div_gen_0_2_xbip_pipe_v3_0_6_viv__parameterized9
INFO: [VRFC 10-311] analyzing module ALU_div_gen_0_2_xbip_pipe_v3_0_6_viv__parameterized9_102
INFO: [VRFC 10-311] analyzing module ALU_div_gen_0_2_xbip_pipe_v3_0_6_viv__parameterized9_107
INFO: [VRFC 10-311] analyzing module ALU_div_gen_0_2_xbip_pipe_v3_0_6_viv__parameterized9_112
INFO: [VRFC 10-311] analyzing module ALU_div_gen_0_2_xbip_pipe_v3_0_6_viv__parameterized9_42
INFO: [VRFC 10-311] analyzing module ALU_div_gen_0_2_xbip_pipe_v3_0_6_viv__parameterized9_47
INFO: [VRFC 10-311] analyzing module ALU_div_gen_0_2_xbip_pipe_v3_0_6_viv__parameterized9_52
INFO: [VRFC 10-311] analyzing module ALU_div_gen_0_2_xbip_pipe_v3_0_6_viv__parameterized9_57
INFO: [VRFC 10-311] analyzing module ALU_div_gen_0_2_xbip_pipe_v3_0_6_viv__parameterized9_62
INFO: [VRFC 10-311] analyzing module ALU_div_gen_0_2_xbip_pipe_v3_0_6_viv__parameterized9_67
INFO: [VRFC 10-311] analyzing module ALU_div_gen_0_2_xbip_pipe_v3_0_6_viv__parameterized9_72
INFO: [VRFC 10-311] analyzing module ALU_div_gen_0_2_xbip_pipe_v3_0_6_viv__parameterized9_77
INFO: [VRFC 10-311] analyzing module ALU_div_gen_0_2_xbip_pipe_v3_0_6_viv__parameterized9_82
INFO: [VRFC 10-311] analyzing module ALU_div_gen_0_2_xbip_pipe_v3_0_6_viv__parameterized9_87
INFO: [VRFC 10-311] analyzing module ALU_div_gen_0_2_xbip_pipe_v3_0_6_viv__parameterized9_92
INFO: [VRFC 10-311] analyzing module ALU_div_gen_0_2_xbip_pipe_v3_0_6_viv__parameterized9_97
INFO: [VRFC 10-311] analyzing module ALU_mult_gen_0_0_luts
INFO: [VRFC 10-311] analyzing module ALU_mult_gen_0_0_mult_gen_v12_0_16_viv
INFO: [VRFC 10-311] analyzing module glbl
INFO: [VRFC 10-2263] Analyzing Verilog file "C:/Users/nehmy/OneDrive/Desktop/415 Hws and Projects/HW4Phase1 - 1/HW4Phase1/HW4/HW4.srcs/sim_1/new/tb_ISA_decode.v" into library xil_defaultlib
INFO: [VRFC 10-311] analyzing module tb_ISA_decode
