#-----------------------------------------------------------
# Vivado v2019.2 (64-bit)
# SW Build 2708876 on Wed Nov  6 21:40:23 MST 2019
# IP Build 2700528 on Thu Nov  7 00:09:20 MST 2019
# Start of session at: Sat Mar 20 13:37:39 2021
# Process ID: 168
# Current directory: C:/Users/nehmy/OneDrive/Desktop/415 Hws and Projects/HW1
# Command line: vivado.exe -gui_launcher_event rodinguilauncherevent15652 C:\Users\nehmy\OneDrive\Desktop\415 Hws and Projects\HW1\HW1.xpr
# Log file: C:/Users/nehmy/OneDrive/Desktop/415 Hws and Projects/HW1/vivado.log
# Journal file: C:/Users/nehmy/OneDrive/Desktop/415 Hws and Projects/HW1\vivado.jou
#-----------------------------------------------------------
start_gui
open_project {C:/Users/nehmy/OneDrive/Desktop/415 Hws and Projects/HW1/HW1.xpr}
Scanning sources...
Finished scanning sources
INFO: [IP_Flow 19-234] Refreshing IP repositories
INFO: [IP_Flow 19-1704] No user IP repositories specified
INFO: [IP_Flow 19-2313] Loaded Vivado IP repository 'C:/Xilinx/Vivado/2019.2/data/ip'.
update_compile_order -fileset sources_1
exit
INFO: [Common 17-206] Exiting Vivado at Sat Mar 20 13:38:40 2021...
_compile_order -fileset sources_1
import_files -fileset constrs_1 C:/Users/nehmy/Downloads/timing.xdc
exit
INFO: [Common 17-206] Exiting Vivado at Sat Mar 20 13:38:36 2021...
