Vivado Simulator 2019.2
Copyright 1986-1999, 2001-2019 Xilinx, Inc. All Rights Reserved.
Running: C:/Xilinx/Vivado/2019.2/bin/unwrapped/win64.o/xelab.exe -wto 262eeb1de83c49b4b8cdba8c58c72745 --incr --debug typical --relax --mt 2 -L xil_defaultlib -L xbip_utils_v3_0_10 -L c_reg_fd_v12_0_6 -L xbip_dsp48_wrapper_v3_0_4 -L xbip_pipe_v3_0_6 -L xbip_dsp48_addsub_v3_0_6 -L xbip_addsub_v3_0_6 -L c_addsub_v12_0_14 -L xbip_bram18k_v3_0_6 -L mult_gen_v12_0_16 -L axi_utils_v2_0_6 -L floating_point_v7_0_17 -L xbip_dsp48_mult_v3_0_6 -L xbip_dsp48_multadd_v3_0_6 -L div_gen_v5_1_16 -L unisims_ver -L unimacro_ver -L secureip -L xpm --snapshot tb_ISA_decode_behav xil_defaultlib.tb_ISA_decode xil_defaultlib.glbl -log elaborate.log 
Using 2 slave threads.
Starting static elaboration
Pass Through NonSizing Optimizer
WARNING: [VRFC 10-3091] actual bit length 1 differs from formal bit length 16 for port 'user' [C:/Users/nehmy/OneDrive/Desktop/415 Hws and Projects/HW4Phase1 - 1/HW4Phase1/HW4/HW4.srcs/sources_1/new/register_file.v:42]
WARNING: [VRFC 10-3091] actual bit length 32 differs from formal bit length 16 for port 'A' [C:/Users/nehmy/OneDrive/Desktop/415 Hws and Projects/HW4Phase1 - 1/HW4Phase1/HW4/HW4.srcs/sources_1/new/MUX.v:49]
WARNING: [VRFC 10-3091] actual bit length 32 differs from formal bit length 16 for port 'B' [C:/Users/nehmy/OneDrive/Desktop/415 Hws and Projects/HW4Phase1 - 1/HW4Phase1/HW4/HW4.srcs/sources_1/new/MUX.v:52]
WARNING: [VRFC 10-3091] actual bit length 16 differs from formal bit length 32 for port 'P' [C:/Users/nehmy/OneDrive/Desktop/415 Hws and Projects/HW4Phase1 - 1/HW4Phase1/HW4/HW4.srcs/sources_1/new/MUX.v:57]
Completed static elaboration
Starting simulation data flow analysis
Completed simulation data flow analysis
Time Resolution for simulation is 1ps
Compiling package std.standard
Compiling package std.textio
Compiling package ieee.std_logic_1164
Compiling package ieee.numeric_std
Compiling package c_addsub_v12_0_14.c_addsub_v12_0_14_viv_comp
Compiling package xbip_utils_v3_0_10.xbip_utils_v3_0_10_pkg
Compiling package xbip_pipe_v3_0_6.xbip_pipe_v3_0_6_viv_comp
Compiling package xbip_addsub_v3_0_6.xbip_addsub_v3_0_6_viv_comp
Compiling package c_addsub_v12_0_14.c_addsub_v12_0_14_pkg
Compiling package c_addsub_v12_0_14.c_addsub_v12_0_14_pkg_legacy
Compiling package c_reg_fd_v12_0_6.c_reg_fd_v12_0_6_viv_comp
Compiling package unisim.vcomponents
Compiling package div_gen_v5_1_16.div_gen_v5_1_16_viv_comp
Compiling package axi_utils_v2_0_6.axi_utils_v2_0_6_pkg
Compiling package ieee.math_real
Compiling package axi_utils_v2_0_6.global_util_pkg
Compiling package axi_utils_v2_0_6.axi_utils_comps
Compiling package ieee.std_logic_arith
Compiling package ieee.std_logic_unsigned
Compiling package xbip_bram18k_v3_0_6.xbip_bram18k_v3_0_6_pkg
Compiling package div_gen_v5_1_16.div_gen_pkg
Compiling package ieee.std_logic_signed
Compiling package div_gen_v5_1_16.pkg_addsub
Compiling package mult_gen_v12_0_16.mult_gen_v12_0_16_viv_comp
Compiling package mult_gen_v12_0_16.mult_gen_v12_0_16_pkg
Compiling package ieee.vital_timing
Compiling package ieee.vital_primitives
Compiling package unisim.vpkg
Compiling module xil_defaultlib.and16
Compiling module xil_defaultlib.ALU_and16_0_0
Compiling architecture structural of entity c_reg_fd_v12_0_6.c_reg_fd_v12_0_6_viv [\c_reg_fd_v12_0_6_viv(c_width=16...]
Compiling architecture muxcy_v of entity unisim.MUXCY [muxcy_default]
Compiling architecture xorcy_v of entity unisim.XORCY [xorcy_default]
Compiling architecture rtl of entity c_addsub_v12_0_14.c_addsub_v12_0_14_lut6_legacy [\c_addsub_v12_0_14_lut6_legacy(c...]
Compiling architecture synth of entity c_addsub_v12_0_14.c_addsub_v12_0_14_fabric_legacy [\c_addsub_v12_0_14_fabric_legacy...]
Compiling architecture synth of entity c_addsub_v12_0_14.c_addsub_v12_0_14_legacy [\c_addsub_v12_0_14_legacy(c_fami...]
Compiling architecture synth of entity c_addsub_v12_0_14.c_addsub_v12_0_14_viv [\c_addsub_v12_0_14_viv(c_xdevice...]
Compiling architecture xilinx of entity c_addsub_v12_0_14.c_addsub_v12_0_14 [\c_addsub_v12_0_14(c_xdevicefami...]
Compiling architecture alu_c_addsub_0_0_arch of entity xil_defaultlib.ALU_c_addsub_0_0 [alu_c_addsub_0_0_default]
Compiling architecture rtl of entity c_addsub_v12_0_14.c_addsub_v12_0_14_lut6_legacy [\c_addsub_v12_0_14_lut6_legacy(c...]
Compiling architecture synth of entity c_addsub_v12_0_14.c_addsub_v12_0_14_fabric_legacy [\c_addsub_v12_0_14_fabric_legacy...]
Compiling architecture synth of entity c_addsub_v12_0_14.c_addsub_v12_0_14_legacy [\c_addsub_v12_0_14_legacy(c_fami...]
Compiling architecture synth of entity c_addsub_v12_0_14.c_addsub_v12_0_14_viv [\c_addsub_v12_0_14_viv(c_xdevice...]
Compiling architecture xilinx of entity c_addsub_v12_0_14.c_addsub_v12_0_14 [\c_addsub_v12_0_14(c_xdevicefami...]
Compiling architecture alu_c_addsub_1_0_arch of entity xil_defaultlib.ALU_c_addsub_1_0 [alu_c_addsub_1_0_default]
Compiling architecture synth of entity div_gen_v5_1_16.c_twos_comp_viv [\c_twos_comp_viv(c_width=16,c_ai...]
Compiling architecture virtex of entity div_gen_v5_1_16.cmp2s_v [\cmp2s_v(c_bus_width=16,c_regist...]
Compiling architecture synth of entity div_gen_v5_1_16.c_twos_comp_viv [\c_twos_comp_viv(c_width=16,c_ai...]
Compiling architecture virtex of entity div_gen_v5_1_16.cmp2s_v [\cmp2s_v(c_bus_width=16,c_ainit_...]
Compiling architecture synth of entity xbip_pipe_v3_0_6.xbip_pipe_v3_0_6_viv [\xbip_pipe_v3_0_6_viv(c_latency=...]
Compiling architecture synth of entity xbip_pipe_v3_0_6.xbip_pipe_v3_0_6_viv [\xbip_pipe_v3_0_6_viv(c_latency=...]
Compiling architecture synth of entity xbip_pipe_v3_0_6.xbip_pipe_v3_0_6_viv [\xbip_pipe_v3_0_6_viv(c_latency=...]
Compiling architecture synth of entity xbip_pipe_v3_0_6.xbip_pipe_v3_0_6_viv [\xbip_pipe_v3_0_6_viv(c_latency=...]
Compiling architecture synth of entity xbip_pipe_v3_0_6.xbip_pipe_v3_0_6_viv [\xbip_pipe_v3_0_6_viv(c_latency=...]
Compiling architecture rtl of entity div_gen_v5_1_16.c_addsub_lut6 [\c_addsub_lut6(c_width=17,c_add_...]
Compiling architecture synth of entity div_gen_v5_1_16.c_addsub_viv [\c_addsub_viv(c_a_width=17,c_b_w...]
Compiling architecture virtex of entity div_gen_v5_1_16.addsubreg_v [\addsubreg_v(c_bus_width=17,c_ai...]
Compiling architecture synth of entity xbip_pipe_v3_0_6.xbip_pipe_v3_0_6_viv [\xbip_pipe_v3_0_6_viv(c_latency=...]
Compiling architecture synth of entity xbip_pipe_v3_0_6.xbip_pipe_v3_0_6_viv [\xbip_pipe_v3_0_6_viv(c_latency=...]
Compiling architecture synth of entity xbip_pipe_v3_0_6.xbip_pipe_v3_0_6_viv [\xbip_pipe_v3_0_6_viv(c_latency=...]
Compiling architecture synth of entity xbip_pipe_v3_0_6.xbip_pipe_v3_0_6_viv [\xbip_pipe_v3_0_6_viv(c_latency=...]
Compiling architecture synth of entity xbip_pipe_v3_0_6.xbip_pipe_v3_0_6_viv [\xbip_pipe_v3_0_6_viv(c_latency=...]
Compiling architecture synth of entity xbip_pipe_v3_0_6.xbip_pipe_v3_0_6_viv [\xbip_pipe_v3_0_6_viv(c_latency=...]
Compiling architecture synth of entity xbip_pipe_v3_0_6.xbip_pipe_v3_0_6_viv [\xbip_pipe_v3_0_6_viv(c_latency=...]
Compiling architecture synth of entity xbip_pipe_v3_0_6.xbip_pipe_v3_0_6_viv [\xbip_pipe_v3_0_6_viv(c_latency=...]
Compiling architecture synth of entity xbip_pipe_v3_0_6.xbip_pipe_v3_0_6_viv [\xbip_pipe_v3_0_6_viv(c_latency=...]
Compiling architecture synth of entity xbip_pipe_v3_0_6.xbip_pipe_v3_0_6_viv [\xbip_pipe_v3_0_6_viv(c_latency=...]
Compiling architecture synth of entity xbip_pipe_v3_0_6.xbip_pipe_v3_0_6_viv [\xbip_pipe_v3_0_6_viv(c_latency=...]
Compiling architecture synth of entity xbip_pipe_v3_0_6.xbip_pipe_v3_0_6_viv [\xbip_pipe_v3_0_6_viv(c_latency=...]
Compiling architecture synth of entity xbip_pipe_v3_0_6.xbip_pipe_v3_0_6_viv [\xbip_pipe_v3_0_6_viv(c_latency=...]
Compiling architecture synth of entity xbip_pipe_v3_0_6.xbip_pipe_v3_0_6_viv [\xbip_pipe_v3_0_6_viv(c_latency=...]
Compiling architecture synth of entity xbip_pipe_v3_0_6.xbip_pipe_v3_0_6_viv [\xbip_pipe_v3_0_6_viv(c_latency=...]
Compiling architecture synth of entity xbip_pipe_v3_0_6.xbip_pipe_v3_0_6_viv [\xbip_pipe_v3_0_6_viv(c_latency=...]
Compiling architecture synth of entity xbip_pipe_v3_0_6.xbip_pipe_v3_0_6_viv [\xbip_pipe_v3_0_6_viv(c_latency=...]
Compiling architecture synth of entity xbip_pipe_v3_0_6.xbip_pipe_v3_0_6_viv [\xbip_pipe_v3_0_6_viv(c_latency=...]
Compiling architecture synth of entity xbip_pipe_v3_0_6.xbip_pipe_v3_0_6_viv [\xbip_pipe_v3_0_6_viv(c_latency=...]
Compiling architecture synth of entity xbip_pipe_v3_0_6.xbip_pipe_v3_0_6_viv [\xbip_pipe_v3_0_6_viv(c_latency=...]
Compiling architecture synth of entity xbip_pipe_v3_0_6.xbip_pipe_v3_0_6_viv [\xbip_pipe_v3_0_6_viv(c_latency=...]
Compiling architecture synth of entity xbip_pipe_v3_0_6.xbip_pipe_v3_0_6_viv [\xbip_pipe_v3_0_6_viv(c_latency=...]
Compiling architecture synth of entity xbip_pipe_v3_0_6.xbip_pipe_v3_0_6_viv [\xbip_pipe_v3_0_6_viv(c_latency=...]
Compiling architecture synth of entity xbip_pipe_v3_0_6.xbip_pipe_v3_0_6_viv [\xbip_pipe_v3_0_6_viv(c_latency=...]
Compiling architecture synth of entity xbip_pipe_v3_0_6.xbip_pipe_v3_0_6_viv [\xbip_pipe_v3_0_6_viv(c_latency=...]
Compiling architecture synth of entity xbip_pipe_v3_0_6.xbip_pipe_v3_0_6_viv [\xbip_pipe_v3_0_6_viv(c_latency=...]
Compiling architecture synth of entity xbip_pipe_v3_0_6.xbip_pipe_v3_0_6_viv [\xbip_pipe_v3_0_6_viv(c_latency=...]
Compiling architecture synth of entity xbip_pipe_v3_0_6.xbip_pipe_v3_0_6_viv [\xbip_pipe_v3_0_6_viv(c_latency=...]
Compiling architecture synth of entity xbip_pipe_v3_0_6.xbip_pipe_v3_0_6_viv [\xbip_pipe_v3_0_6_viv(c_latency=...]
Compiling architecture synth of entity xbip_pipe_v3_0_6.xbip_pipe_v3_0_6_viv [\xbip_pipe_v3_0_6_viv(c_latency=...]
Compiling architecture rtl of entity div_gen_v5_1_16.c_addsub_lut6 [\c_addsub_lut6(c_width=17,c_add_...]
Compiling architecture synth of entity div_gen_v5_1_16.c_addsub_viv [\c_addsub_viv(c_a_width=17,c_b_w...]
Compiling architecture virtex of entity div_gen_v5_1_16.addsubreg_v [\addsubreg_v(c_bus_width=17,c_ha...]
Compiling architecture virtex of entity div_gen_v5_1_16.dividervdc_v [\dividervdc_v(bus_num=16,bus_div...]
Compiling architecture synth of entity div_gen_v5_1_16.c_twos_comp_viv [\c_twos_comp_viv(c_width=17,c_ai...]
Compiling architecture virtex of entity div_gen_v5_1_16.cmp2s_v [\cmp2s_v(c_bus_width=17,c_regist...]
Compiling architecture synth of entity div_gen_v5_1_16.bip_sdivider_synth [\bip_sdivider_synth(c_xdevicefam...]
Compiling architecture synth of entity div_gen_v5_1_16.div_gen_synth [\div_gen_synth(c_xdevicefamily="...]
Compiling architecture synth of entity xbip_pipe_v3_0_6.xbip_pipe_v3_0_6_viv [\xbip_pipe_v3_0_6_viv(c_latency=...]
Compiling architecture synth of entity div_gen_v5_1_16.div_gen_v5_1_16_viv [\div_gen_v5_1_16_viv(c_xdevicefa...]
Compiling architecture xilinx of entity div_gen_v5_1_16.div_gen_v5_1_16 [\div_gen_v5_1_16(c_xdevicefamily...]
Compiling architecture alu_div_gen_0_2_arch of entity xil_defaultlib.ALU_div_gen_0_2 [alu_div_gen_0_2_default]
Compiling module xil_defaultlib.mod16
Compiling module xil_defaultlib.ALU_mod16_0_0
Compiling architecture lut2_v of entity unisim.LUT2 [\LUT2(init="1000")(0,3)\]
Compiling architecture mult_and_v of entity unisim.MULT_AND [mult_and_default]
Compiling architecture xilinx of entity mult_gen_v12_0_16.op_resize [\op_resize(ao_width=19,bo_width=...]
Compiling architecture xilinx of entity mult_gen_v12_0_16.luts [\luts(c_xdevicefamily="artix7",c...]
Compiling architecture xilinx of entity mult_gen_v12_0_16.mult_gen_v12_0_16_viv [\mult_gen_v12_0_16_viv(c_verbosi...]
Compiling architecture xilinx of entity mult_gen_v12_0_16.mult_gen_v12_0_16 [\mult_gen_v12_0_16(c_xdevicefami...]
Compiling architecture alu_mult_gen_0_0_arch of entity xil_defaultlib.ALU_mult_gen_0_0 [alu_mult_gen_0_0_default]
Compiling module xil_defaultlib.or16
Compiling module xil_defaultlib.ALU_or16_0_0
Compiling module xil_defaultlib.xor16
Compiling module xil_defaultlib.ALU_xor16_0_0
Compiling module xil_defaultlib.ALU
Compiling module xil_defaultlib.MUX
Compiling module xil_defaultlib.register_file
Compiling module xil_defaultlib.clk_divider
Compiling module xil_defaultlib.refresh_clk
Compiling module xil_defaultlib.anode_control
Compiling module xil_defaultlib.BCD_on
Compiling module xil_defaultlib.cathode
Compiling module xil_defaultlib.SSD
Compiling module xil_defaultlib.Filter(wd=16,n=65535,bound=64000...
Compiling module xil_defaultlib.dff_resetless
Compiling module xil_defaultlib.Edge_Detector
Compiling module xil_defaultlib.Debounce_cb
Compiling module xil_defaultlib.ISA_decode
Compiling module xil_defaultlib.tb_ISA_decode
Compiling module xil_defaultlib.glbl
Built simulation snapshot tb_ISA_decode_behav
