#-----------------------------------------------------------
# Vivado v2019.2 (64-bit)
# SW Build 2708876 on Wed Nov  6 21:40:23 MST 2019
# IP Build 2700528 on Thu Nov  7 00:09:20 MST 2019
# Start of session at: Sat Mar 20 19:13:19 2021
# Process ID: 12936
# Current directory: C:/Users/nehmy/OneDrive/Desktop/415 Hws and Projects/HW4Phase1 - 1/HW4Phase1/HW4/HW4.sim/sim_1/behav/xsim
# Command line: vivado.exe -gui_launcher_event rodinguilauncherevent15920 C:\Users\nehmy\OneDrive\Desktop\415 Hws and Projects\HW4Phase1 - 1\HW4Phase1\HW4\HW4.sim\sim_1\behav\xsim\tb_ALU_behav.wdb
# Log file: C:/Users/nehmy/OneDrive/Desktop/415 Hws and Projects/HW4Phase1 - 1/HW4Phase1/HW4/HW4.sim/sim_1/behav/xsim/vivado.log
# Journal file: C:/Users/nehmy/OneDrive/Desktop/415 Hws and Projects/HW4Phase1 - 1/HW4Phase1/HW4/HW4.sim/sim_1/behav/xsim\vivado.jou
#-----------------------------------------------------------
start_gui
open_wave_database {C:\Users\nehmy\OneDrive\Desktop\415 Hws and Projects\HW4Phase1 - 1\HW4Phase1\HW4\HW4.sim\sim_1\behav\xsim\tb_ALU_behav.wdb}
INFO: [IP_Flow 19-234] Refreshing IP repositories
INFO: [IP_Flow 19-1704] No user IP repositories specified
INFO: [IP_Flow 19-2313] Loaded Vivado IP repository 'C:/Xilinx/Vivado/2019.2/data/ip'.
close_sim
INFO: [Simtcl 6-16] Simulation closed
exit
INFO: [Common 17-206] Exiting Vivado at Sat Mar 20 19:13:40 2021...
