#-----------------------------------------------------------
# Vivado v2019.2 (64-bit)
# SW Build 2708876 on Wed Nov  6 21:40:23 MST 2019
# IP Build 2700528 on Thu Nov  7 00:09:20 MST 2019
# Start of session at: Mon Mar 29 14:54:52 2021
# Process ID: 4880
# Current directory: C:/Users/nehmy/OneDrive/Desktop/415 Hws and Projects/HW4Phase1 - 1/HW4Phase1/HW4
# Command line: vivado.exe -gui_launcher_event rodinguilauncherevent16304 C:\Users\nehmy\OneDrive\Desktop\415 Hws and Projects\HW4Phase1 - 1\HW4Phase1\HW4\HW4.xpr
# Log file: C:/Users/nehmy/OneDrive/Desktop/415 Hws and Projects/HW4Phase1 - 1/HW4Phase1/HW4/vivado.log
# Journal file: C:/Users/nehmy/OneDrive/Desktop/415 Hws and Projects/HW4Phase1 - 1/HW4Phase1/HW4\vivado.jou
#-----------------------------------------------------------
start_gui
open_project {C:/Users/nehmy/OneDrive/Desktop/415 Hws and Projects/HW4Phase1 - 1/HW4Phase1/HW4/HW4.xpr}
Scanning sources...
Finished scanning sources
INFO: [IP_Flow 19-234] Refreshing IP repositories
INFO: [IP_Flow 19-1700] Loaded user IP repository 'c:/Users/nehmy/OneDrive/Desktop/415 Hws and Projects/HW4Phase1 - 1/HW4Phase1/ip_repo'.
INFO: [IP_Flow 19-1700] Loaded user IP repository 'c:/Users/nehmy/AppData/Roaming/Xilinx/ip_repo'.
INFO: [IP_Flow 19-2313] Loaded Vivado IP repository 'C:/Xilinx/Vivado/2019.2/data/ip'.
WARNING: [IP_Flow 19-1663] Duplicate IP found for 'xilinx.com:user:ALU:1.0'. The one found in IP location 'c:/Users/nehmy/OneDrive/Desktop/415 Hws and Projects/HW4Phase1 - 1/HW4Phase1/ip_repo' will take precedence over the same IP in location c:/Users/nehmy/AppData/Roaming/Xilinx/ip_repo
open_project: Time (s): cpu = 00:00:12 ; elapsed = 00:00:06 . Memory (MB): peak = 816.520 ; gain = 177.750
update_compile_order -fileset sources_1
reset_run synth_1
launch_runs impl_1 -to_step write_bitstream -jobs 4
[Mon Mar 29 16:33:11 2021] Launched synth_1...
Run output will be captured here: C:/Users/nehmy/OneDrive/Desktop/415 Hws and Projects/HW4Phase1 - 1/HW4Phase1/HW4/HW4.runs/synth_1/runme.log
[Mon Mar 29 16:33:11 2021] Launched impl_1...
Run output will be captured here: C:/Users/nehmy/OneDrive/Desktop/415 Hws and Projects/HW4Phase1 - 1/HW4Phase1/HW4/HW4.runs/impl_1/runme.log
open_hw_manager
connect_hw_server -allow_non_jtag
INFO: [Labtools 27-2285] Connecting to hw_server url TCP:localhost:3121
INFO: [Labtools 27-2222] Launching hw_server...
INFO: [Labtools 27-2221] Launch Output:

****** Xilinx hw_server v2019.2
  **** Build date : Nov  6 2019 at 22:12:23
    ** Copyright 1986-2019 Xilinx, Inc. All Rights Reserved.


INFO: [Labtools 27-3415] Connecting to cs_server url TCP:localhost:3042
INFO: [Labtools 27-3417] Launching cs_server...
INFO: [Labtools 27-2221] Launch Output:


****** Xilinx cs_server v2019.2.0
  **** Build date : Nov 07 2019-00:28:22
    ** Copyright 2017-2019 Xilinx, Inc. All Rights Reserved.



connect_hw_server: Time (s): cpu = 00:00:02 ; elapsed = 00:00:24 . Memory (MB): peak = 1416.137 ; gain = 0.000
open_hw_target
INFO: [Labtoolstcl 44-466] Opening hw_target localhost:3121/xilinx_tcf/Digilent/210292A6E47CA
set_property PROGRAM.FILE {C:/Users/nehmy/OneDrive/Desktop/415 Hws and Projects/HW4Phase1 - 1/HW4Phase1/HW4/HW4.runs/impl_1/ISA_decode.bit} [get_hw_devices xc7a100t_0]
current_hw_device [get_hw_devices xc7a100t_0]
refresh_hw_device -update_hw_probes false [lindex [get_hw_devices xc7a100t_0] 0]
INFO: [Labtools 27-1435] Device xc7a100t (JTAG device index = 0) is not programmed (DONE status = 0).
set_property PROBES.FILE {} [get_hw_devices xc7a100t_0]
set_property FULL_PROBES.FILE {} [get_hw_devices xc7a100t_0]
set_property PROGRAM.FILE {C:/Users/nehmy/OneDrive/Desktop/415 Hws and Projects/HW4Phase1 - 1/HW4Phase1/HW4/HW4.runs/impl_1/ISA_decode.bit} [get_hw_devices xc7a100t_0]
program_hw_devices [get_hw_devices xc7a100t_0]
INFO: [Labtools 27-3164] End of startup status: HIGH
refresh_hw_device [lindex [get_hw_devices xc7a100t_0] 0]
INFO: [Labtools 27-1434] Device xc7a100t (JTAG device index = 0) is programmed with a design that has no supported debug core(s) in it.
reset_run synth_1
launch_runs impl_1 -to_step write_bitstream -jobs 4
[Mon Mar 29 16:36:53 2021] Launched synth_1...
Run output will be captured here: C:/Users/nehmy/OneDrive/Desktop/415 Hws and Projects/HW4Phase1 - 1/HW4Phase1/HW4/HW4.runs/synth_1/runme.log
[Mon Mar 29 16:36:53 2021] Launched impl_1...
Run output will be captured here: C:/Users/nehmy/OneDrive/Desktop/415 Hws and Projects/HW4Phase1 - 1/HW4Phase1/HW4/HW4.runs/impl_1/runme.log
launch_runs: Time (s): cpu = 00:00:00 ; elapsed = 00:00:08 . Memory (MB): peak = 2194.910 ; gain = 2.027
set_property PROBES.FILE {} [get_hw_devices xc7a100t_0]
set_property FULL_PROBES.FILE {} [get_hw_devices xc7a100t_0]
set_property PROGRAM.FILE {C:/Users/nehmy/OneDrive/Desktop/415 Hws and Projects/HW4Phase1 - 1/HW4Phase1/HW4/HW4.runs/impl_1/ISA_decode.bit} [get_hw_devices xc7a100t_0]
program_hw_devices [get_hw_devices xc7a100t_0]
INFO: [Labtools 27-3164] End of startup status: HIGH
refresh_hw_device [lindex [get_hw_devices xc7a100t_0] 0]
INFO: [Labtools 27-1434] Device xc7a100t (JTAG device index = 0) is programmed with a design that has no supported debug core(s) in it.
set_property PROBES.FILE {} [get_hw_devices xc7a100t_0]
set_property FULL_PROBES.FILE {} [get_hw_devices xc7a100t_0]
set_property PROGRAM.FILE {C:/Users/nehmy/OneDrive/Desktop/415 Hws and Projects/HW4Phase1 - 1/HW4Phase1/HW4/HW4.runs/impl_1/ISA_decode.bit} [get_hw_devices xc7a100t_0]
program_hw_devices [get_hw_devices xc7a100t_0]
INFO: [Labtools 27-3164] End of startup status: HIGH
refresh_hw_device [lindex [get_hw_devices xc7a100t_0] 0]
INFO: [Labtools 27-1434] Device xc7a100t (JTAG device index = 0) is programmed with a design that has no supported debug core(s) in it.
set_property PROBES.FILE {} [get_hw_devices xc7a100t_0]
set_property FULL_PROBES.FILE {} [get_hw_devices xc7a100t_0]
set_property PROGRAM.FILE {C:/Users/nehmy/OneDrive/Desktop/415 Hws and Projects/HW4Phase1 - 1/HW4Phase1/HW4/HW4.runs/impl_1/ISA_decode.bit} [get_hw_devices xc7a100t_0]
program_hw_devices [get_hw_devices xc7a100t_0]
INFO: [Labtools 27-3164] End of startup status: HIGH
refresh_hw_device [lindex [get_hw_devices xc7a100t_0] 0]
INFO: [Labtools 27-1434] Device xc7a100t (JTAG device index = 0) is programmed with a design that has no supported debug core(s) in it.
set_property PROBES.FILE {} [get_hw_devices xc7a100t_0]
set_property FULL_PROBES.FILE {} [get_hw_devices xc7a100t_0]
set_property PROGRAM.FILE {C:/Users/nehmy/OneDrive/Desktop/415 Hws and Projects/HW4Phase1 - 1/HW4Phase1/HW4/HW4.runs/impl_1/ISA_decode.bit} [get_hw_devices xc7a100t_0]
program_hw_devices [get_hw_devices xc7a100t_0]
INFO: [Labtools 27-3164] End of startup status: HIGH
refresh_hw_device [lindex [get_hw_devices xc7a100t_0] 0]
INFO: [Labtools 27-1434] Device xc7a100t (JTAG device index = 0) is programmed with a design that has no supported debug core(s) in it.
reset_run synth_1
launch_runs impl_1 -to_step write_bitstream -jobs 4
[Mon Mar 29 16:54:28 2021] Launched synth_1...
Run output will be captured here: C:/Users/nehmy/OneDrive/Desktop/415 Hws and Projects/HW4Phase1 - 1/HW4Phase1/HW4/HW4.runs/synth_1/runme.log
[Mon Mar 29 16:54:28 2021] Launched impl_1...
Run output will be captured here: C:/Users/nehmy/OneDrive/Desktop/415 Hws and Projects/HW4Phase1 - 1/HW4Phase1/HW4/HW4.runs/impl_1/runme.log
ERROR: [Labtoolstcl 44-513] HW Target shutdown. Closing target: localhost:3121/xilinx_tcf/Digilent/210292A6E47CA
exit
INFO: [Common 17-206] Exiting Vivado at Mon Mar 29 17:02:21 2021...
