#-----------------------------------------------------------
# Vivado v2019.2 (64-bit)
# SW Build 2708876 on Wed Nov  6 21:40:23 MST 2019
# IP Build 2700528 on Thu Nov  7 00:09:20 MST 2019
# Start of session at: Mon Mar 29 17:03:25 2021
# Process ID: 8708
# Current directory: C:/Users/nehmy/OneDrive/Desktop/HW4/HW4
# Command line: vivado.exe -gui_launcher_event rodinguilauncherevent19444 C:\Users\nehmy\OneDrive\Desktop\HW4\HW4\HW4.xpr
# Log file: C:/Users/nehmy/OneDrive/Desktop/HW4/HW4/vivado.log
# Journal file: C:/Users/nehmy/OneDrive/Desktop/HW4/HW4\vivado.jou
#-----------------------------------------------------------
start_gui
open_project C:/Users/nehmy/OneDrive/Desktop/HW4/HW4/HW4.xpr
INFO: [Project 1-313] Project file moved from 'C:/Users/nehmy/OneDrive/Desktop/415 Hws and Projects/HW4Phase1 - 1/HW4Phase1/HW4' since last save.
Scanning sources...
Finished scanning sources
INFO: [filemgmt 56-1] IP Repository Path: Directory not found as 'C:/AppData/Roaming/Xilinx/ip_repo'; using path 'C:/Users/nehmy/AppData/Roaming/Xilinx/ip_repo' instead.
INFO: [IP_Flow 19-234] Refreshing IP repositories
INFO: [IP_Flow 19-1700] Loaded user IP repository 'c:/Users/nehmy/OneDrive/Desktop/HW4/ip_repo'.
INFO: [IP_Flow 19-1700] Loaded user IP repository 'c:/Users/nehmy/AppData/Roaming/Xilinx/ip_repo'.
INFO: [IP_Flow 19-2313] Loaded Vivado IP repository 'C:/Xilinx/Vivado/2019.2/data/ip'.
WARNING: [IP_Flow 19-1663] Duplicate IP found for 'xilinx.com:user:ALU:1.0'. The one found in IP location 'c:/Users/nehmy/OneDrive/Desktop/HW4/ip_repo' will take precedence over the same IP in location c:/Users/nehmy/AppData/Roaming/Xilinx/ip_repo
open_project: Time (s): cpu = 00:00:13 ; elapsed = 00:00:06 . Memory (MB): peak = 857.586 ; gain = 202.355
reset_run impl_1 -prev_step 
launch_runs impl_1 -to_step write_bitstream -jobs 4
[Mon Mar 29 17:03:51 2021] Launched impl_1...
Run output will be captured here: C:/Users/nehmy/OneDrive/Desktop/HW4/HW4/HW4.runs/impl_1/runme.log
launch_runs: Time (s): cpu = 00:00:01 ; elapsed = 00:00:08 . Memory (MB): peak = 1582.941 ; gain = 0.000
update_compile_order -fileset sources_1
exit
INFO: [Common 17-206] Exiting Vivado at Mon Mar 29 17:04:52 2021...
