#-----------------------------------------------------------
# Vivado v2019.2 (64-bit)
# SW Build 2708876 on Wed Nov  6 21:40:23 MST 2019
# IP Build 2700528 on Thu Nov  7 00:09:20 MST 2019
# Start of session at: Thu Apr  1 17:27:18 2021
# Process ID: 11668
# Current directory: C:/Users/nehmy/OneDrive/Desktop/HW4_Blake_Wishard
# Command line: vivado.exe -gui_launcher_event rodinguilauncherevent14852 C:\Users\nehmy\OneDrive\Desktop\HW4_Blake_Wishard\HW4.xpr
# Log file: C:/Users/nehmy/OneDrive/Desktop/HW4_Blake_Wishard/vivado.log
# Journal file: C:/Users/nehmy/OneDrive/Desktop/HW4_Blake_Wishard\vivado.jou
#-----------------------------------------------------------
start_gui
open_project C:/Users/nehmy/OneDrive/Desktop/HW4_Blake_Wishard/HW4.xpr
INFO: [Project 1-313] Project file moved from 'C:/Users/nehmy/OneDrive/Desktop/HW4/HW4' since last save.
Scanning sources...
Finished scanning sources
WARNING: [filemgmt 56-2] IP Repository Path: Could not find the directory 'C:/Users/nehmy/OneDrive/Desktop/ip_repo', nor could it be found using path 'C:/Users/nehmy/OneDrive/Desktop/HW4/ip_repo'.
INFO: [filemgmt 56-1] IP Repository Path: Directory not found as 'C:/Users/AppData/Roaming/Xilinx/ip_repo'; using path 'C:/Users/nehmy/AppData/Roaming/Xilinx/ip_repo' instead.
INFO: [IP_Flow 19-234] Refreshing IP repositories
WARNING: [IP_Flow 19-2248] Failed to load user IP repository 'c:/Users/nehmy/OneDrive/Desktop/ip_repo'; Can't find the specified path.
If this directory should no longer be in your list of user repositories, go to the IP Settings dialog and remove it.
INFO: [IP_Flow 19-1700] Loaded user IP repository 'c:/Users/nehmy/AppData/Roaming/Xilinx/ip_repo'.
INFO: [IP_Flow 19-2313] Loaded Vivado IP repository 'C:/Xilinx/Vivado/2019.2/data/ip'.
open_project: Time (s): cpu = 00:00:13 ; elapsed = 00:00:06 . Memory (MB): peak = 854.555 ; gain = 178.691
update_compile_order -fileset sources_1
reset_run impl_1
reset_run synth_1
WARNING: [Vivado 12-1017] Problems encountered:
1. Couldn't access process for termination

exit
INFO: [Common 17-206] Exiting Vivado at Thu Apr  1 17:46:36 2021...
rive/Desktop/HW4_Blake_Wishard/HW4.srcs/sources_1/new/register_file.v
update_compile_order -fileset sources_1
export_ip_user_files -of_objects  [get_files C:/Users/nehmy/OneDrive/Desktop/HW4_Blake_Wishard/HW4.srcs/sources_1/new/MUX.v] -no_script -reset -force -quiet
remove_files  C:/Users/nehmy/OneDrive/Desktop/HW4_Blake_Wishard/HW4.srcs/sources_1/new/MUX.v
export_ip_user_files -of_objects  [get_files C:/Users/nehmy/OneDrive/Desktop/HW4_Blake_Wishard/HW4.srcs/sources_1/new/ISA_decode.v] -no_script -reset -force -quiet
remove_files  C:/Users/nehmy/OneDrive/Desktop/HW4_Blake_Wishard/HW4.srcs/sources_1/new/ISA_decode.v
update_compile_order -fileset sources_1
export_ip_user_files -of_objects  [get_files C:/Users/nehmy/OneDrive/Desktop/HW4_Blake_Wishard/HW4.srcs/sources_1/new/SSD.v] -no_script -reset -force -quiet
remove_files  C:/Users/nehmy/OneDrive/Desktop/HW4_Blake_Wishard/HW4.srcs/sources_1/new/SSD.v
update_compile_order -fileset sources_1
import_files -norecurse {{C:/Users/nehmy/OneDrive/Desktop/415 Hws and Projects/HW4/HW4_Blake_Wishard/HW4_Blake_Wishard.srcs/sources_1/new/SSD.v} {C:/Users/nehmy/OneDrive/Desktop/415 Hws and Projects/HW4/HW4_Blake_Wishard/HW4_Blake_Wishard.srcs/sources_1/new/MUX.v} {C:/Users/nehmy/OneDrive/Desktop/415 Hws and Projects/HW4/HW4_Blake_Wishard/HW4_Blake_Wishard.srcs/sources_1/new/Register_File.v} {C:/Users/nehmy/OneDrive/Desktop/415 Hws and Projects/HW4/HW4_Blake_Wishard/HW4_Blake_Wishard.srcs/sources_1/new/ISA.v}}
update_compile_order -fileset sources_1
update_compile_order -fileset sources_1
export_ip_user_files -of_objects  [get_files C:/Users/nehmy/OneDrive/Desktop/HW4_Blake_Wishard/HW4.srcs/sources_1/new/clk_divider.v] -no_script -reset -force -quiet
remove_files  C:/Users/nehmy/OneDrive/Desktop/HW4_Blake_Wishard/HW4.srcs/sources_1/new/clk_divider.v
export_ip_user_files -of_objects  [get_files C:/Users/nehmy/OneDrive/Desktop/HW4_Blake_Wishard/HW4.srcs/sources_1/new/BCD_on.v] -no_script -reset -force -quiet
remove_files  C:/Users/nehmy/OneDrive/Desktop/HW4_Blake_Wishard/HW4.srcs/sources_1/new/BCD_on.v
export_ip_user_files -of_objects  [get_files C:/Users/nehmy/OneDrive/Desktop/HW4_Blake_Wishard/HW4.srcs/sources_1/new/anode_control.v] -no_script -reset -force -quiet
remove_files  C:/Users/nehmy/OneDrive/Desktop/HW4_Blake_Wishard/HW4.srcs/sources_1/new/anode_control.v
export_ip_user_files -of_objects  [get_files C:/Users/nehmy/OneDrive/Desktop/HW4_Blake_Wishard/HW4.srcs/sources_1/new/cathode.v] -no_script -reset -force -quiet
remove_files  C:/Users/nehmy/OneDrive/Desktop/HW4_Blake_Wishard/HW4.srcs/sources_1/new/cathode.v
file delete -force C:/Users/nehmy/OneDrive/Desktop/HW4_Blake_Wishard/HW4.srcs/sources_1/new/cathode.v
export_ip_user_files -of_objects  [get_files C:/Users/nehmy/OneDrive/Desktop/HW4_Blake_Wishard/HW4.srcs/sources_1/new/refresh_clk.v] -no_script -reset -force -quiet
remove_files  C:/Users/nehmy/OneDrive/Desktop/HW4_Blake_Wishard/HW4.srcs/sources_1/new/refresh_clk.v
file delete -force C:/Users/nehmy/OneDrive/Desktop/HW4_Blake_Wishard/HW4.srcs/sources_1/new/refresh_clk.v
reset_run synth_1
WARNING: [Vivado 12-1017] Problems encountered:
1. Failed to delete one or more files in run directory C:/Users/nehmy/OneDrive/Desktop/HW4_Blake_Wishard/HW4.runs/synth_1

launch_runs impl_1 -to_step write_bitstream -jobs 4
[Thu Apr  1 17:38:05 2021] Launched synth_1...
Run output will be captured here: C:/Users/nehmy/OneDrive/Desktop/HW4_Blake_Wishard/HW4.runs/synth_1/runme.log
[Thu Apr  1 17:38:05 2021] Launched impl_1...
Run output will be captured here: C:/Users/nehmy/OneDrive/Desktop/HW4_Blake_Wishard/HW4.runs/impl_1/runme.log
launch_runs: Time (s): cpu = 00:00:01 ; elapsed = 00:00:10 . Memory (MB): peak = 1481.363 ; gain = 0.000
open_bd_design {C:/Users/nehmy/OneDrive/Desktop/HW4_Blake_Wishard/HW4.srcs/sources_1/bd/ALU/ALU.bd}
Adding component instance block -- xilinx.com:ip:c_addsub:12.0 - c_addsub_0
Adding component instance block -- xilinx.com:ip:c_addsub:12.0 - c_addsub_1
Adding component instance block -- xilinx.com:ip:mult_gen:12.0 - mult_gen_0
Adding component instance block -- xilinx.com:module_ref:or16:1.0 - or16_0
Adding component instance block -- xilinx.com:module_ref:xor16:1.0 - xor16_0
Adding component instance block -- xilinx.com:ip:div_gen:5.1 - div_gen_0
Adding component instance block -- xilinx.com:module_ref:mod16:1.0 - mod16_0
Adding component instance block -- xilinx.com:module_ref:and16:1.0 - and16_0
Successfully read diagram <ALU> from BD file <C:/Users/nehmy/OneDrive/Desktop/HW4_Blake_Wishard/HW4.srcs/sources_1/bd/ALU/ALU.bd>
open_bd_design: Time (s): cpu = 00:00:07 ; elapsed = 00:00:06 . Memory (MB): peak = 1481.363 ; gain = 0.000
reset_run synth_1
WARNING: [Vivado 12-1017] Problems encountered:
1. Failed to delete one or more files in run directory C:/Users/nehmy/OneDrive/Desktop/HW4_Blake_Wishard/HW4.runs/synth_1

launch_runs impl_1 -to_step write_bitstream -jobs 4
[Thu Apr  1 17:42:29 2021] Launched synth_1...
Run output will be captured here: C:/Users/nehmy/OneDrive/Desktop/HW4_Blake_Wishard/HW4.runs/synth_1/runme.log
[Thu Apr  1 17:42:29 2021] Launched impl_1...
Run output will be captured here: C:/Users/nehmy/OneDrive/Desktop/HW4_Blake_Wishard/HW4.runs/impl_1/runme.log
reset_run synth_1
WARNING: [Vivado 12-1017] Problems encountered:
1. Failed to delete one or more files in run directory C:/Users/nehmy/OneDrive/Desktop/HW4_Blake_Wishard/HW4.runs/synth_1

launch_runs impl_1 -to_step write_bitstream -jobs 4
[Thu Apr  1 17:45:42 2021] Launched synth_1...
Run output will be captured here: C:/Users/nehmy/OneDrive/Desktop/HW4_Blake_Wishard/HW4.runs/synth_1/runme.log
[Thu Apr  1 17:45:42 2021] Launched impl_1...
Run output will be captured here: C:/Users/nehmy/OneDrive/Desktop/HW4_Blake_Wishard/HW4.runs/impl_1/runme.log
launch_runs: Time (s): cpu = 00:00:00 ; elapsed = 00:00:09 . Memory (MB): peak = 1481.363 ; gain = 0.000
reset_run synth_1
WARNING: [Vivado 12-1017] Problems encountered:
1. Failed to delete one or more files in run directory C:/Users/nehmy/OneDrive/Desktop/HW4_Blake_Wishard/HW4.runs/synth_1

launch_runs impl_1 -to_step write_bitstream -jobs 4
[Thu Apr  1 17:46:30 2021] Launched synth_1...
Run output will be captured here: C:/Users/nehmy/OneDrive/Desktop/HW4_Blake_Wishard/HW4.runs/synth_1/runme.log
[Thu Apr  1 17:46:30 2021] Launched impl_1...
Run output will be captured here: C:/Users/nehmy/OneDrive/Desktop/HW4_Blake_Wishard/HW4.runs/impl_1/runme.log
launch_runs: Time (s): cpu = 00:00:00 ; elapsed = 00:00:06 . Memory (MB): peak = 1481.363 ; gain = 0.000
reset_run synth_1
launch_runs impl_1 -to_step write_bitstream -jobs 4
[Thu Apr  1 17:47:17 2021] Launched synth_1...
Run output will be captured here: C:/Users/nehmy/OneDrive/Desktop/HW4_Blake_Wishard/HW4.runs/synth_1/runme.log
[Thu Apr  1 17:47:17 2021] Launched impl_1...
Run output will be captured here: C:/Users/nehmy/OneDrive/Desktop/HW4_Blake_Wishard/HW4.runs/impl_1/runme.log
reset_run synth_1
launch_runs impl_1 -to_step write_bitstream -jobs 4
[Thu Apr  1 17:50:05 2021] Launched synth_1...
Run output will be captured here: C:/Users/nehmy/OneDrive/Desktop/HW4_Blake_Wishard/HW4.runs/synth_1/runme.log
[Thu Apr  1 17:50:05 2021] Launched impl_1...
Run output will be captured here: C:/Users/nehmy/OneDrive/Desktop/HW4_Blake_Wishard/HW4.runs/impl_1/runme.log
reset_run synth_1
launch_runs impl_1 -to_step write_bitstream -jobs 4
[Thu Apr  1 17:52:01 2021] Launched synth_1...
Run output will be captured here: C:/Users/nehmy/OneDrive/Desktop/HW4_Blake_Wishard/HW4.runs/synth_1/runme.log
[Thu Apr  1 17:52:01 2021] Launched impl_1...
Run output will be captured here: C:/Users/nehmy/OneDrive/Desktop/HW4_Blake_Wishard/HW4.runs/impl_1/runme.log
exit
INFO: [Common 17-206] Exiting Vivado at Thu Apr  1 17:54:46 2021...
