2024-07-06 16:08:27,451 [+] pydumpck is a multi-threads tool for decompile exe,elf,pyz,pyc packed by python which is base on pycdc and uncompyle6.sometimes its py-file result not exactly right ,maybe could use uncompyle6.
--------------------
pydumpck initilizing with 1.20.1 :pyinstaller_dump.py:120-20  C:\Users\nehmy\AppData\Local\Packages\PythonSoftwareFoundation.Python.3.11_qbz5n2kfra8p0\LocalCache\local-packages\Python311\site-packages\pydumpck\pyinstaller_dump.py on(pyinstaller_dump.run) at 38760@MainThread  
2024-07-06 16:08:27,457 [*] plugins loaded with ['pycdc'] :__init__.py:165-10  C:\Users\nehmy\AppData\Local\Packages\PythonSoftwareFoundation.Python.3.11_qbz5n2kfra8p0\LocalCache\local-packages\Python311\site-packages\pydumpck\py_common_dump\__init__.py on(__init__.load_plugins) at 38760@MainThread  
2024-07-06 16:08:27,458 [-] target_file is required :__init__.py:204-40  C:\Users\nehmy\AppData\Local\Packages\PythonSoftwareFoundation.Python.3.11_qbz5n2kfra8p0\LocalCache\local-packages\Python311\site-packages\pydumpck\py_common_dump\__init__.py on(__init__.main) at 38760@MainThread  
2024-07-06 16:09:40,178 [+] pydumpck is a multi-threads tool for decompile exe,elf,pyz,pyc packed by python which is base on pycdc and uncompyle6.sometimes its py-file result not exactly right ,maybe could use uncompyle6.
--------------------
pydumpck initilizing with 1.20.1 :pyinstaller_dump.py:120-20  C:\Users\nehmy\AppData\Local\Packages\PythonSoftwareFoundation.Python.3.11_qbz5n2kfra8p0\LocalCache\local-packages\Python311\site-packages\pydumpck\pyinstaller_dump.py on(pyinstaller_dump.run) at 37324@MainThread  
2024-07-06 16:09:40,179 [*] plugins loaded with ['pycdc'] :__init__.py:165-10  C:\Users\nehmy\AppData\Local\Packages\PythonSoftwareFoundation.Python.3.11_qbz5n2kfra8p0\LocalCache\local-packages\Python311\site-packages\pydumpck\py_common_dump\__init__.py on(__init__.load_plugins) at 37324@MainThread  
2024-07-06 16:09:40,179 [*] target file input:foundme.pyc
to:output_7716584 :__init__.py:206-10  C:\Users\nehmy\AppData\Local\Packages\PythonSoftwareFoundation.Python.3.11_qbz5n2kfra8p0\LocalCache\local-packages\Python311\site-packages\pydumpck\py_common_dump\__init__.py on(__init__.main) at 37324@MainThread  
2024-07-06 16:09:40,184 [*] start dump target file. type:pyc :__init__.py:213-10  C:\Users\nehmy\AppData\Local\Packages\PythonSoftwareFoundation.Python.3.11_qbz5n2kfra8p0\LocalCache\local-packages\Python311\site-packages\pydumpck\py_common_dump\__init__.py on(__init__.main) at 37324@MainThread  
2024-07-06 16:09:43,187 [+] find suitable python-version:(3, 10),magic:3439 :__init__.py:41-20  C:\Users\nehmy\AppData\Local\Packages\PythonSoftwareFoundation.Python.3.11_qbz5n2kfra8p0\LocalCache\local-packages\Python311\site-packages\pydumpck\pyc_checker\pyc\__init__.py on(__init__.check_marshal) at 37324@MainThread  
2024-07-06 16:09:43,231 [!] decompile bytecode by pycdc fail,file:output_7716584\foundme.pyc,with error:None :__init__.py:67-30  C:\Users\nehmy\AppData\Local\Packages\PythonSoftwareFoundation.Python.3.11_qbz5n2kfra8p0\LocalCache\local-packages\Python311\site-packages\pydumpck\pyc_checker\__init__.py on(__init__.exec_pycdc) at 37324@MainThread  
2024-07-06 16:09:43,232 [+] decompile bytecode on file:output_7716584\foundme.pyc,length:20 :__init__.py:39-20  C:\Users\nehmy\AppData\Local\Packages\PythonSoftwareFoundation.Python.3.11_qbz5n2kfra8p0\LocalCache\local-packages\Python311\site-packages\pydumpck\py_package\package_struct\__init__.py on(__init__.decompile_pyc) at 37324@MainThread  
2024-07-06 16:09:43,232 [+] completed,cost 3053ms with result:pyc file handled:output_7716584\foundme.pyc :__init__.py:177-20  C:\Users\nehmy\AppData\Local\Packages\PythonSoftwareFoundation.Python.3.11_qbz5n2kfra8p0\LocalCache\local-packages\Python311\site-packages\pydumpck\py_common_dump\__init__.py on(__init__.statistics_status) at 37324@MainThread  
2024-07-06 16:10:17,641 [+] pydumpck is a multi-threads tool for decompile exe,elf,pyz,pyc packed by python which is base on pycdc and uncompyle6.sometimes its py-file result not exactly right ,maybe could use uncompyle6.
--------------------
pydumpck initilizing with 1.20.1 :pyinstaller_dump.py:120-20  C:\Users\nehmy\AppData\Local\Packages\PythonSoftwareFoundation.Python.3.11_qbz5n2kfra8p0\LocalCache\local-packages\Python311\site-packages\pydumpck\pyinstaller_dump.py on(pyinstaller_dump.run) at 24768@MainThread  
2024-07-06 16:10:17,642 [*] plugins loaded with ['pycdc'] :__init__.py:165-10  C:\Users\nehmy\AppData\Local\Packages\PythonSoftwareFoundation.Python.3.11_qbz5n2kfra8p0\LocalCache\local-packages\Python311\site-packages\pydumpck\py_common_dump\__init__.py on(__init__.load_plugins) at 24768@MainThread  
2024-07-06 16:10:17,642 [*] target file input:foundme.pyc
to:output_2315270 :__init__.py:206-10  C:\Users\nehmy\AppData\Local\Packages\PythonSoftwareFoundation.Python.3.11_qbz5n2kfra8p0\LocalCache\local-packages\Python311\site-packages\pydumpck\py_common_dump\__init__.py on(__init__.main) at 24768@MainThread  
2024-07-06 16:10:17,642 [*] start dump target file. type:pyc :__init__.py:213-10  C:\Users\nehmy\AppData\Local\Packages\PythonSoftwareFoundation.Python.3.11_qbz5n2kfra8p0\LocalCache\local-packages\Python311\site-packages\pydumpck\py_common_dump\__init__.py on(__init__.main) at 24768@MainThread  
2024-07-06 16:10:20,647 [+] find suitable python-version:(3, 10),magic:3439 :__init__.py:41-20  C:\Users\nehmy\AppData\Local\Packages\PythonSoftwareFoundation.Python.3.11_qbz5n2kfra8p0\LocalCache\local-packages\Python311\site-packages\pydumpck\pyc_checker\pyc\__init__.py on(__init__.check_marshal) at 24768@MainThread  
2024-07-06 16:10:20,663 [!] decompile bytecode by pycdc fail,file:output_2315270\foundme.pyc,with error:None :__init__.py:67-30  C:\Users\nehmy\AppData\Local\Packages\PythonSoftwareFoundation.Python.3.11_qbz5n2kfra8p0\LocalCache\local-packages\Python311\site-packages\pydumpck\pyc_checker\__init__.py on(__init__.exec_pycdc) at 24768@MainThread  
2024-07-06 16:10:20,665 [+] decompile bytecode on file:output_2315270\foundme.pyc,length:20 :__init__.py:39-20  C:\Users\nehmy\AppData\Local\Packages\PythonSoftwareFoundation.Python.3.11_qbz5n2kfra8p0\LocalCache\local-packages\Python311\site-packages\pydumpck\py_package\package_struct\__init__.py on(__init__.decompile_pyc) at 24768@MainThread  
2024-07-06 16:10:20,666 [+] completed,cost 3025ms with result:pyc file handled:output_2315270\foundme.pyc :__init__.py:177-20  C:\Users\nehmy\AppData\Local\Packages\PythonSoftwareFoundation.Python.3.11_qbz5n2kfra8p0\LocalCache\local-packages\Python311\site-packages\pydumpck\py_common_dump\__init__.py on(__init__.statistics_status) at 24768@MainThread  
2024-07-06 16:12:07,243 [+] pydumpck is a multi-threads tool for decompile exe,elf,pyz,pyc packed by python which is base on pycdc and uncompyle6.sometimes its py-file result not exactly right ,maybe could use uncompyle6.
--------------------
pydumpck initilizing with 1.20.1 :pyinstaller_dump.py:120-20  C:\Users\nehmy\AppData\Local\Packages\PythonSoftwareFoundation.Python.3.11_qbz5n2kfra8p0\LocalCache\local-packages\Python311\site-packages\pydumpck\pyinstaller_dump.py on(pyinstaller_dump.run) at 3080@MainThread  
2024-07-06 16:12:07,244 [*] plugins loaded with ['pycdc'] :__init__.py:165-10  C:\Users\nehmy\AppData\Local\Packages\PythonSoftwareFoundation.Python.3.11_qbz5n2kfra8p0\LocalCache\local-packages\Python311\site-packages\pydumpck\py_common_dump\__init__.py on(__init__.load_plugins) at 3080@MainThread  
2024-07-06 16:12:07,244 [-] target_file is required :__init__.py:204-40  C:\Users\nehmy\AppData\Local\Packages\PythonSoftwareFoundation.Python.3.11_qbz5n2kfra8p0\LocalCache\local-packages\Python311\site-packages\pydumpck\py_common_dump\__init__.py on(__init__.main) at 3080@MainThread  
2024-07-06 16:12:26,206 [+] pydumpck is a multi-threads tool for decompile exe,elf,pyz,pyc packed by python which is base on pycdc and uncompyle6.sometimes its py-file result not exactly right ,maybe could use uncompyle6.
--------------------
pydumpck initilizing with 1.20.1 :pyinstaller_dump.py:120-20  C:\Users\nehmy\AppData\Local\Packages\PythonSoftwareFoundation.Python.3.11_qbz5n2kfra8p0\LocalCache\local-packages\Python311\site-packages\pydumpck\pyinstaller_dump.py on(pyinstaller_dump.run) at 36272@MainThread  
2024-07-06 16:12:26,208 [*] plugins loaded with ['pycdc'] :__init__.py:165-10  C:\Users\nehmy\AppData\Local\Packages\PythonSoftwareFoundation.Python.3.11_qbz5n2kfra8p0\LocalCache\local-packages\Python311\site-packages\pydumpck\py_common_dump\__init__.py on(__init__.load_plugins) at 36272@MainThread  
2024-07-06 16:12:26,208 [-] target_file is required :__init__.py:204-40  C:\Users\nehmy\AppData\Local\Packages\PythonSoftwareFoundation.Python.3.11_qbz5n2kfra8p0\LocalCache\local-packages\Python311\site-packages\pydumpck\py_common_dump\__init__.py on(__init__.main) at 36272@MainThread  
2024-07-06 16:13:09,177 [+] pydumpck is a multi-threads tool for decompile exe,elf,pyz,pyc packed by python which is base on pycdc and uncompyle6.sometimes its py-file result not exactly right ,maybe could use uncompyle6.
--------------------
pydumpck initilizing with 1.20.1 :pyinstaller_dump.py:120-20  C:\Users\nehmy\AppData\Local\Packages\PythonSoftwareFoundation.Python.3.11_qbz5n2kfra8p0\LocalCache\local-packages\Python311\site-packages\pydumpck\pyinstaller_dump.py on(pyinstaller_dump.run) at 36444@MainThread  
2024-07-06 16:13:09,178 [*] plugins loaded with ['pycdc'] :__init__.py:165-10  C:\Users\nehmy\AppData\Local\Packages\PythonSoftwareFoundation.Python.3.11_qbz5n2kfra8p0\LocalCache\local-packages\Python311\site-packages\pydumpck\py_common_dump\__init__.py on(__init__.load_plugins) at 36444@MainThread  
2024-07-06 16:13:09,178 [-] target_file is required :__init__.py:204-40  C:\Users\nehmy\AppData\Local\Packages\PythonSoftwareFoundation.Python.3.11_qbz5n2kfra8p0\LocalCache\local-packages\Python311\site-packages\pydumpck\py_common_dump\__init__.py on(__init__.main) at 36444@MainThread  
2024-07-06 16:14:15,947 [+] pydumpck is a multi-threads tool for decompile exe,elf,pyz,pyc packed by python which is base on pycdc and uncompyle6.sometimes its py-file result not exactly right ,maybe could use uncompyle6.
--------------------
pydumpck initilizing with 1.20.1 :pyinstaller_dump.py:120-20  C:\Users\nehmy\AppData\Local\Packages\PythonSoftwareFoundation.Python.3.11_qbz5n2kfra8p0\LocalCache\local-packages\Python311\site-packages\pydumpck\pyinstaller_dump.py on(pyinstaller_dump.run) at 28616@MainThread  
2024-07-06 16:14:15,948 [*] plugins loaded with ['pycdc'] :__init__.py:165-10  C:\Users\nehmy\AppData\Local\Packages\PythonSoftwareFoundation.Python.3.11_qbz5n2kfra8p0\LocalCache\local-packages\Python311\site-packages\pydumpck\py_common_dump\__init__.py on(__init__.load_plugins) at 28616@MainThread  
2024-07-06 16:14:15,948 [*] target file input:foundme.pyc
to:output_2292115 :__init__.py:206-10  C:\Users\nehmy\AppData\Local\Packages\PythonSoftwareFoundation.Python.3.11_qbz5n2kfra8p0\LocalCache\local-packages\Python311\site-packages\pydumpck\py_common_dump\__init__.py on(__init__.main) at 28616@MainThread  
2024-07-06 16:14:15,948 [*] start dump target file. type:pyc :__init__.py:213-10  C:\Users\nehmy\AppData\Local\Packages\PythonSoftwareFoundation.Python.3.11_qbz5n2kfra8p0\LocalCache\local-packages\Python311\site-packages\pydumpck\py_common_dump\__init__.py on(__init__.main) at 28616@MainThread  
2024-07-06 16:14:18,952 [+] find suitable python-version:(3, 10),magic:3439 :__init__.py:41-20  C:\Users\nehmy\AppData\Local\Packages\PythonSoftwareFoundation.Python.3.11_qbz5n2kfra8p0\LocalCache\local-packages\Python311\site-packages\pydumpck\pyc_checker\pyc\__init__.py on(__init__.check_marshal) at 28616@MainThread  
2024-07-06 16:14:18,958 [!] decompile bytecode by pycdc fail,file:output_2292115\foundme.pyc,with error:None :__init__.py:67-30  C:\Users\nehmy\AppData\Local\Packages\PythonSoftwareFoundation.Python.3.11_qbz5n2kfra8p0\LocalCache\local-packages\Python311\site-packages\pydumpck\pyc_checker\__init__.py on(__init__.exec_pycdc) at 28616@MainThread  
2024-07-06 16:14:18,959 [+] decompile bytecode on file:output_2292115\foundme.pyc,length:20 :__init__.py:39-20  C:\Users\nehmy\AppData\Local\Packages\PythonSoftwareFoundation.Python.3.11_qbz5n2kfra8p0\LocalCache\local-packages\Python311\site-packages\pydumpck\py_package\package_struct\__init__.py on(__init__.decompile_pyc) at 28616@MainThread  
2024-07-06 16:14:18,960 [+] completed,cost 3012ms with result:pyc file handled:output_2292115\foundme.pyc :__init__.py:177-20  C:\Users\nehmy\AppData\Local\Packages\PythonSoftwareFoundation.Python.3.11_qbz5n2kfra8p0\LocalCache\local-packages\Python311\site-packages\pydumpck\py_common_dump\__init__.py on(__init__.statistics_status) at 28616@MainThread  
2024-07-06 16:14:42,720 [+] pydumpck is a multi-threads tool for decompile exe,elf,pyz,pyc packed by python which is base on pycdc and uncompyle6.sometimes its py-file result not exactly right ,maybe could use uncompyle6.
--------------------
pydumpck initilizing with 1.20.1 :pyinstaller_dump.py:120-20  C:\Users\nehmy\AppData\Local\Packages\PythonSoftwareFoundation.Python.3.11_qbz5n2kfra8p0\LocalCache\local-packages\Python311\site-packages\pydumpck\pyinstaller_dump.py on(pyinstaller_dump.run) at 41748@MainThread  
2024-07-06 16:14:42,721 [*] plugins loaded with ['pycdc'] :__init__.py:165-10  C:\Users\nehmy\AppData\Local\Packages\PythonSoftwareFoundation.Python.3.11_qbz5n2kfra8p0\LocalCache\local-packages\Python311\site-packages\pydumpck\py_common_dump\__init__.py on(__init__.load_plugins) at 41748@MainThread  
2024-07-06 16:14:42,721 [*] target file input:foundme.pyc
to:output_6581470 :__init__.py:206-10  C:\Users\nehmy\AppData\Local\Packages\PythonSoftwareFoundation.Python.3.11_qbz5n2kfra8p0\LocalCache\local-packages\Python311\site-packages\pydumpck\py_common_dump\__init__.py on(__init__.main) at 41748@MainThread  
2024-07-06 16:14:42,721 [*] start dump target file. type:pyc :__init__.py:213-10  C:\Users\nehmy\AppData\Local\Packages\PythonSoftwareFoundation.Python.3.11_qbz5n2kfra8p0\LocalCache\local-packages\Python311\site-packages\pydumpck\py_common_dump\__init__.py on(__init__.main) at 41748@MainThread  
2024-07-06 16:14:45,738 [+] find suitable python-version:(3, 10),magic:3439 :__init__.py:41-20  C:\Users\nehmy\AppData\Local\Packages\PythonSoftwareFoundation.Python.3.11_qbz5n2kfra8p0\LocalCache\local-packages\Python311\site-packages\pydumpck\pyc_checker\pyc\__init__.py on(__init__.check_marshal) at 41748@MainThread  
2024-07-06 16:14:45,741 [!] fail to decompile bytecode on file:output_6581470\foundme.pyc,with error:not in decompile files:foundme :__init__.py:42-30  C:\Users\nehmy\AppData\Local\Packages\PythonSoftwareFoundation.Python.3.11_qbz5n2kfra8p0\LocalCache\local-packages\Python311\site-packages\pydumpck\py_package\package_struct\__init__.py on(__init__.decompile_pyc) at 41748@MainThread  
2024-07-06 16:14:45,742 [+] completed,cost 3021ms with result:pyc file handled:output_6581470\foundme.pyc :__init__.py:177-20  C:\Users\nehmy\AppData\Local\Packages\PythonSoftwareFoundation.Python.3.11_qbz5n2kfra8p0\LocalCache\local-packages\Python311\site-packages\pydumpck\py_common_dump\__init__.py on(__init__.statistics_status) at 41748@MainThread  
