srcscan starts
INFO: analyzing module and16 (VERI-9002)
INFO: analyzing module or16 (VERI-9002)
INFO: analyzing module xor16 (VERI-9002)
INFO: analyzing module mod16 (VERI-9002)
INFO: analyzing module MUX (VERI-9002)
INFO: analyzing module SSD (VERI-9002)
INFO: analyzing module register_file (VERI-9002)
INFO: analyzing module ISA_decode (VERI-9002)
C:/Users/nehmy/AppData/Local/Temp/VivadoEditorAssist7236621497804486684.tmp(34): WARNING: data object 'rd_data' is already declared (VERI-2170)
C:/Users/nehmy/AppData/Local/Temp/VivadoEditorAssist7236621497804486684.tmp(29): INFO: previous declaration of 'rd_data' is from here (VERI-1967)
C:/Users/nehmy/AppData/Local/Temp/VivadoEditorAssist7236621497804486684.tmp(34): WARNING: second declaration of 'rd_data' ignored (VERI-1329)
C:/Users/nehmy/AppData/Local/Temp/VivadoEditorAssist7236621497804486684.tmp(37): WARNING: data object 'rs_data' is already declared (VERI-2170)
C:/Users/nehmy/AppData/Local/Temp/VivadoEditorAssist7236621497804486684.tmp(30): INFO: previous declaration of 'rs_data' is from here (VERI-1967)
C:/Users/nehmy/AppData/Local/Temp/VivadoEditorAssist7236621497804486684.tmp(37): WARNING: second declaration of 'rs_data' ignored (VERI-1329)
C:/Users/nehmy/AppData/Local/Temp/VivadoEditorAssist7236621497804486684.tmp(106): WARNING: syntax error near always (VERI-1137)
C:/Users/nehmy/AppData/Local/Temp/VivadoEditorAssist7236621497804486684.tmp(106): ERROR: Verilog 2000 keyword always used in incorrect context (VERI-2344)
C:/Users/nehmy/AppData/Local/Temp/VivadoEditorAssist7236621497804486684.tmp(110): WARNING: syntax error near = (VERI-1137)
C:/Users/nehmy/AppData/Local/Temp/VivadoEditorAssist7236621497804486684.tmp(111): WARNING: syntax error near = (VERI-1137)
C:/Users/nehmy/AppData/Local/Temp/VivadoEditorAssist7236621497804486684.tmp(112): WARNING: syntax error near = (VERI-1137)
C:/Users/nehmy/AppData/Local/Temp/VivadoEditorAssist7236621497804486684.tmp(113): WARNING: syntax error near = (VERI-1137)
C:/Users/nehmy/AppData/Local/Temp/VivadoEditorAssist7236621497804486684.tmp(114): WARNING: syntax error near = (VERI-1137)
C:/Users/nehmy/AppData/Local/Temp/VivadoEditorAssist7236621497804486684.tmp(115): WARNING: syntax error near = (VERI-1137)
C:/Users/nehmy/AppData/Local/Temp/VivadoEditorAssist7236621497804486684.tmp(116): WARNING: syntax error near = (VERI-1137)
C:/Users/nehmy/AppData/Local/Temp/VivadoEditorAssist7236621497804486684.tmp(117): WARNING: syntax error near = (VERI-1137)
C:/Users/nehmy/AppData/Local/Temp/VivadoEditorAssist7236621497804486684.tmp(119): WARNING: syntax error near = (VERI-1137)
C:/Users/nehmy/AppData/Local/Temp/VivadoEditorAssist7236621497804486684.tmp(124): WARNING: syntax error near = (VERI-1137)
C:/Users/nehmy/AppData/Local/Temp/VivadoEditorAssist7236621497804486684.tmp(129): WARNING: syntax error near = (VERI-1137)
C:/Users/nehmy/AppData/Local/Temp/VivadoEditorAssist7236621497804486684.tmp(133): WARNING: syntax error near = (VERI-1137)
C:/Users/nehmy/AppData/Local/Temp/VivadoEditorAssist7236621497804486684.tmp(140): WARNING: syntax error near end (VERI-1137)
C:/Users/nehmy/AppData/Local/Temp/VivadoEditorAssist7236621497804486684.tmp(140): ERROR: Verilog 2000 keyword end used in incorrect context (VERI-2344)
C:/Users/nehmy/AppData/Local/Temp/VivadoEditorAssist7236621497804486684.tmp(105): ERROR: 'Debounce_cb' is an unknown type (VERI-1556)
C:/Users/nehmy/AppData/Local/Temp/VivadoEditorAssist7236621497804486684.tmp(110): ERROR: 'AN' is an unknown type (VERI-1556)
C:/Users/nehmy/AppData/Local/Temp/VivadoEditorAssist7236621497804486684.tmp(110): ERROR: single value range is not allowed in packed dimension (VERI-2079)
C:/Users/nehmy/AppData/Local/Temp/VivadoEditorAssist7236621497804486684.tmp(111): ERROR: 'AN' is an unknown type (VERI-1556)
C:/Users/nehmy/AppData/Local/Temp/VivadoEditorAssist7236621497804486684.tmp(111): ERROR: single value range is not allowed in packed dimension (VERI-2079)
C:/Users/nehmy/AppData/Local/Temp/VivadoEditorAssist7236621497804486684.tmp(112): ERROR: 'AN' is an unknown type (VERI-1556)
C:/Users/nehmy/AppData/Local/Temp/VivadoEditorAssist7236621497804486684.tmp(112): ERROR: single value range is not allowed in packed dimension (VERI-2079)
C:/Users/nehmy/AppData/Local/Temp/VivadoEditorAssist7236621497804486684.tmp(113): ERROR: 'AN' is an unknown type (VERI-1556)
C:/Users/nehmy/AppData/Local/Temp/VivadoEditorAssist7236621497804486684.tmp(113): ERROR: single value range is not allowed in packed dimension (VERI-2079)
C:/Users/nehmy/AppData/Local/Temp/VivadoEditorAssist7236621497804486684.tmp(114): ERROR: 'AN' is an unknown type (VERI-1556)
C:/Users/nehmy/AppData/Local/Temp/VivadoEditorAssist7236621497804486684.tmp(114): ERROR: single value range is not allowed in packed dimension (VERI-2079)
C:/Users/nehmy/AppData/Local/Temp/VivadoEditorAssist7236621497804486684.tmp(115): ERROR: 'AN' is an unknown type (VERI-1556)
C:/Users/nehmy/AppData/Local/Temp/VivadoEditorAssist7236621497804486684.tmp(115): ERROR: single value range is not allowed in packed dimension (VERI-2079)
C:/Users/nehmy/AppData/Local/Temp/VivadoEditorAssist7236621497804486684.tmp(116): ERROR: 'AN' is an unknown type (VERI-1556)
C:/Users/nehmy/AppData/Local/Temp/VivadoEditorAssist7236621497804486684.tmp(116): ERROR: single value range is not allowed in packed dimension (VERI-2079)
C:/Users/nehmy/AppData/Local/Temp/VivadoEditorAssist7236621497804486684.tmp(117): ERROR: 'AN' is an unknown type (VERI-1556)
C:/Users/nehmy/AppData/Local/Temp/VivadoEditorAssist7236621497804486684.tmp(117): ERROR: single value range is not allowed in packed dimension (VERI-2079)
C:/Users/nehmy/AppData/Local/Temp/VivadoEditorAssist7236621497804486684.tmp(118): ERROR: 'write' is not a constant (VERI-1188)
C:/Users/nehmy/AppData/Local/Temp/VivadoEditorAssist7236621497804486684.tmp(119): ERROR: 'write_data_reg' is an unknown type (VERI-1556)
C:/Users/nehmy/AppData/Local/Temp/VivadoEditorAssist7236621497804486684.tmp(120): ERROR: 'op_code' is an unknown type (VERI-1556)
C:/Users/nehmy/AppData/Local/Temp/VivadoEditorAssist7236621497804486684.tmp(121): ERROR: 'op_code' is not a constant (VERI-1188)
C:/Users/nehmy/AppData/Local/Temp/VivadoEditorAssist7236621497804486684.tmp(123): ERROR: 'op_code' is not a constant (VERI-1188)
C:/Users/nehmy/AppData/Local/Temp/VivadoEditorAssist7236621497804486684.tmp(124): ERROR: 'rd_addr' is an unknown type (VERI-1556)
C:/Users/nehmy/AppData/Local/Temp/VivadoEditorAssist7236621497804486684.tmp(125): ERROR: 'rs_addr' is an unknown type (VERI-1556)
C:/Users/nehmy/AppData/Local/Temp/VivadoEditorAssist7236621497804486684.tmp(126): ERROR: 'write_data_reg' is an unknown type (VERI-1556)
C:/Users/nehmy/AppData/Local/Temp/VivadoEditorAssist7236621497804486684.tmp(128): ERROR: 'op_code' is not a constant (VERI-1188)
C:/Users/nehmy/AppData/Local/Temp/VivadoEditorAssist7236621497804486684.tmp(129): ERROR: 'rd_addr' is an unknown type (VERI-1556)
C:/Users/nehmy/AppData/Local/Temp/VivadoEditorAssist7236621497804486684.tmp(130): ERROR: 'write_data_reg' is an unknown type (VERI-1556)
C:/Users/nehmy/AppData/Local/Temp/VivadoEditorAssist7236621497804486684.tmp(133): ERROR: 'rd_addr' is an unknown type (VERI-1556)
C:/Users/nehmy/AppData/Local/Temp/VivadoEditorAssist7236621497804486684.tmp(134): ERROR: 'rs_addr' is an unknown type (VERI-1556)
INFO: analyzing module Debounce_cb (VERI-9002)
INFO: analyzing module Filter (VERI-9002)
INFO: analyzing module Edge_Detector (VERI-9002)
INFO: analyzing module dff_resetless (VERI-9002)
srcscan exits with return value 0
