
*** Running vivado
    with args -log part2.vdi -applog -m64 -product Vivado -messageDb vivado.pb -mode batch -source part2.tcl -notrace


****** Vivado v2019.2 (64-bit)
  **** SW Build 2708876 on Wed Nov  6 21:40:23 MST 2019
  **** IP Build 2700528 on Thu Nov  7 00:09:20 MST 2019
    ** Copyright 1986-2019 Xilinx, Inc. All Rights Reserved.

source part2.tcl -notrace
Command: link_design -top part2 -part xc7a100tcsg324-1
Design is defaulting to srcset: sources_1
Design is defaulting to constrset: constrs_1
INFO: [Device 21-403] Loading part xc7a100tcsg324-1
Netlist sorting complete. Time (s): cpu = 00:00:00 ; elapsed = 00:00:00.001 . Memory (MB): peak = 621.250 ; gain = 0.000
INFO: [Project 1-479] Netlist was created with Vivado 2019.2
INFO: [Project 1-570] Preparing netlist for logic optimization
Parsing XDC File [C:/Users/nehmy/OneDrive/Desktop/415 Hws and Projects/HW5/HW5part2/HW5part2.srcs/constrs_1/new/timing.xdc]
Finished Parsing XDC File [C:/Users/nehmy/OneDrive/Desktop/415 Hws and Projects/HW5/HW5part2/HW5part2.srcs/constrs_1/new/timing.xdc]
INFO: [Opt 31-138] Pushed 0 inverter(s) to 0 load pin(s).
Netlist sorting complete. Time (s): cpu = 00:00:00 ; elapsed = 00:00:00 . Memory (MB): peak = 742.305 ; gain = 0.000
INFO: [Project 1-111] Unisim Transformation Summary:
No Unisim elements were transformed.

5 Infos, 0 Warnings, 0 Critical Warnings and 0 Errors encountered.
link_design completed successfully
link_design: Time (s): cpu = 00:00:06 ; elapsed = 00:00:06 . Memory (MB): peak = 746.332 ; gain = 435.281
Command: opt_design
Attempting to get a license for feature 'Implementation' and/or device 'xc7a100t'
INFO: [Common 17-349] Got license for feature 'Implementation' and/or device 'xc7a100t'
Running DRC as a precondition to command opt_design

Starting DRC Task
INFO: [DRC 23-27] Running DRC with 2 threads
INFO: [Project 1-461] DRC finished with 0 Errors
INFO: [Project 1-462] Please refer to the DRC report (report_drc) for more information.

Time (s): cpu = 00:00:01 ; elapsed = 00:00:00.521 . Memory (MB): peak = 764.750 ; gain = 18.418

Starting Cache Timing Information Task
INFO: [Timing 38-35] Done setting XDC timing constraints.
Ending Cache Timing Information Task | Checksum: fba17d42

Time (s): cpu = 00:00:08 ; elapsed = 00:00:08 . Memory (MB): peak = 1309.250 ; gain = 544.500

Starting Logic Optimization Task

Phase 1 Retarget
INFO: [Opt 31-138] Pushed 0 inverter(s) to 0 load pin(s).
INFO: [Opt 31-49] Retargeted 0 cell(s).
Phase 1 Retarget | Checksum: fba17d42

Time (s): cpu = 00:00:00 ; elapsed = 00:00:00.005 . Memory (MB): peak = 1503.133 ; gain = 0.000
INFO: [Opt 31-389] Phase Retarget created 0 cells and removed 0 cells

Phase 2 Constant propagation
INFO: [Opt 31-138] Pushed 0 inverter(s) to 0 load pin(s).
Phase 2 Constant propagation | Checksum: fba17d42

Time (s): cpu = 00:00:00 ; elapsed = 00:00:00.007 . Memory (MB): peak = 1503.133 ; gain = 0.000
INFO: [Opt 31-389] Phase Constant propagation created 0 cells and removed 0 cells

Phase 3 Sweep
Phase 3 Sweep | Checksum: fba17d42

Time (s): cpu = 00:00:00 ; elapsed = 00:00:00.008 . Memory (MB): peak = 1503.133 ; gain = 0.000
INFO: [Opt 31-389] Phase Sweep created 0 cells and removed 0 cells

Phase 4 BUFG optimization
INFO: [Opt 31-1112] Starts optimizing BUFG(s) with a common MMCM/DPLL/XPLL driver.
INFO: [Opt 31-1112] Starts optimizing BUFG(s) with a common driver.
INFO: [Opt 31-1092] Phase BUFG optimization transformed 0 BUFG(s) to MBUFG(s).
Phase 4 BUFG optimization | Checksum: fba17d42

Time (s): cpu = 00:00:00 ; elapsed = 00:00:00.010 . Memory (MB): peak = 1503.133 ; gain = 0.000
INFO: [Opt 31-662] Phase BUFG optimization created 0 cells of which 0 are BUFGs and removed 0 cells.

Phase 5 Shift Register Optimization
INFO: [Opt 31-1064] SRL Remap converted 0 SRLs to 0 registers and converted 0 registers of register chains to 0 SRLs
Phase 5 Shift Register Optimization | Checksum: fba17d42

Time (s): cpu = 00:00:00 ; elapsed = 00:00:00.012 . Memory (MB): peak = 1503.133 ; gain = 0.000
INFO: [Opt 31-389] Phase Shift Register Optimization created 0 cells and removed 0 cells

Phase 6 Post Processing Netlist
Phase 6 Post Processing Netlist | Checksum: fba17d42

Time (s): cpu = 00:00:00 ; elapsed = 00:00:00.012 . Memory (MB): peak = 1503.133 ; gain = 0.000
INFO: [Opt 31-389] Phase Post Processing Netlist created 0 cells and removed 0 cells
Opt_design Change Summary
=========================


-------------------------------------------------------------------------------------------------------------------------
|  Phase                        |  #Cells created  |  #Cells Removed  |  #Constrained objects preventing optimizations  |
-------------------------------------------------------------------------------------------------------------------------
|  Retarget                     |               0  |               0  |                                              0  |
|  Constant propagation         |               0  |               0  |                                              0  |
|  Sweep                        |               0  |               0  |                                              0  |
|  BUFG optimization            |               0  |               0  |                                              0  |
|  Shift Register Optimization  |               0  |               0  |                                              0  |
|  Post Processing Netlist      |               0  |               0  |                                              0  |
-------------------------------------------------------------------------------------------------------------------------



Starting Connectivity Check Task

Time (s): cpu = 00:00:00 ; elapsed = 00:00:00.001 . Memory (MB): peak = 1503.133 ; gain = 0.000
Ending Logic Optimization Task | Checksum: fba17d42

Time (s): cpu = 00:00:00 ; elapsed = 00:00:00.014 . Memory (MB): peak = 1503.133 ; gain = 0.000

Starting Power Optimization Task
INFO: [Pwropt 34-132] Skipping clock gating for clocks with a period < 2.00 ns.
Ending Power Optimization Task | Checksum: fba17d42

Time (s): cpu = 00:00:00 ; elapsed = 00:00:00.007 . Memory (MB): peak = 1503.133 ; gain = 0.000

Starting Final Cleanup Task
Ending Final Cleanup Task | Checksum: fba17d42

Time (s): cpu = 00:00:00 ; elapsed = 00:00:00 . Memory (MB): peak = 1503.133 ; gain = 0.000

Starting Netlist Obfuscation Task
Netlist sorting complete. Time (s): cpu = 00:00:00 ; elapsed = 00:00:00 . Memory (MB): peak = 1503.133 ; gain = 0.000
Ending Netlist Obfuscation Task | Checksum: fba17d42

Time (s): cpu = 00:00:00 ; elapsed = 00:00:00 . Memory (MB): peak = 1503.133 ; gain = 0.000
INFO: [Common 17-83] Releasing license: Implementation
25 Infos, 0 Warnings, 0 Critical Warnings and 0 Errors encountered.
opt_design completed successfully
opt_design: Time (s): cpu = 00:00:10 ; elapsed = 00:00:10 . Memory (MB): peak = 1503.133 ; gain = 756.801
Netlist sorting complete. Time (s): cpu = 00:00:00 ; elapsed = 00:00:00 . Memory (MB): peak = 1503.133 ; gain = 0.000
INFO: [Timing 38-480] Writing timing data to binary archive.
INFO: [Common 17-1381] The checkpoint 'C:/Users/nehmy/OneDrive/Desktop/415 Hws and Projects/HW5/HW5part2/HW5part2.runs/impl_1/part2_opt.dcp' has been generated.
INFO: [runtcl-4] Executing : report_drc -file part2_drc_opted.rpt -pb part2_drc_opted.pb -rpx part2_drc_opted.rpx
Command: report_drc -file part2_drc_opted.rpt -pb part2_drc_opted.pb -rpx part2_drc_opted.rpx
INFO: [IP_Flow 19-234] Refreshing IP repositories
INFO: [IP_Flow 19-1704] No user IP repositories specified
INFO: [IP_Flow 19-2313] Loaded Vivado IP repository 'C:/Xilinx/Vivado/2019.2/data/ip'.
INFO: [DRC 23-27] Running DRC with 2 threads
INFO: [Coretcl 2-168] The results of DRC are in file C:/Users/nehmy/OneDrive/Desktop/415 Hws and Projects/HW5/HW5part2/HW5part2.runs/impl_1/part2_drc_opted.rpt.
report_drc completed successfully
Command: place_design
Attempting to get a license for feature 'Implementation' and/or device 'xc7a100t'
INFO: [Common 17-349] Got license for feature 'Implementation' and/or device 'xc7a100t'
INFO: [DRC 23-27] Running DRC with 2 threads
INFO: [Vivado_Tcl 4-198] DRC finished with 0 Errors
INFO: [Vivado_Tcl 4-199] Please refer to the DRC report (report_drc) for more information.
Running DRC as a precondition to command place_design
INFO: [DRC 23-27] Running DRC with 2 threads
INFO: [Vivado_Tcl 4-198] DRC finished with 0 Errors
INFO: [Vivado_Tcl 4-199] Please refer to the DRC report (report_drc) for more information.

Starting Placer Task
INFO: [Place 30-611] Multithreading enabled for place_design using a maximum of 2 CPUs

Phase 1 Placer Initialization

Phase 1.1 Placer Initialization Netlist Sorting
Netlist sorting complete. Time (s): cpu = 00:00:00 ; elapsed = 00:00:00 . Memory (MB): peak = 1503.133 ; gain = 0.000
Phase 1.1 Placer Initialization Netlist Sorting | Checksum: 61ec0ab2

Time (s): cpu = 00:00:00 ; elapsed = 00:00:00.004 . Memory (MB): peak = 1503.133 ; gain = 0.000
Netlist sorting complete. Time (s): cpu = 00:00:00 ; elapsed = 00:00:00 . Memory (MB): peak = 1503.133 ; gain = 0.000

Phase 1.2 IO Placement/ Clock Placement/ Build Placer Device
INFO: [Timing 38-35] Done setting XDC timing constraints.
Phase 1.2 IO Placement/ Clock Placement/ Build Placer Device | Checksum: 1001f66e3

Time (s): cpu = 00:00:01 ; elapsed = 00:00:00.848 . Memory (MB): peak = 1503.133 ; gain = 0.000

Phase 1.3 Build Placer Netlist Model
Phase 1.3 Build Placer Netlist Model | Checksum: 159f07e32

Time (s): cpu = 00:00:01 ; elapsed = 00:00:00.924 . Memory (MB): peak = 1503.133 ; gain = 0.000

Phase 1.4 Constrain Clocks/Macros
Phase 1.4 Constrain Clocks/Macros | Checksum: 159f07e32

Time (s): cpu = 00:00:01 ; elapsed = 00:00:00.926 . Memory (MB): peak = 1503.133 ; gain = 0.000
Phase 1 Placer Initialization | Checksum: 159f07e32

Time (s): cpu = 00:00:01 ; elapsed = 00:00:00.928 . Memory (MB): peak = 1503.133 ; gain = 0.000

Phase 2 Global Placement

Phase 2.1 Floorplanning
Phase 2.1 Floorplanning | Checksum: 127815376

Time (s): cpu = 00:00:01 ; elapsed = 00:00:01 . Memory (MB): peak = 1503.133 ; gain = 0.000

Phase 2.2 Global Placement Core

Phase 2.2.1 Physical Synthesis In Placer
INFO: [Physopt 32-775] End 1 Pass. Optimized 0 net or cell. Created 0 new cell, deleted 0 existing cell and moved 0 existing cell
INFO: [Physopt 32-65] No nets found for high-fanout optimization.
INFO: [Physopt 32-232] Optimized 0 net. Created 0 new instance.
INFO: [Physopt 32-775] End 1 Pass. Optimized 0 net or cell. Created 0 new cell, deleted 0 existing cell and moved 0 existing cell
INFO: [Physopt 32-456] No candidate cells for DSP register optimization found in the design.
INFO: [Physopt 32-775] End 2 Pass. Optimized 0 net or cell. Created 0 new cell, deleted 0 existing cell and moved 0 existing cell
INFO: [Physopt 32-775] End 1 Pass. Optimized 0 net or cell. Created 0 new cell, deleted 0 existing cell and moved 0 existing cell
INFO: [Physopt 32-677] No candidate cells for Shift Register optimization found in the design
INFO: [Physopt 32-775] End 1 Pass. Optimized 0 net or cell. Created 0 new cell, deleted 0 existing cell and moved 0 existing cell
INFO: [Physopt 32-526] No candidate cells for BRAM register optimization found in the design
INFO: [Physopt 32-775] End 1 Pass. Optimized 0 net or cell. Created 0 new cell, deleted 0 existing cell and moved 0 existing cell
INFO: [Physopt 32-949] No candidate nets found for HD net replication
INFO: [Physopt 32-775] End 1 Pass. Optimized 0 net or cell. Created 0 new cell, deleted 0 existing cell and moved 0 existing cell
Netlist sorting complete. Time (s): cpu = 00:00:00 ; elapsed = 00:00:00 . Memory (MB): peak = 1503.133 ; gain = 0.000

Summary of Physical Synthesis Optimizations
============================================


-----------------------------------------------------------------------------------------------------------------------------------------------------------
|  Optimization                                     |  Added Cells  |  Removed Cells  |  Optimized Cells/Nets  |  Dont Touch  |  Iterations  |  Elapsed   |
-----------------------------------------------------------------------------------------------------------------------------------------------------------
|  LUT Combining                                    |            0  |              0  |                     0  |           0  |           1  |  00:00:00  |
|  Very High Fanout                                 |            0  |              0  |                     0  |           0  |           1  |  00:00:00  |
|  DSP Register                                     |            0  |              0  |                     0  |           0  |           1  |  00:00:00  |
|  Shift Register to Pipeline                       |            0  |              0  |                     0  |           0  |           1  |  00:00:00  |
|  Shift Register                                   |            0  |              0  |                     0  |           0  |           1  |  00:00:00  |
|  BRAM Register                                    |            0  |              0  |                     0  |           0  |           1  |  00:00:00  |
|  Dynamic/Static Region Interface Net Replication  |            0  |              0  |                     0  |           0  |           1  |  00:00:00  |
|  Total                                            |            0  |              0  |                     0  |           0  |           7  |  00:00:00  |
-----------------------------------------------------------------------------------------------------------------------------------------------------------


Phase 2.2.1 Physical Synthesis In Placer | Checksum: 1ede80f90

Time (s): cpu = 00:00:02 ; elapsed = 00:00:02 . Memory (MB): peak = 1503.133 ; gain = 0.000
Phase 2.2 Global Placement Core | Checksum: 1c583b0c5

Time (s): cpu = 00:00:02 ; elapsed = 00:00:02 . Memory (MB): peak = 1503.133 ; gain = 0.000
Phase 2 Global Placement | Checksum: 1c583b0c5

Time (s): cpu = 00:00:02 ; elapsed = 00:00:02 . Memory (MB): peak = 1503.133 ; gain = 0.000

Phase 3 Detail Placement

Phase 3.1 Commit Multi Column Macros
Phase 3.1 Commit Multi Column Macros | Checksum: 12a039c4d

Time (s): cpu = 00:00:02 ; elapsed = 00:00:02 . Memory (MB): peak = 1503.133 ; gain = 0.000

Phase 3.2 Commit Most Macros & LUTRAMs
Phase 3.2 Commit Most Macros & LUTRAMs | Checksum: 14e97a816

Time (s): cpu = 00:00:03 ; elapsed = 00:00:02 . Memory (MB): peak = 1503.133 ; gain = 0.000

Phase 3.3 Area Swap Optimization
Phase 3.3 Area Swap Optimization | Checksum: 141d4ada0

Time (s): cpu = 00:00:03 ; elapsed = 00:00:02 . Memory (MB): peak = 1503.133 ; gain = 0.000

Phase 3.4 Pipeline Register Optimization
Phase 3.4 Pipeline Register Optimization | Checksum: 15381a058

Time (s): cpu = 00:00:03 ; elapsed = 00:00:02 . Memory (MB): peak = 1503.133 ; gain = 0.000

Phase 3.5 Fast Optimization
Phase 3.5 Fast Optimization | Checksum: 15381a058

Time (s): cpu = 00:00:03 ; elapsed = 00:00:02 . Memory (MB): peak = 1503.133 ; gain = 0.000

Phase 3.6 Small Shape Detail Placement
Phase 3.6 Small Shape Detail Placement | Checksum: d604aec6

Time (s): cpu = 00:00:04 ; elapsed = 00:00:03 . Memory (MB): peak = 1503.133 ; gain = 0.000

Phase 3.7 Re-assign LUT pins
Phase 3.7 Re-assign LUT pins | Checksum: 42aab448

Time (s): cpu = 00:00:04 ; elapsed = 00:00:03 . Memory (MB): peak = 1503.133 ; gain = 0.000

Phase 3.8 Pipeline Register Optimization
Phase 3.8 Pipeline Register Optimization | Checksum: 50d56c80

Time (s): cpu = 00:00:04 ; elapsed = 00:00:03 . Memory (MB): peak = 1503.133 ; gain = 0.000

Phase 3.9 Fast Optimization
Phase 3.9 Fast Optimization | Checksum: fc95da8e

Time (s): cpu = 00:00:04 ; elapsed = 00:00:03 . Memory (MB): peak = 1503.133 ; gain = 0.000
Phase 3 Detail Placement | Checksum: fc95da8e

Time (s): cpu = 00:00:04 ; elapsed = 00:00:03 . Memory (MB): peak = 1503.133 ; gain = 0.000

Phase 4 Post Placement Optimization and Clean-Up

Phase 4.1 Post Commit Optimization
INFO: [Timing 38-35] Done setting XDC timing constraints.

Phase 4.1.1 Post Placement Optimization
Post Placement Optimization Initialization | Checksum: 156fe181e

Phase 4.1.1.1 BUFG Insertion
INFO: [Place 46-56] BUFG insertion identified 0 candidate nets. Inserted BUFG: 0, Replicated BUFG Driver: 0, Skipped due to Placement/Routing Conflicts: 0, Skipped due to Timing Degradation: 0, Skipped due to Illegal Netlist: 0.
Phase 4.1.1.1 BUFG Insertion | Checksum: 156fe181e

Time (s): cpu = 00:00:04 ; elapsed = 00:00:03 . Memory (MB): peak = 1514.176 ; gain = 11.043
INFO: [Place 30-746] Post Placement Timing Summary WNS=0.005. For the most accurate timing information please run report_timing.
Phase 4.1.1 Post Placement Optimization | Checksum: 199d87e7c

Time (s): cpu = 00:00:10 ; elapsed = 00:00:09 . Memory (MB): peak = 1514.176 ; gain = 11.043
Phase 4.1 Post Commit Optimization | Checksum: 199d87e7c

Time (s): cpu = 00:00:10 ; elapsed = 00:00:09 . Memory (MB): peak = 1514.176 ; gain = 11.043

Phase 4.2 Post Placement Cleanup
Phase 4.2 Post Placement Cleanup | Checksum: 199d87e7c

Time (s): cpu = 00:00:10 ; elapsed = 00:00:09 . Memory (MB): peak = 1514.176 ; gain = 11.043

Phase 4.3 Placer Reporting
Phase 4.3 Placer Reporting | Checksum: 199d87e7c

Time (s): cpu = 00:00:10 ; elapsed = 00:00:09 . Memory (MB): peak = 1514.176 ; gain = 11.043

Phase 4.4 Final Placement Cleanup
Netlist sorting complete. Time (s): cpu = 00:00:00 ; elapsed = 00:00:00 . Memory (MB): peak = 1514.176 ; gain = 0.000
Phase 4.4 Final Placement Cleanup | Checksum: 256111537

Time (s): cpu = 00:00:10 ; elapsed = 00:00:09 . Memory (MB): peak = 1514.176 ; gain = 11.043
Phase 4 Post Placement Optimization and Clean-Up | Checksum: 256111537

Time (s): cpu = 00:00:10 ; elapsed = 00:00:09 . Memory (MB): peak = 1514.176 ; gain = 11.043
Ending Placer Task | Checksum: 18c16608b

Time (s): cpu = 00:00:10 ; elapsed = 00:00:09 . Memory (MB): peak = 1514.176 ; gain = 11.043
INFO: [Common 17-83] Releasing license: Implementation
59 Infos, 0 Warnings, 0 Critical Warnings and 0 Errors encountered.
place_design completed successfully
place_design: Time (s): cpu = 00:00:12 ; elapsed = 00:00:10 . Memory (MB): peak = 1514.176 ; gain = 11.043
Netlist sorting complete. Time (s): cpu = 00:00:00 ; elapsed = 00:00:00 . Memory (MB): peak = 1514.176 ; gain = 0.000
INFO: [Timing 38-480] Writing timing data to binary archive.
Writing placer database...
Writing XDEF routing.
Writing XDEF routing logical nets.
Writing XDEF routing special nets.
Write XDEF Complete: Time (s): cpu = 00:00:00 ; elapsed = 00:00:00.036 . Memory (MB): peak = 1514.227 ; gain = 0.051
INFO: [Common 17-1381] The checkpoint 'C:/Users/nehmy/OneDrive/Desktop/415 Hws and Projects/HW5/HW5part2/HW5part2.runs/impl_1/part2_placed.dcp' has been generated.
INFO: [runtcl-4] Executing : report_io -file part2_io_placed.rpt
report_io: Time (s): cpu = 00:00:00 ; elapsed = 00:00:00.044 . Memory (MB): peak = 1514.227 ; gain = 0.000
INFO: [runtcl-4] Executing : report_utilization -file part2_utilization_placed.rpt -pb part2_utilization_placed.pb
INFO: [runtcl-4] Executing : report_control_sets -verbose -file part2_control_sets_placed.rpt
report_control_sets: Time (s): cpu = 00:00:00 ; elapsed = 00:00:00.001 . Memory (MB): peak = 1514.227 ; gain = 0.000
Command: phys_opt_design
Attempting to get a license for feature 'Implementation' and/or device 'xc7a100t'
INFO: [Common 17-349] Got license for feature 'Implementation' and/or device 'xc7a100t'
Netlist sorting complete. Time (s): cpu = 00:00:00 ; elapsed = 00:00:00 . Memory (MB): peak = 1526.680 ; gain = 0.000

Starting Physical Synthesis Task

Phase 1 Physical Synthesis Initialization
INFO: [Physopt 32-721] Multithreading enabled for phys_opt_design using a maximum of 2 CPUs
INFO: [Physopt 32-619] Estimated Timing Summary | WNS=0.005 | TNS=0.000 |
Phase 1 Physical Synthesis Initialization | Checksum: e4513b0f

Time (s): cpu = 00:00:01 ; elapsed = 00:00:01 . Memory (MB): peak = 1526.711 ; gain = 0.031
INFO: [Physopt 32-619] Estimated Timing Summary | WNS=0.005 | TNS=0.000 |

Phase 2 DSP Register Optimization
INFO: [Physopt 32-670] No setup violation found.  DSP Register Optimization was not performed.
Phase 2 DSP Register Optimization | Checksum: e4513b0f

Time (s): cpu = 00:00:01 ; elapsed = 00:00:01 . Memory (MB): peak = 1526.711 ; gain = 0.031

Phase 3 Critical Path Optimization
INFO: [Physopt 32-619] Estimated Timing Summary | WNS=0.005 | TNS=0.000 |
INFO: [Physopt 32-619] Estimated Timing Summary | WNS=0.005 | TNS=0.000 |
Phase 3 Critical Path Optimization | Checksum: e4513b0f

Time (s): cpu = 00:00:01 ; elapsed = 00:00:01 . Memory (MB): peak = 1526.711 ; gain = 0.031
Netlist sorting complete. Time (s): cpu = 00:00:00 ; elapsed = 00:00:00 . Memory (MB): peak = 1526.711 ; gain = 0.000
INFO: [Physopt 32-603] Post Physical Optimization Timing Summary | WNS=0.005 | TNS=0.000 |

Summary of Physical Synthesis Optimizations
============================================


-------------------------------------------------------------------------------------------------------------------------------------------------------------
|  Optimization   |  WNS Gain (ns)  |  TNS Gain (ns)  |  Added Cells  |  Removed Cells  |  Optimized Cells/Nets  |  Dont Touch  |  Iterations  |  Elapsed   |
-------------------------------------------------------------------------------------------------------------------------------------------------------------
|  DSP Register   |          0.000  |          0.000  |            0  |              0  |                     0  |           0  |           0  |  00:00:00  |
|  Critical Path  |          0.000  |          0.000  |            0  |              0  |                     0  |           0  |           1  |  00:00:00  |
|  Total          |          0.000  |          0.000  |            0  |              0  |                     0  |           0  |           1  |  00:00:00  |
-------------------------------------------------------------------------------------------------------------------------------------------------------------


Netlist sorting complete. Time (s): cpu = 00:00:00 ; elapsed = 00:00:00 . Memory (MB): peak = 1526.711 ; gain = 0.000
Ending Physical Synthesis Task | Checksum: e4513b0f

Time (s): cpu = 00:00:01 ; elapsed = 00:00:01 . Memory (MB): peak = 1526.711 ; gain = 0.031
INFO: [Common 17-83] Releasing license: Implementation
73 Infos, 0 Warnings, 0 Critical Warnings and 0 Errors encountered.
phys_opt_design completed successfully
Netlist sorting complete. Time (s): cpu = 00:00:00 ; elapsed = 00:00:00 . Memory (MB): peak = 1526.711 ; gain = 0.000
INFO: [Timing 38-480] Writing timing data to binary archive.
Writing placer database...
Writing XDEF routing.
Writing XDEF routing logical nets.
Writing XDEF routing special nets.
Write XDEF Complete: Time (s): cpu = 00:00:00 ; elapsed = 00:00:00.036 . Memory (MB): peak = 1544.691 ; gain = 17.953
INFO: [Common 17-1381] The checkpoint 'C:/Users/nehmy/OneDrive/Desktop/415 Hws and Projects/HW5/HW5part2/HW5part2.runs/impl_1/part2_physopt.dcp' has been generated.
Command: route_design
Attempting to get a license for feature 'Implementation' and/or device 'xc7a100t'
INFO: [Common 17-349] Got license for feature 'Implementation' and/or device 'xc7a100t'
Running DRC as a precondition to command route_design
INFO: [DRC 23-27] Running DRC with 2 threads
INFO: [Vivado_Tcl 4-198] DRC finished with 0 Errors
INFO: [Vivado_Tcl 4-199] Please refer to the DRC report (report_drc) for more information.


Starting Routing Task
INFO: [Route 35-254] Multithreading enabled for route_design using a maximum of 2 CPUs
Checksum: PlaceDB: c8189724 ConstDB: 0 ShapeSum: 30ee09c0 RouteDB: 0

Phase 1 Build RT Design
Phase 1 Build RT Design | Checksum: fb2571f0

Time (s): cpu = 00:00:29 ; elapsed = 00:00:26 . Memory (MB): peak = 1669.297 ; gain = 115.551
Post Restoration Checksum: NetGraph: 3accda4c NumContArr: c05897a4 Constraints: 0 Timing: 0

Phase 2 Router Initialization

Phase 2.1 Create Timer
Phase 2.1 Create Timer | Checksum: fb2571f0

Time (s): cpu = 00:00:29 ; elapsed = 00:00:26 . Memory (MB): peak = 1669.320 ; gain = 115.574

Phase 2.2 Fix Topology Constraints
Phase 2.2 Fix Topology Constraints | Checksum: fb2571f0

Time (s): cpu = 00:00:29 ; elapsed = 00:00:26 . Memory (MB): peak = 1675.543 ; gain = 121.797

Phase 2.3 Pre Route Cleanup
Phase 2.3 Pre Route Cleanup | Checksum: fb2571f0

Time (s): cpu = 00:00:29 ; elapsed = 00:00:26 . Memory (MB): peak = 1675.543 ; gain = 121.797
 Number of Nodes with overlaps = 0

Phase 2.4 Update Timing
Phase 2.4 Update Timing | Checksum: 1552eb384

Time (s): cpu = 00:00:29 ; elapsed = 00:00:26 . Memory (MB): peak = 1682.629 ; gain = 128.883
INFO: [Route 35-416] Intermediate Timing Summary | WNS=-0.010 | TNS=-0.021 | WHS=-0.068 | THS=-0.282 |

Phase 2 Router Initialization | Checksum: 1552adfe4

Time (s): cpu = 00:00:29 ; elapsed = 00:00:26 . Memory (MB): peak = 1682.629 ; gain = 128.883

Router Utilization Summary
  Global Vertical Routing Utilization    = 4.35218e-05 %
  Global Horizontal Routing Utilization  = 0 %
  Routable Net Status*
  *Does not include unroutable nets such as driverless and loadless.
  Run report_route_status for detailed report.
  Number of Failed Nets               = 22
    (Failed Nets is the sum of unrouted and partially routed nets)
  Number of Unrouted Nets             = 19
  Number of Partially Routed Nets     = 3
  Number of Node Overlaps             = 3


Phase 3 Initial Routing
Phase 3 Initial Routing | Checksum: 1c7966953

Time (s): cpu = 00:00:29 ; elapsed = 00:00:26 . Memory (MB): peak = 1683.926 ; gain = 130.180

Phase 4 Rip-up And Reroute

Phase 4.1 Global Iteration 0
 Number of Nodes with overlaps = 5
 Number of Nodes with overlaps = 2
 Number of Nodes with overlaps = 5
 Number of Nodes with overlaps = 2
 Number of Nodes with overlaps = 2
 Number of Nodes with overlaps = 2
 Number of Nodes with overlaps = 2
 Number of Nodes with overlaps = 1
 Number of Nodes with overlaps = 0
INFO: [Route 35-416] Intermediate Timing Summary | WNS=-0.075 | TNS=-0.282 | WHS=N/A    | THS=N/A    |

Phase 4.1 Global Iteration 0 | Checksum: f8c1955c

Time (s): cpu = 00:00:29 ; elapsed = 00:00:26 . Memory (MB): peak = 1683.926 ; gain = 130.180

Phase 4.2 Global Iteration 1
 Number of Nodes with overlaps = 3
 Number of Nodes with overlaps = 3
 Number of Nodes with overlaps = 1
 Number of Nodes with overlaps = 1
 Number of Nodes with overlaps = 1
 Number of Nodes with overlaps = 0
INFO: [Route 35-416] Intermediate Timing Summary | WNS=-0.073 | TNS=-0.268 | WHS=N/A    | THS=N/A    |

Phase 4.2 Global Iteration 1 | Checksum: 1a39e327a

Time (s): cpu = 00:00:29 ; elapsed = 00:00:26 . Memory (MB): peak = 1683.926 ; gain = 130.180
Phase 4 Rip-up And Reroute | Checksum: 1a39e327a

Time (s): cpu = 00:00:29 ; elapsed = 00:00:26 . Memory (MB): peak = 1683.926 ; gain = 130.180

Phase 5 Delay and Skew Optimization

Phase 5.1 Delay CleanUp

Phase 5.1.1 Update Timing
Phase 5.1.1 Update Timing | Checksum: 22d6c133a

Time (s): cpu = 00:00:29 ; elapsed = 00:00:26 . Memory (MB): peak = 1683.926 ; gain = 130.180
INFO: [Route 35-416] Intermediate Timing Summary | WNS=0.022  | TNS=0.000  | WHS=N/A    | THS=N/A    |

Phase 5.1 Delay CleanUp | Checksum: 22d6c133a

Time (s): cpu = 00:00:29 ; elapsed = 00:00:26 . Memory (MB): peak = 1683.926 ; gain = 130.180

Phase 5.2 Clock Skew Optimization
Phase 5.2 Clock Skew Optimization | Checksum: 22d6c133a

Time (s): cpu = 00:00:29 ; elapsed = 00:00:26 . Memory (MB): peak = 1683.926 ; gain = 130.180
Phase 5 Delay and Skew Optimization | Checksum: 22d6c133a

Time (s): cpu = 00:00:29 ; elapsed = 00:00:26 . Memory (MB): peak = 1683.926 ; gain = 130.180

Phase 6 Post Hold Fix

Phase 6.1 Hold Fix Iter

Phase 6.1.1 Update Timing
Phase 6.1.1 Update Timing | Checksum: 13de93cec

Time (s): cpu = 00:00:29 ; elapsed = 00:00:26 . Memory (MB): peak = 1683.926 ; gain = 130.180
INFO: [Route 35-416] Intermediate Timing Summary | WNS=0.022  | TNS=0.000  | WHS=0.197  | THS=0.000  |

Phase 6.1 Hold Fix Iter | Checksum: 13de93cec

Time (s): cpu = 00:00:29 ; elapsed = 00:00:26 . Memory (MB): peak = 1683.926 ; gain = 130.180
Phase 6 Post Hold Fix | Checksum: 13de93cec

Time (s): cpu = 00:00:29 ; elapsed = 00:00:26 . Memory (MB): peak = 1683.926 ; gain = 130.180

Phase 7 Route finalize

Router Utilization Summary
  Global Vertical Routing Utilization    = 0.00147974 %
  Global Horizontal Routing Utilization  = 0.00163399 %
  Routable Net Status*
  *Does not include unroutable nets such as driverless and loadless.
  Run report_route_status for detailed report.
  Number of Failed Nets               = 0
    (Failed Nets is the sum of unrouted and partially routed nets)
  Number of Unrouted Nets             = 0
  Number of Partially Routed Nets     = 0
  Number of Node Overlaps             = 0

Phase 7 Route finalize | Checksum: 16f383cdf

Time (s): cpu = 00:00:30 ; elapsed = 00:00:26 . Memory (MB): peak = 1683.926 ; gain = 130.180

Phase 8 Verifying routed nets

 Verification completed successfully
Phase 8 Verifying routed nets | Checksum: 16f383cdf

Time (s): cpu = 00:00:30 ; elapsed = 00:00:26 . Memory (MB): peak = 1685.996 ; gain = 132.250

Phase 9 Depositing Routes
Phase 9 Depositing Routes | Checksum: 18454ca03

Time (s): cpu = 00:00:30 ; elapsed = 00:00:26 . Memory (MB): peak = 1685.996 ; gain = 132.250

Phase 10 Post Router Timing
INFO: [Route 35-57] Estimated Timing Summary | WNS=0.022  | TNS=0.000  | WHS=0.197  | THS=0.000  |

INFO: [Route 35-327] The final timing numbers are based on the router estimated timing analysis. For a complete and accurate timing signoff, please run report_timing_summary.
Phase 10 Post Router Timing | Checksum: 18454ca03

Time (s): cpu = 00:00:30 ; elapsed = 00:00:26 . Memory (MB): peak = 1685.996 ; gain = 132.250
INFO: [Route 35-16] Router Completed Successfully

Time (s): cpu = 00:00:30 ; elapsed = 00:00:26 . Memory (MB): peak = 1685.996 ; gain = 132.250

Routing Is Done.
INFO: [Common 17-83] Releasing license: Implementation
89 Infos, 0 Warnings, 0 Critical Warnings and 0 Errors encountered.
route_design completed successfully
route_design: Time (s): cpu = 00:00:31 ; elapsed = 00:00:27 . Memory (MB): peak = 1685.996 ; gain = 141.305
Netlist sorting complete. Time (s): cpu = 00:00:00 ; elapsed = 00:00:00 . Memory (MB): peak = 1685.996 ; gain = 0.000
INFO: [Timing 38-480] Writing timing data to binary archive.
Writing placer database...
Writing XDEF routing.
Writing XDEF routing logical nets.
Writing XDEF routing special nets.
Write XDEF Complete: Time (s): cpu = 00:00:00 ; elapsed = 00:00:00.038 . Memory (MB): peak = 1695.812 ; gain = 9.816
INFO: [Common 17-1381] The checkpoint 'C:/Users/nehmy/OneDrive/Desktop/415 Hws and Projects/HW5/HW5part2/HW5part2.runs/impl_1/part2_routed.dcp' has been generated.
INFO: [runtcl-4] Executing : report_drc -file part2_drc_routed.rpt -pb part2_drc_routed.pb -rpx part2_drc_routed.rpx
Command: report_drc -file part2_drc_routed.rpt -pb part2_drc_routed.pb -rpx part2_drc_routed.rpx
INFO: [IP_Flow 19-1839] IP Catalog is up to date.
INFO: [DRC 23-27] Running DRC with 2 threads
INFO: [Coretcl 2-168] The results of DRC are in file C:/Users/nehmy/OneDrive/Desktop/415 Hws and Projects/HW5/HW5part2/HW5part2.runs/impl_1/part2_drc_routed.rpt.
report_drc completed successfully
INFO: [runtcl-4] Executing : report_methodology -file part2_methodology_drc_routed.rpt -pb part2_methodology_drc_routed.pb -rpx part2_methodology_drc_routed.rpx
Command: report_methodology -file part2_methodology_drc_routed.rpt -pb part2_methodology_drc_routed.pb -rpx part2_methodology_drc_routed.rpx
INFO: [Timing 38-35] Done setting XDC timing constraints.
INFO: [DRC 23-133] Running Methodology with 2 threads
INFO: [Coretcl 2-1520] The results of Report Methodology are in file C:/Users/nehmy/OneDrive/Desktop/415 Hws and Projects/HW5/HW5part2/HW5part2.runs/impl_1/part2_methodology_drc_routed.rpt.
report_methodology completed successfully
INFO: [runtcl-4] Executing : report_power -file part2_power_routed.rpt -pb part2_power_summary_routed.pb -rpx part2_power_routed.rpx
Command: report_power -file part2_power_routed.rpt -pb part2_power_summary_routed.pb -rpx part2_power_routed.rpx
INFO: [Timing 38-35] Done setting XDC timing constraints.
Running Vector-less Activity Propagation...

Finished Running Vector-less Activity Propagation
101 Infos, 0 Warnings, 0 Critical Warnings and 0 Errors encountered.
report_power completed successfully
INFO: [runtcl-4] Executing : report_route_status -file part2_route_status.rpt -pb part2_route_status.pb
INFO: [runtcl-4] Executing : report_timing_summary -max_paths 10 -file part2_timing_summary_routed.rpt -pb part2_timing_summary_routed.pb -rpx part2_timing_summary_routed.rpx -warn_on_violation 
INFO: [Timing 38-91] UpdateTimingParams: Speed grade: -1, Delay Type: min_max.
INFO: [Timing 38-191] Multithreading enabled for timing update using a maximum of 2 CPUs
INFO: [runtcl-4] Executing : report_incremental_reuse -file part2_incremental_reuse_routed.rpt
INFO: [Vivado_Tcl 4-1062] Incremental flow is disabled. No incremental reuse Info to report.
INFO: [runtcl-4] Executing : report_clock_utilization -file part2_clock_utilization_routed.rpt
INFO: [runtcl-4] Executing : report_bus_skew -warn_on_violation -file part2_bus_skew_routed.rpt -pb part2_bus_skew_routed.pb -rpx part2_bus_skew_routed.rpx
INFO: [Timing 38-91] UpdateTimingParams: Speed grade: -1, Delay Type: min_max.
INFO: [Timing 38-191] Multithreading enabled for timing update using a maximum of 2 CPUs
INFO: [Common 17-206] Exiting Vivado at Sun Apr 18 16:36:34 2021...
