#-----------------------------------------------------------
# Vivado v2019.2 (64-bit)
# SW Build 2708876 on Wed Nov  6 21:40:23 MST 2019
# IP Build 2700528 on Thu Nov  7 00:09:20 MST 2019
# Start of session at: Sun Feb 21 14:45:15 2021
# Process ID: 16876
# Current directory: C:/Users/nehmy/OneDrive/Desktop/415 Hws and Projects/hw2part2
# Command line: vivado.exe -gui_launcher_event rodinguilauncherevent15888 C:\Users\nehmy\OneDrive\Desktop\415 Hws and Projects\hw2part2\hw2part2.xpr
# Log file: C:/Users/nehmy/OneDrive/Desktop/415 Hws and Projects/hw2part2/vivado.log
# Journal file: C:/Users/nehmy/OneDrive/Desktop/415 Hws and Projects/hw2part2\vivado.jou
#-----------------------------------------------------------
start_gui
open_project {C:/Users/nehmy/OneDrive/Desktop/415 Hws and Projects/hw2part2/hw2part2.xpr}
Scanning sources...
Finished scanning sources
INFO: [IP_Flow 19-234] Refreshing IP repositories
INFO: [IP_Flow 19-1704] No user IP repositories specified
INFO: [IP_Flow 19-2313] Loaded Vivado IP repository 'C:/Xilinx/Vivado/2019.2/data/ip'.
update_compile_order -fileset sources_1
exit
INFO: [Common 17-206] Exiting Vivado at Sun Feb 21 14:56:10 2021...
