#-----------------------------------------------------------
# Vivado v2019.2 (64-bit)
# SW Build 2708876 on Wed Nov  6 21:40:23 MST 2019
# IP Build 2700528 on Thu Nov  7 00:09:20 MST 2019
# Start of session at: Sun Feb 21 21:48:25 2021
# Process ID: 20700
# Current directory: C:/Users/nehmy/OneDrive/Desktop/415 Hws and Projects/HW2/hw2part4
# Command line: vivado.exe -gui_launcher_event rodinguilauncherevent21816 C:\Users\nehmy\OneDrive\Desktop\415 Hws and Projects\HW2\hw2part4\hw2part4.xpr
# Log file: C:/Users/nehmy/OneDrive/Desktop/415 Hws and Projects/HW2/hw2part4/vivado.log
# Journal file: C:/Users/nehmy/OneDrive/Desktop/415 Hws and Projects/HW2/hw2part4\vivado.jou
#-----------------------------------------------------------
start_gui
open_project {C:/Users/nehmy/OneDrive/Desktop/415 Hws and Projects/HW2/hw2part4/hw2part4.xpr}
INFO: [Project 1-313] Project file moved from 'C:/Users/nehmy/OneDrive/Desktop/415 Hws and Projects/hw2part4' since last save.
Scanning sources...
Finished scanning sources
INFO: [IP_Flow 19-234] Refreshing IP repositories
INFO: [IP_Flow 19-1704] No user IP repositories specified
INFO: [IP_Flow 19-2313] Loaded Vivado IP repository 'C:/Xilinx/Vivado/2019.2/data/ip'.
update_compile_order -fileset sources_1
launch_simulation
Command: launch_simulation 
INFO: [Vivado 12-5682] Launching behavioral simulation in 'C:/Users/nehmy/OneDrive/Desktop/415 Hws and Projects/HW2/hw2part4/hw2part4.sim/sim_1/behav/xsim'
INFO: [SIM-utils-51] Simulation object is 'sim_1'
INFO: [SIM-utils-54] Inspecting design source files for 'tb_part4' in fileset 'sim_1'...
INFO: [USF-XSim-97] Finding global include files...
INFO: [USF-XSim-98] Fetching design files from 'sim_1'...
INFO: [USF-XSim-2] XSim::Compile design
INFO: [USF-XSim-61] Executing 'COMPILE and ANALYZE' step in 'C:/Users/nehmy/OneDrive/Desktop/415 Hws and Projects/HW2/hw2part4/hw2part4.sim/sim_1/behav/xsim'
"xvlog --incr --relax -prj tb_part4_vlog.prj"
INFO: [VRFC 10-2263] Analyzing Verilog file "C:/Users/nehmy/OneDrive/Desktop/415 Hws and Projects/HW2/hw2part4/hw2part4.srcs/sources_1/new/part4.v" into library xil_defaultlib
INFO: [VRFC 10-311] analyzing module part4
INFO: [VRFC 10-2263] Analyzing Verilog file "C:/Users/nehmy/OneDrive/Desktop/415 Hws and Projects/HW2/hw2part4/hw2part4.srcs/sim_1/new/tb_part4.v" into library xil_defaultlib
INFO: [VRFC 10-311] analyzing module tb_part4
INFO: [VRFC 10-2263] Analyzing Verilog file "C:/Users/nehmy/OneDrive/Desktop/415 Hws and Projects/HW2/hw2part4/hw2part4.sim/sim_1/behav/xsim/glbl.v" into library xil_defaultlib
INFO: [VRFC 10-311] analyzing module glbl
INFO: [USF-XSim-69] 'compile' step finished in '2' seconds
INFO: [USF-XSim-3] XSim::Elaborate design
INFO: [USF-XSim-61] Executing 'ELABORATE' step in 'C:/Users/nehmy/OneDrive/Desktop/415 Hws and Projects/HW2/hw2part4/hw2part4.sim/sim_1/behav/xsim'
"xelab -wto e1a5dc6a37764fe6a085194cddf3caa0 --incr --debug typical --relax --mt 2 -L xil_defaultlib -L unisims_ver -L unimacro_ver -L secureip --snapshot tb_part4_behav xil_defaultlib.tb_part4 xil_defaultlib.glbl -log elaborate.log"
Vivado Simulator 2019.2
Copyright 1986-1999, 2001-2019 Xilinx, Inc. All Rights Reserved.
Running: C:/Xilinx/Vivado/2019.2/bin/unwrapped/win64.o/xelab.exe -wto e1a5dc6a37764fe6a085194cddf3caa0 --incr --debug typical --relax --mt 2 -L xil_defaultlib -L unisims_ver -L unimacro_ver -L secureip --snapshot tb_part4_behav xil_defaultlib.tb_part4 xil_defaultlib.glbl -log elaborate.log 
Using 2 slave threads.
Starting static elaboration
Pass Through NonSizing Optimizer
Completed static elaboration
Starting simulation data flow analysis
Completed simulation data flow analysis
Time Resolution for simulation is 1ps
Compiling module xil_defaultlib.part4
Compiling module xil_defaultlib.tb_part4
Compiling module xil_defaultlib.glbl
Built simulation snapshot tb_part4_behav
INFO: [USF-XSim-69] 'elaborate' step finished in '1' seconds
INFO: [USF-XSim-4] XSim::Simulate design
INFO: [USF-XSim-61] Executing 'SIMULATE' step in 'C:/Users/nehmy/OneDrive/Desktop/415 Hws and Projects/HW2/hw2part4/hw2part4.sim/sim_1/behav/xsim'
INFO: [USF-XSim-98] *** Running xsim
   with args "tb_part4_behav -key {Behavioral:sim_1:Functional:tb_part4} -tclbatch {tb_part4.tcl} -view {{C:/Users/nehmy/OneDrive/Desktop/415 Hws and Projects/HW2/hw2part4/tb_part4_behav.wcfg}} -log {simulate.log}"
INFO: [USF-XSim-8] Loading simulator feature
Vivado Simulator 2019.2
Time resolution is 1 ps
open_wave_config {C:/Users/nehmy/OneDrive/Desktop/415 Hws and Projects/HW2/hw2part4/tb_part4_behav.wcfg}
source tb_part4.tcl
# set curr_wave [current_wave_config]
# if { [string length $curr_wave] == 0 } {
#   if { [llength [get_objects]] > 0} {
#     add_wave /
#     set_property needs_save false [current_wave_config]
#   } else {
#      send_msg_id Add_Wave-1 WARNING "No top level signals found. Simulator will start without a wave window. If you want to open a wave window go to 'File->New Waveform Configuration' or type 'create_wave_config' in the TCL console."
#   }
# }
# run 1000ns
INFO: [USF-XSim-96] XSim completed. Design snapshot 'tb_part4_behav' loaded.
INFO: [USF-XSim-97] XSim simulation ran for 1000ns
launch_simulation: Time (s): cpu = 00:00:06 ; elapsed = 00:00:06 . Memory (MB): peak = 826.141 ; gain = 16.684
close_sim
INFO: [Simtcl 6-16] Simulation closed
exit
INFO: [Common 17-206] Exiting Vivado at Sun Feb 21 22:30:31 2021...
