#-----------------------------------------------------------
# Vivado v2019.2 (64-bit)
# SW Build 2708876 on Wed Nov  6 21:40:23 MST 2019
# IP Build 2700528 on Thu Nov  7 00:09:20 MST 2019
# Start of session at: Tue Mar 30 13:25:38 2021
# Process ID: 4144
# Current directory: C:/Users/nehmy/OneDrive/Desktop/415 Hws and Projects/HW4/HW4
# Command line: vivado.exe -gui_launcher_event rodinguilauncherevent12744 C:\Users\nehmy\OneDrive\Desktop\415 Hws and Projects\HW4\HW4\HW4.xpr
# Log file: C:/Users/nehmy/OneDrive/Desktop/415 Hws and Projects/HW4/HW4/vivado.log
# Journal file: C:/Users/nehmy/OneDrive/Desktop/415 Hws and Projects/HW4/HW4\vivado.jou
#-----------------------------------------------------------
start_gui
open_project {C:/Users/nehmy/OneDrive/Desktop/415 Hws and Projects/HW4/HW4/HW4.xpr}
Scanning sources...
Finished scanning sources
INFO: [IP_Flow 19-234] Refreshing IP repositories
INFO: [IP_Flow 19-1700] Loaded user IP repository 'c:/Users/nehmy/AppData/Roaming/Xilinx/ip_repo'.
INFO: [IP_Flow 19-2313] Loaded Vivado IP repository 'C:/Xilinx/Vivado/2019.2/data/ip'.
update_compile_order -fileset sources_1
open_bd_design {C:/Users/nehmy/OneDrive/Desktop/415 Hws and Projects/HW4/HW4/HW4.srcs/sources_1/bd/ALU/ALU.bd}
Adding component instance block -- xilinx.com:ip:c_addsub:12.0 - c_addsub_0
Adding component instance block -- xilinx.com:ip:c_addsub:12.0 - c_addsub_1
Adding component instance block -- xilinx.com:ip:mult_gen:12.0 - mult_gen_0
Adding component instance block -- xilinx.com:module_ref:and16:1.0 - and16_0
Adding component instance block -- xilinx.com:module_ref:or16:1.0 - or16_0
Adding component instance block -- xilinx.com:module_ref:xor16:1.0 - xor16_0
Adding component instance block -- xilinx.com:ip:div_gen:5.1 - div_gen_0
Successfully read diagram <ALU> from BD file <C:/Users/nehmy/OneDrive/Desktop/415 Hws and Projects/HW4/HW4/HW4.srcs/sources_1/bd/ALU/ALU.bd>
open_bd_design: Time (s): cpu = 00:00:09 ; elapsed = 00:00:07 . Memory (MB): peak = 883.559 ; gain = 109.008
exit
INFO: [Common 17-206] Exiting Vivado at Tue Mar 30 16:00:50 2021...
