#-----------------------------------------------------------
# Vivado v2019.2 (64-bit)
# SW Build 2708876 on Wed Nov  6 21:40:23 MST 2019
# IP Build 2700528 on Thu Nov  7 00:09:20 MST 2019
# Start of session at: Thu Apr  1 17:16:44 2021
# Process ID: 2232
# Current directory: C:/Users/nehmy/OneDrive/Desktop/415 Hws and Projects/HW4final/HW4
# Command line: vivado.exe -gui_launcher_event rodinguilauncherevent16508 C:\Users\nehmy\OneDrive\Desktop\415 Hws and Projects\HW4final\HW4\HW4.xpr
# Log file: C:/Users/nehmy/OneDrive/Desktop/415 Hws and Projects/HW4final/HW4/vivado.log
# Journal file: C:/Users/nehmy/OneDrive/Desktop/415 Hws and Projects/HW4final/HW4\vivado.jou
#-----------------------------------------------------------
start_gui
open_project {C:/Users/nehmy/OneDrive/Desktop/415 Hws and Projects/HW4final/HW4/HW4.xpr}
INFO: [Project 1-313] Project file moved from 'C:/Users/nehmy/OneDrive/Desktop/HW4/HW4' since last save.
Scanning sources...
Finished scanning sources
INFO: [filemgmt 56-1] IP Repository Path: Directory not found as 'C:/Users/nehmy/OneDrive/AppData/Roaming/Xilinx/ip_repo'; using path 'C:/Users/nehmy/AppData/Roaming/Xilinx/ip_repo' instead.
INFO: [IP_Flow 19-234] Refreshing IP repositories
INFO: [IP_Flow 19-1700] Loaded user IP repository 'c:/Users/nehmy/OneDrive/Desktop/415 Hws and Projects/HW4final/ip_repo'.
INFO: [IP_Flow 19-1700] Loaded user IP repository 'c:/Users/nehmy/AppData/Roaming/Xilinx/ip_repo'.
INFO: [IP_Flow 19-2313] Loaded Vivado IP repository 'C:/Xilinx/Vivado/2019.2/data/ip'.
WARNING: [IP_Flow 19-1663] Duplicate IP found for 'xilinx.com:user:ALU:1.0'. The one found in IP location 'c:/Users/nehmy/OneDrive/Desktop/415 Hws and Projects/HW4final/ip_repo' will take precedence over the same IP in location c:/Users/nehmy/AppData/Roaming/Xilinx/ip_repo
open_project: Time (s): cpu = 00:00:13 ; elapsed = 00:00:06 . Memory (MB): peak = 852.043 ; gain = 174.039
update_compile_order -fileset sources_1
open_bd_design {C:/Users/nehmy/OneDrive/Desktop/415 Hws and Projects/HW4final/HW4/HW4.srcs/sources_1/bd/ALU/ALU.bd}
Adding component instance block -- xilinx.com:ip:c_addsub:12.0 - c_addsub_0
Adding component instance block -- xilinx.com:ip:c_addsub:12.0 - c_addsub_1
Adding component instance block -- xilinx.com:ip:mult_gen:12.0 - mult_gen_0
Adding component instance block -- xilinx.com:module_ref:or16:1.0 - or16_0
Adding component instance block -- xilinx.com:module_ref:xor16:1.0 - xor16_0
Adding component instance block -- xilinx.com:ip:div_gen:5.1 - div_gen_0
Adding component instance block -- xilinx.com:module_ref:mod16:1.0 - mod16_0
Adding component instance block -- xilinx.com:module_ref:and16:1.0 - and16_0
Successfully read diagram <ALU> from BD file <C:/Users/nehmy/OneDrive/Desktop/415 Hws and Projects/HW4final/HW4/HW4.srcs/sources_1/bd/ALU/ALU.bd>
open_bd_design: Time (s): cpu = 00:00:08 ; elapsed = 00:00:06 . Memory (MB): peak = 1456.133 ; gain = 5.742
exit
INFO: [Common 17-206] Exiting Vivado at Thu Apr  1 17:46:42 2021...
