#-----------------------------------------------------------
# Vivado v2019.2 (64-bit)
# SW Build 2708876 on Wed Nov  6 21:40:23 MST 2019
# IP Build 2700528 on Thu Nov  7 00:09:20 MST 2019
# Start of session at: Sun Mar 28 12:28:50 2021
# Process ID: 17464
# Current directory: C:/Users/nehmy/OneDrive/Desktop/415 Hws and Projects/HW4Phase1 - 1/HW4Phase1/HW4
# Command line: vivado.exe -gui_launcher_event rodinguilauncherevent17140 C:\Users\nehmy\OneDrive\Desktop\415 Hws and Projects\HW4Phase1 - 1\HW4Phase1\HW4\HW4.xpr
# Log file: C:/Users/nehmy/OneDrive/Desktop/415 Hws and Projects/HW4Phase1 - 1/HW4Phase1/HW4/vivado.log
# Journal file: C:/Users/nehmy/OneDrive/Desktop/415 Hws and Projects/HW4Phase1 - 1/HW4Phase1/HW4\vivado.jou
#-----------------------------------------------------------
start_gui
open_project {C:/Users/nehmy/OneDrive/Desktop/415 Hws and Projects/HW4Phase1 - 1/HW4Phase1/HW4/HW4.xpr}
Scanning sources...
Finished scanning sources
INFO: [IP_Flow 19-234] Refreshing IP repositories
INFO: [IP_Flow 19-1700] Loaded user IP repository 'c:/Users/nehmy/OneDrive/Desktop/415 Hws and Projects/HW4Phase1 - 1/HW4Phase1/ip_repo'.
INFO: [IP_Flow 19-1700] Loaded user IP repository 'c:/Users/nehmy/AppData/Roaming/Xilinx/ip_repo'.
INFO: [IP_Flow 19-2313] Loaded Vivado IP repository 'C:/Xilinx/Vivado/2019.2/data/ip'.
WARNING: [IP_Flow 19-1663] Duplicate IP found for 'xilinx.com:user:ALU:1.0'. The one found in IP location 'c:/Users/nehmy/OneDrive/Desktop/415 Hws and Projects/HW4Phase1 - 1/HW4Phase1/ip_repo' will take precedence over the same IP in location c:/Users/nehmy/AppData/Roaming/Xilinx/ip_repo
open_project: Time (s): cpu = 00:00:12 ; elapsed = 00:00:05 . Memory (MB): peak = 786.625 ; gain = 186.328
update_compile_order -fileset sources_1
open_hw_manager
connect_hw_server -allow_non_jtag
INFO: [Labtools 27-2285] Connecting to hw_server url TCP:localhost:3121
INFO: [Labtools 27-2222] Launching hw_server...
INFO: [Labtools 27-2221] Launch Output:

****** Xilinx hw_server v2019.2
  **** Build date : Nov  6 2019 at 22:12:23
    ** Copyright 1986-2019 Xilinx, Inc. All Rights Reserved.


INFO: [Labtools 27-3415] Connecting to cs_server url TCP:localhost:3042
INFO: [Labtools 27-3417] Launching cs_server...
INFO: [Labtools 27-2221] Launch Output:


****** Xilinx cs_server v2019.2.0
  **** Build date : Nov 07 2019-00:28:22
    ** Copyright 2017-2019 Xilinx, Inc. All Rights Reserved.



connect_hw_server: Time (s): cpu = 00:00:02 ; elapsed = 00:00:24 . Memory (MB): peak = 954.453 ; gain = 0.000
open_hw_target
INFO: [Labtoolstcl 44-466] Opening hw_target localhost:3121/xilinx_tcf/Digilent/210292A6E47CA
set_property PROGRAM.FILE {C:/Users/nehmy/OneDrive/Desktop/415 Hws and Projects/HW4Phase1 - 1/HW4Phase1/HW4/HW4.runs/impl_1/ISA_decode.bit} [get_hw_devices xc7a100t_0]
current_hw_device [get_hw_devices xc7a100t_0]
refresh_hw_device -update_hw_probes false [lindex [get_hw_devices xc7a100t_0] 0]
INFO: [Labtools 27-1435] Device xc7a100t (JTAG device index = 0) is not programmed (DONE status = 0).
close_hw_manager
open_hw_manager
connect_hw_server -allow_non_jtag
INFO: [Labtools 27-2285] Connecting to hw_server url TCP:localhost:3121
INFO: [Labtools 27-2222] Launching hw_server...
INFO: [Labtools 27-2221] Launch Output:

****** Xilinx hw_server v2019.2
  **** Build date : Nov  6 2019 at 22:12:23
    ** Copyright 1986-2019 Xilinx, Inc. All Rights Reserved.


INFO: [Labtools 27-3415] Connecting to cs_server url TCP:localhost:3042
INFO: [Labtools 27-3417] Launching cs_server...
INFO: [Labtools 27-2221] Launch Output:


****** Xilinx cs_server v2019.2.0
  **** Build date : Nov 07 2019-00:28:22
    ** Copyright 2017-2019 Xilinx, Inc. All Rights Reserved.



connect_hw_server: Time (s): cpu = 00:00:01 ; elapsed = 00:00:12 . Memory (MB): peak = 2179.254 ; gain = 0.000
open_hw_target
INFO: [Labtoolstcl 44-466] Opening hw_target localhost:3121/xilinx_tcf/Digilent/210292A6E47CA
set_property PROGRAM.FILE {C:/Users/nehmy/OneDrive/Desktop/415 Hws and Projects/HW4Phase1 - 1/HW4Phase1/HW4/HW4.runs/impl_1/ISA_decode.bit} [get_hw_devices xc7a100t_0]
current_hw_device [get_hw_devices xc7a100t_0]
refresh_hw_device -update_hw_probes false [lindex [get_hw_devices xc7a100t_0] 0]
INFO: [Labtools 27-1435] Device xc7a100t (JTAG device index = 0) is not programmed (DONE status = 0).
set_property PROBES.FILE {} [get_hw_devices xc7a100t_0]
set_property FULL_PROBES.FILE {} [get_hw_devices xc7a100t_0]
set_property PROGRAM.FILE {C:/Users/nehmy/OneDrive/Desktop/415 Hws and Projects/HW4Phase1 - 1/HW4Phase1/HW4/HW4.runs/impl_1/ISA_decode.bit} [get_hw_devices xc7a100t_0]
program_hw_devices [get_hw_devices xc7a100t_0]
INFO: [Labtools 27-3164] End of startup status: HIGH
refresh_hw_device [lindex [get_hw_devices xc7a100t_0] 0]
INFO: [Labtools 27-1434] Device xc7a100t (JTAG device index = 0) is programmed with a design that has no supported debug core(s) in it.
close_hw_manager
open_hw_manager
connect_hw_server -allow_non_jtag
INFO: [Labtools 27-2285] Connecting to hw_server url TCP:localhost:3121
INFO: [Labtools 27-2222] Launching hw_server...
INFO: [Labtools 27-2221] Launch Output:

****** Xilinx hw_server v2019.2
  **** Build date : Nov  6 2019 at 22:12:23
    ** Copyright 1986-2019 Xilinx, Inc. All Rights Reserved.


INFO: [Labtools 27-3415] Connecting to cs_server url TCP:localhost:3042
INFO: [Labtools 27-3417] Launching cs_server...
INFO: [Labtools 27-2221] Launch Output:


****** Xilinx cs_server v2019.2.0
  **** Build date : Nov 07 2019-00:28:22
    ** Copyright 2017-2019 Xilinx, Inc. All Rights Reserved.



connect_hw_server: Time (s): cpu = 00:00:00 ; elapsed = 00:00:12 . Memory (MB): peak = 2929.789 ; gain = 0.000
open_hw_target
INFO: [Labtoolstcl 44-466] Opening hw_target localhost:3121/xilinx_tcf/Digilent/210292A6E47CA
set_property PROGRAM.FILE {C:/Users/nehmy/OneDrive/Desktop/415 Hws and Projects/HW4Phase1 - 1/HW4Phase1/HW4/HW4.runs/impl_1/ISA_decode.bit} [get_hw_devices xc7a100t_0]
current_hw_device [get_hw_devices xc7a100t_0]
refresh_hw_device -update_hw_probes false [lindex [get_hw_devices xc7a100t_0] 0]
INFO: [Labtools 27-1434] Device xc7a100t (JTAG device index = 0) is programmed with a design that has no supported debug core(s) in it.
WARNING: [IP_Flow 19-4067] Ignoring invalid widget type specified checkbox.Providing a default widget
create_ip -name ila -vendor xilinx.com -library ip -version 6.2 -module_name ila_0 -dir {c:/Users/nehmy/OneDrive/Desktop/415 Hws and Projects/HW4Phase1 - 1/HW4Phase1/HW4/HW4.srcs/sources_1/ip}
set_property -dict [list CONFIG.C_PROBE1_WIDTH {16} CONFIG.C_PROBE0_WIDTH {16} CONFIG.C_DATA_DEPTH {2048} CONFIG.C_NUM_OF_PROBES {2} CONFIG.ALL_PROBE_SAME_MU {false}] [get_ips ila_0]
generate_target {instantiation_template} [get_files {{c:/Users/nehmy/OneDrive/Desktop/415 Hws and Projects/HW4Phase1 - 1/HW4Phase1/HW4/HW4.srcs/sources_1/ip/ila_0/ila_0.xci}}]
INFO: [IP_Flow 19-1686] Generating 'Instantiation Template' target for IP 'ila_0'...
generate_target all [get_files  {{c:/Users/nehmy/OneDrive/Desktop/415 Hws and Projects/HW4Phase1 - 1/HW4Phase1/HW4/HW4.srcs/sources_1/ip/ila_0/ila_0.xci}}]
INFO: [IP_Flow 19-1686] Generating 'Synthesis' target for IP 'ila_0'...
WARNING: [IP_Flow 19-4994] Overwriting existing constraint file 'c:/Users/nehmy/OneDrive/Desktop/415 Hws and Projects/HW4Phase1 - 1/HW4Phase1/HW4/HW4.srcs/sources_1/ip/ila_0/ila_0_ooc.xdc'
INFO: [IP_Flow 19-1686] Generating 'Simulation' target for IP 'ila_0'...
INFO: [IP_Flow 19-1686] Generating 'Implementation' target for IP 'ila_0'...
INFO: [IP_Flow 19-1686] Generating 'Change Log' target for IP 'ila_0'...
catch { config_ip_cache -export [get_ips -all ila_0] }
export_ip_user_files -of_objects [get_files {{c:/Users/nehmy/OneDrive/Desktop/415 Hws and Projects/HW4Phase1 - 1/HW4Phase1/HW4/HW4.srcs/sources_1/ip/ila_0/ila_0.xci}}] -no_script -sync -force -quiet
create_ip_run [get_files -of_objects [get_fileset sources_1] {{c:/Users/nehmy/OneDrive/Desktop/415 Hws and Projects/HW4Phase1 - 1/HW4Phase1/HW4/HW4.srcs/sources_1/ip/ila_0/ila_0.xci}}]
create_ip_run: Time (s): cpu = 00:00:01 ; elapsed = 00:00:06 . Memory (MB): peak = 2929.789 ; gain = 0.000
launch_runs -jobs 4 ila_0_synth_1
[Sun Mar 28 12:54:20 2021] Launched ila_0_synth_1...
Run output will be captured here: C:/Users/nehmy/OneDrive/Desktop/415 Hws and Projects/HW4Phase1 - 1/HW4Phase1/HW4/HW4.runs/ila_0_synth_1/runme.log
export_simulation -of_objects [get_files {{c:/Users/nehmy/OneDrive/Desktop/415 Hws and Projects/HW4Phase1 - 1/HW4Phase1/HW4/HW4.srcs/sources_1/ip/ila_0/ila_0.xci}}] -directory {C:/Users/nehmy/OneDrive/Desktop/415 Hws and Projects/HW4Phase1 - 1/HW4Phase1/HW4/HW4.ip_user_files/sim_scripts} -ip_user_files_dir {C:/Users/nehmy/OneDrive/Desktop/415 Hws and Projects/HW4Phase1 - 1/HW4Phase1/HW4/HW4.ip_user_files} -ipstatic_source_dir {C:/Users/nehmy/OneDrive/Desktop/415 Hws and Projects/HW4Phase1 - 1/HW4Phase1/HW4/HW4.ip_user_files/ipstatic} -lib_map_path [list {modelsim=C:/Users/nehmy/OneDrive/Desktop/415 Hws and Projects/HW4Phase1 - 1/HW4Phase1/HW4/HW4.cache/compile_simlib/modelsim} {questa=C:/Users/nehmy/OneDrive/Desktop/415 Hws and Projects/HW4Phase1 - 1/HW4Phase1/HW4/HW4.cache/compile_simlib/questa} {riviera=C:/Users/nehmy/OneDrive/Desktop/415 Hws and Projects/HW4Phase1 - 1/HW4Phase1/HW4/HW4.cache/compile_simlib/riviera} {activehdl=C:/Users/nehmy/OneDrive/Desktop/415 Hws and Projects/HW4Phase1 - 1/HW4Phase1/HW4/HW4.cache/compile_simlib/activehdl}] -use_ip_compiled_libs -force -quiet
close_hw_manager
WARNING: [IP_Flow 19-4067] Ignoring invalid widget type specified checkbox.Providing a default widget
WARNING: [IP_Flow 19-4067] Ignoring invalid widget type specified checkbox.Providing a default widget
WARNING: [IP_Flow 19-4067] Ignoring invalid widget type specified checkbox.Providing a default widget
WARNING: [IP_Flow 19-4067] Ignoring invalid widget type specified checkbox.Providing a default widget
WARNING: [IP_Flow 19-4067] Ignoring invalid widget type specified checkbox.Providing a default widget
WARNING: [IP_Flow 19-4331] Invalid usage of property - Setting value property on PARAM_VALUE.ALL_PROBE_SAME_MU is not allowed in procedure update_gui_for_PARAM_VALUE.C_ADV_TRIGGER
set_property -dict [list CONFIG.C_EN_STRG_QUAL {1} CONFIG.C_ADV_TRIGGER {true} CONFIG.C_PROBE1_MU_CNT {2} CONFIG.C_PROBE0_MU_CNT {2} CONFIG.ALL_PROBE_SAME_MU {true} CONFIG.ALL_PROBE_SAME_MU_CNT {2}] [get_ips ila_0]
generate_target all [get_files  {{c:/Users/nehmy/OneDrive/Desktop/415 Hws and Projects/HW4Phase1 - 1/HW4Phase1/HW4/HW4.srcs/sources_1/ip/ila_0/ila_0.xci}}]
INFO: [IP_Flow 19-1686] Generating 'Instantiation Template' target for IP 'ila_0'...
INFO: [IP_Flow 19-1686] Generating 'Synthesis' target for IP 'ila_0'...
WARNING: [IP_Flow 19-4994] Overwriting existing constraint file 'c:/Users/nehmy/OneDrive/Desktop/415 Hws and Projects/HW4Phase1 - 1/HW4Phase1/HW4/HW4.srcs/sources_1/ip/ila_0/ila_0_ooc.xdc'
INFO: [IP_Flow 19-1686] Generating 'Simulation' target for IP 'ila_0'...
INFO: [IP_Flow 19-1686] Generating 'Implementation' target for IP 'ila_0'...
INFO: [IP_Flow 19-1686] Generating 'Change Log' target for IP 'ila_0'...
catch { config_ip_cache -export [get_ips -all ila_0] }
export_ip_user_files -of_objects [get_files {{c:/Users/nehmy/OneDrive/Desktop/415 Hws and Projects/HW4Phase1 - 1/HW4Phase1/HW4/HW4.srcs/sources_1/ip/ila_0/ila_0.xci}}] -no_script -sync -force -quiet
reset_run ila_0_synth_1
launch_runs -jobs 4 ila_0_synth_1
[Sun Mar 28 12:58:29 2021] Launched ila_0_synth_1...
Run output will be captured here: C:/Users/nehmy/OneDrive/Desktop/415 Hws and Projects/HW4Phase1 - 1/HW4Phase1/HW4/HW4.runs/ila_0_synth_1/runme.log
export_simulation -of_objects [get_files {{c:/Users/nehmy/OneDrive/Desktop/415 Hws and Projects/HW4Phase1 - 1/HW4Phase1/HW4/HW4.srcs/sources_1/ip/ila_0/ila_0.xci}}] -directory {C:/Users/nehmy/OneDrive/Desktop/415 Hws and Projects/HW4Phase1 - 1/HW4Phase1/HW4/HW4.ip_user_files/sim_scripts} -ip_user_files_dir {C:/Users/nehmy/OneDrive/Desktop/415 Hws and Projects/HW4Phase1 - 1/HW4Phase1/HW4/HW4.ip_user_files} -ipstatic_source_dir {C:/Users/nehmy/OneDrive/Desktop/415 Hws and Projects/HW4Phase1 - 1/HW4Phase1/HW4/HW4.ip_user_files/ipstatic} -lib_map_path [list {modelsim=C:/Users/nehmy/OneDrive/Desktop/415 Hws and Projects/HW4Phase1 - 1/HW4Phase1/HW4/HW4.cache/compile_simlib/modelsim} {questa=C:/Users/nehmy/OneDrive/Desktop/415 Hws and Projects/HW4Phase1 - 1/HW4Phase1/HW4/HW4.cache/compile_simlib/questa} {riviera=C:/Users/nehmy/OneDrive/Desktop/415 Hws and Projects/HW4Phase1 - 1/HW4Phase1/HW4/HW4.cache/compile_simlib/riviera} {activehdl=C:/Users/nehmy/OneDrive/Desktop/415 Hws and Projects/HW4Phase1 - 1/HW4Phase1/HW4/HW4.cache/compile_simlib/activehdl}] -use_ip_compiled_libs -force -quiet
WARNING: [IP_Flow 19-4067] Ignoring invalid widget type specified checkbox.Providing a default widget
WARNING: [IP_Flow 19-4331] Invalid usage of property - Setting value property on PARAM_VALUE.ALL_PROBE_SAME_MU is not allowed in procedure update_gui_for_PARAM_VALUE.C_ADV_TRIGGER
WARNING: [IP_Flow 19-4067] Ignoring invalid widget type specified checkbox.Providing a default widget
WARNING: [IP_Flow 19-4331] Invalid usage of property - Setting value property on PARAM_VALUE.ALL_PROBE_SAME_MU is not allowed in procedure update_gui_for_PARAM_VALUE.C_ADV_TRIGGER
open_hw_manager
connect_hw_server -allow_non_jtag
INFO: [Labtools 27-2285] Connecting to hw_server url TCP:localhost:3121
INFO: [Labtools 27-2222] Launching hw_server...
INFO: [Labtools 27-2221] Launch Output:

****** Xilinx hw_server v2019.2
  **** Build date : Nov  6 2019 at 22:12:23
    ** Copyright 1986-2019 Xilinx, Inc. All Rights Reserved.


INFO: [Labtools 27-3415] Connecting to cs_server url TCP:localhost:3042
INFO: [Labtools 27-3417] Launching cs_server...
INFO: [Labtools 27-2221] Launch Output:


****** Xilinx cs_server v2019.2.0
  **** Build date : Nov 07 2019-00:28:22
    ** Copyright 2017-2019 Xilinx, Inc. All Rights Reserved.



connect_hw_server: Time (s): cpu = 00:00:00 ; elapsed = 00:00:12 . Memory (MB): peak = 2929.789 ; gain = 0.000
open_hw_target
INFO: [Labtoolstcl 44-466] Opening hw_target localhost:3121/xilinx_tcf/Digilent/210292A6E47CA
set_property PROGRAM.FILE {C:/Users/nehmy/OneDrive/Desktop/415 Hws and Projects/HW4Phase1 - 1/HW4Phase1/HW4/HW4.runs/impl_1/ISA_decode.bit} [get_hw_devices xc7a100t_0]
current_hw_device [get_hw_devices xc7a100t_0]
refresh_hw_device -update_hw_probes false [lindex [get_hw_devices xc7a100t_0] 0]
INFO: [Labtools 27-1434] Device xc7a100t (JTAG device index = 0) is programmed with a design that has no supported debug core(s) in it.
reset_run synth_1
WARNING: [Vivado 12-1017] Problems encountered:
1. Failed to delete one or more files in run directory C:/Users/nehmy/OneDrive/Desktop/415 Hws and Projects/HW4Phase1 - 1/HW4Phase1/HW4/HW4.runs/synth_1

launch_runs impl_1 -to_step write_bitstream -jobs 4
[Sun Mar 28 13:00:14 2021] Launched ila_0_synth_1, synth_1...
Run output will be captured here:
ila_0_synth_1: C:/Users/nehmy/OneDrive/Desktop/415 Hws and Projects/HW4Phase1 - 1/HW4Phase1/HW4/HW4.runs/ila_0_synth_1/runme.log
synth_1: C:/Users/nehmy/OneDrive/Desktop/415 Hws and Projects/HW4Phase1 - 1/HW4Phase1/HW4/HW4.runs/synth_1/runme.log
[Sun Mar 28 13:00:14 2021] Launched impl_1...
Run output will be captured here: C:/Users/nehmy/OneDrive/Desktop/415 Hws and Projects/HW4Phase1 - 1/HW4Phase1/HW4/HW4.runs/impl_1/runme.log
set_property PROBES.FILE {C:/Users/nehmy/OneDrive/Desktop/415 Hws and Projects/HW4Phase1 - 1/HW4Phase1/HW4/HW4.runs/impl_1/ISA_decode.ltx} [get_hw_devices xc7a100t_0]
set_property FULL_PROBES.FILE {C:/Users/nehmy/OneDrive/Desktop/415 Hws and Projects/HW4Phase1 - 1/HW4Phase1/HW4/HW4.runs/impl_1/ISA_decode.ltx} [get_hw_devices xc7a100t_0]
set_property PROGRAM.FILE {C:/Users/nehmy/OneDrive/Desktop/415 Hws and Projects/HW4Phase1 - 1/HW4Phase1/HW4/HW4.runs/impl_1/ISA_decode.bit} [get_hw_devices xc7a100t_0]
program_hw_devices [get_hw_devices xc7a100t_0]
INFO: [Labtools 27-3164] End of startup status: HIGH
refresh_hw_device [lindex [get_hw_devices xc7a100t_0] 0]
INFO: [Labtools 27-2302] Device xc7a100t (JTAG device index = 0) is programmed with a design that has 1 ILA core(s).
display_hw_ila_data [ get_hw_ila_data hw_ila_data_1 -of_objects [get_hw_ilas -of_objects [get_hw_devices xc7a100t_0] -filter {CELL_NAME=~"debugger"}]]
set_property TRIGGER_COMPARE_VALUE eq16'bXXXX_XXXX_XXXX_XXXX [get_hw_probes rd_data -of_objects [get_hw_ilas -of_objects [get_hw_devices xc7a100t_0] -filter {CELL_NAME=~"debugger"}]]
set_property TRIGGER_COMPARE_VALUE eq16'b0XXX_XXXX_XXXX_XXXX [get_hw_probes rd_data -of_objects [get_hw_ilas -of_objects [get_hw_devices xc7a100t_0] -filter {CELL_NAME=~"debugger"}]]
set_property TRIGGER_COMPARE_VALUE eq16's0 [get_hw_probes rd_data -of_objects [get_hw_ilas -of_objects [get_hw_devices xc7a100t_0] -filter {CELL_NAME=~"debugger"}]]
set_property TRIGGER_COMPARE_VALUE eq16's0 [get_hw_probes rs_data -of_objects [get_hw_ilas -of_objects [get_hw_devices xc7a100t_0] -filter {CELL_NAME=~"debugger"}]]
set_property TRIGGER_COMPARE_VALUE eq16's4 [get_hw_probes rd_data -of_objects [get_hw_ilas -of_objects [get_hw_devices xc7a100t_0] -filter {CELL_NAME=~"debugger"}]]
set_property TRIGGER_COMPARE_VALUE eq16's2 [get_hw_probes rs_data -of_objects [get_hw_ilas -of_objects [get_hw_devices xc7a100t_0] -filter {CELL_NAME=~"debugger"}]]
reset_run synth_1
launch_runs impl_1 -to_step write_bitstream -jobs 4
[Sun Mar 28 13:08:31 2021] Launched synth_1...
Run output will be captured here: C:/Users/nehmy/OneDrive/Desktop/415 Hws and Projects/HW4Phase1 - 1/HW4Phase1/HW4/HW4.runs/synth_1/runme.log
[Sun Mar 28 13:08:31 2021] Launched impl_1...
Run output will be captured here: C:/Users/nehmy/OneDrive/Desktop/415 Hws and Projects/HW4Phase1 - 1/HW4Phase1/HW4/HW4.runs/impl_1/runme.log
launch_runs: Time (s): cpu = 00:00:00 ; elapsed = 00:00:20 . Memory (MB): peak = 2929.789 ; gain = 0.000
reset_run impl_1
launch_runs impl_1 -to_step write_bitstream -jobs 4
[Sun Mar 28 13:11:01 2021] Launched impl_1...
Run output will be captured here: C:/Users/nehmy/OneDrive/Desktop/415 Hws and Projects/HW4Phase1 - 1/HW4Phase1/HW4/HW4.runs/impl_1/runme.log
run_hw_ila [get_hw_ilas -of_objects [get_hw_devices xc7a100t_0] -filter {CELL_NAME=~"debugger"}]
INFO: [Labtools 27-1964] The ILA core 'hw_ila_1' trigger was armed at 2021-Mar-28 13:11:14
wait_on_hw_ila -timeout 0 [get_hw_ilas -of_objects [get_hw_devices xc7a100t_0] -filter {CELL_NAME=~"debugger"}]
upload_hw_ila_data [get_hw_ilas -of_objects [get_hw_devices xc7a100t_0] -filter {CELL_NAME=~"debugger"}]
INFO: [Labtools 27-1965] The ILA core 'hw_ila_1' trigger was stopped by user at 2021-Mar-28 13:11:17
WARNING: [Labtools 27-157] hw_ila [hw_ila_1] stopped. No data to upload.
reset_run impl_1
reset_run synth_1
launch_runs impl_1 -to_step write_bitstream -jobs 4
[Sun Mar 28 13:12:35 2021] Launched synth_1...
Run output will be captured here: C:/Users/nehmy/OneDrive/Desktop/415 Hws and Projects/HW4Phase1 - 1/HW4Phase1/HW4/HW4.runs/synth_1/runme.log
[Sun Mar 28 13:12:35 2021] Launched impl_1...
Run output will be captured here: C:/Users/nehmy/OneDrive/Desktop/415 Hws and Projects/HW4Phase1 - 1/HW4Phase1/HW4/HW4.runs/impl_1/runme.log
launch_runs: Time (s): cpu = 00:00:01 ; elapsed = 00:00:21 . Memory (MB): peak = 2929.789 ; gain = 0.000
reset_run synth_1
launch_runs impl_1 -to_step write_bitstream -jobs 4
[Sun Mar 28 13:20:16 2021] Launched synth_1...
Run output will be captured here: C:/Users/nehmy/OneDrive/Desktop/415 Hws and Projects/HW4Phase1 - 1/HW4Phase1/HW4/HW4.runs/synth_1/runme.log
[Sun Mar 28 13:20:16 2021] Launched impl_1...
Run output will be captured here: C:/Users/nehmy/OneDrive/Desktop/415 Hws and Projects/HW4Phase1 - 1/HW4Phase1/HW4/HW4.runs/impl_1/runme.log
launch_runs: Time (s): cpu = 00:00:00 ; elapsed = 00:00:18 . Memory (MB): peak = 2929.789 ; gain = 0.000
set_property PROBES.FILE {C:/Users/nehmy/OneDrive/Desktop/415 Hws and Projects/HW4Phase1 - 1/HW4Phase1/HW4/HW4.runs/impl_1/ISA_decode.ltx} [get_hw_devices xc7a100t_0]
set_property FULL_PROBES.FILE {C:/Users/nehmy/OneDrive/Desktop/415 Hws and Projects/HW4Phase1 - 1/HW4Phase1/HW4/HW4.runs/impl_1/ISA_decode.ltx} [get_hw_devices xc7a100t_0]
set_property PROGRAM.FILE {C:/Users/nehmy/OneDrive/Desktop/415 Hws and Projects/HW4Phase1 - 1/HW4Phase1/HW4/HW4.runs/impl_1/ISA_decode.bit} [get_hw_devices xc7a100t_0]
program_hw_devices [get_hw_devices xc7a100t_0]
INFO: [Labtools 27-3164] End of startup status: HIGH
refresh_hw_device [lindex [get_hw_devices xc7a100t_0] 0]
INFO: [Labtools 27-2302] Device xc7a100t (JTAG device index = 0) is programmed with a design that has 1 ILA core(s).
run_hw_ila [get_hw_ilas -of_objects [get_hw_devices xc7a100t_0] -filter {CELL_NAME=~"debugger"}]
INFO: [Labtools 27-1964] The ILA core 'hw_ila_1' trigger was armed at 2021-Mar-28 13:25:16
reset_run synth_1
launch_runs impl_1 -to_step write_bitstream -jobs 4
[Sun Mar 28 13:29:19 2021] Launched synth_1...
Run output will be captured here: C:/Users/nehmy/OneDrive/Desktop/415 Hws and Projects/HW4Phase1 - 1/HW4Phase1/HW4/HW4.runs/synth_1/runme.log
[Sun Mar 28 13:29:19 2021] Launched impl_1...
Run output will be captured here: C:/Users/nehmy/OneDrive/Desktop/415 Hws and Projects/HW4Phase1 - 1/HW4Phase1/HW4/HW4.runs/impl_1/runme.log
launch_runs: Time (s): cpu = 00:00:02 ; elapsed = 00:00:39 . Memory (MB): peak = 2929.789 ; gain = 0.000
reset_run synth_1
launch_runs impl_1 -to_step write_bitstream -jobs 4
INFO: [Common 17-41] Interrupt caught. Command should exit soon.
launch_runs: Time (s): cpu = 00:00:01 ; elapsed = 00:00:14 . Memory (MB): peak = 2929.789 ; gain = 0.000
INFO: [Common 17-344] 'launch_runs' was cancelled
launch_runs impl_1 -to_step write_bitstream -jobs 4
[Sun Mar 28 13:30:21 2021] Launched synth_1...
Run output will be captured here: C:/Users/nehmy/OneDrive/Desktop/415 Hws and Projects/HW4Phase1 - 1/HW4Phase1/HW4/HW4.runs/synth_1/runme.log
[Sun Mar 28 13:30:21 2021] Launched impl_1...
Run output will be captured here: C:/Users/nehmy/OneDrive/Desktop/415 Hws and Projects/HW4Phase1 - 1/HW4Phase1/HW4/HW4.runs/impl_1/runme.log
launch_runs: Time (s): cpu = 00:00:01 ; elapsed = 00:00:17 . Memory (MB): peak = 2929.789 ; gain = 0.000
close_hw_manager
set_property is_enabled false [get_files  {{c:/Users/nehmy/OneDrive/Desktop/415 Hws and Projects/HW4Phase1 - 1/HW4Phase1/HW4/HW4.srcs/sources_1/ip/ila_0/ila_0.xci}}]
open_hw_manager
connect_hw_server -allow_non_jtag
INFO: [Labtools 27-2285] Connecting to hw_server url TCP:localhost:3121
INFO: [Labtools 27-3415] Connecting to cs_server url TCP:localhost:3042
INFO: [Labtools 27-3414] Connected to existing cs_server.
open_hw_target
INFO: [Labtoolstcl 44-466] Opening hw_target localhost:3121/xilinx_tcf/Digilent/210292A6E47CA
set_property PROGRAM.FILE {C:/Users/nehmy/OneDrive/Desktop/415 Hws and Projects/HW4Phase1 - 1/HW4Phase1/HW4/HW4.runs/impl_1/ISA_decode.bit} [get_hw_devices xc7a100t_0]
set_property PROBES.FILE {} [get_hw_devices xc7a100t_0]
set_property FULL_PROBES.FILE {} [get_hw_devices xc7a100t_0]
set_property PROGRAM.FILE {C:/Users/nehmy/OneDrive/Desktop/415 Hws and Projects/HW4Phase1 - 1/HW4Phase1/HW4/HW4.runs/impl_1/ISA_decode.bit} [get_hw_devices xc7a100t_0]
program_hw_devices [get_hw_devices xc7a100t_0]
INFO: [Labtools 27-3164] End of startup status: HIGH
refresh_hw_device [lindex [get_hw_devices xc7a100t_0] 0]
INFO: [Labtools 27-1434] Device xc7a100t (JTAG device index = 0) is programmed with a design that has no supported debug core(s) in it.
set_property PROBES.FILE {} [get_hw_devices xc7a100t_0]
set_property FULL_PROBES.FILE {} [get_hw_devices xc7a100t_0]
set_property PROGRAM.FILE {C:/Users/nehmy/OneDrive/Desktop/415 Hws and Projects/HW4Phase1 - 1/HW4Phase1/HW4/HW4.runs/impl_1/ISA_decode.bit} [get_hw_devices xc7a100t_0]
program_hw_devices [get_hw_devices xc7a100t_0]
INFO: [Labtools 27-3164] End of startup status: HIGH
refresh_hw_device [lindex [get_hw_devices xc7a100t_0] 0]
INFO: [Labtools 27-1434] Device xc7a100t (JTAG device index = 0) is programmed with a design that has no supported debug core(s) in it.
reset_run synth_1
launch_runs impl_1 -to_step write_bitstream -jobs 4
[Sun Mar 28 13:35:18 2021] Launched synth_1...
Run output will be captured here: C:/Users/nehmy/OneDrive/Desktop/415 Hws and Projects/HW4Phase1 - 1/HW4Phase1/HW4/HW4.runs/synth_1/runme.log
[Sun Mar 28 13:35:18 2021] Launched impl_1...
Run output will be captured here: C:/Users/nehmy/OneDrive/Desktop/415 Hws and Projects/HW4Phase1 - 1/HW4Phase1/HW4/HW4.runs/impl_1/runme.log
set_property PROBES.FILE {} [get_hw_devices xc7a100t_0]
set_property FULL_PROBES.FILE {} [get_hw_devices xc7a100t_0]
set_property PROGRAM.FILE {C:/Users/nehmy/OneDrive/Desktop/415 Hws and Projects/HW4Phase1 - 1/HW4Phase1/HW4/HW4.runs/impl_1/ISA_decode.bit} [get_hw_devices xc7a100t_0]
program_hw_devices [get_hw_devices xc7a100t_0]
INFO: [Labtools 27-3164] End of startup status: HIGH
refresh_hw_device [lindex [get_hw_devices xc7a100t_0] 0]
INFO: [Labtools 27-1434] Device xc7a100t (JTAG device index = 0) is programmed with a design that has no supported debug core(s) in it.
reset_run synth_1
launch_runs impl_1 -to_step write_bitstream -jobs 4
[Sun Mar 28 13:41:24 2021] Launched synth_1...
Run output will be captured here: C:/Users/nehmy/OneDrive/Desktop/415 Hws and Projects/HW4Phase1 - 1/HW4Phase1/HW4/HW4.runs/synth_1/runme.log
[Sun Mar 28 13:41:24 2021] Launched impl_1...
Run output will be captured here: C:/Users/nehmy/OneDrive/Desktop/415 Hws and Projects/HW4Phase1 - 1/HW4Phase1/HW4/HW4.runs/impl_1/runme.log
launch_runs: Time (s): cpu = 00:00:00 ; elapsed = 00:00:06 . Memory (MB): peak = 2929.789 ; gain = 0.000
set_property PROBES.FILE {} [get_hw_devices xc7a100t_0]
set_property FULL_PROBES.FILE {} [get_hw_devices xc7a100t_0]
set_property PROGRAM.FILE {C:/Users/nehmy/OneDrive/Desktop/415 Hws and Projects/HW4Phase1 - 1/HW4Phase1/HW4/HW4.runs/impl_1/ISA_decode.bit} [get_hw_devices xc7a100t_0]
program_hw_devices [get_hw_devices xc7a100t_0]
INFO: [Labtools 27-3164] End of startup status: HIGH
refresh_hw_device [lindex [get_hw_devices xc7a100t_0] 0]
INFO: [Labtools 27-1434] Device xc7a100t (JTAG device index = 0) is programmed with a design that has no supported debug core(s) in it.
reset_run synth_1
launch_runs impl_1 -to_step write_bitstream -jobs 4
[Sun Mar 28 13:45:28 2021] Launched synth_1...
Run output will be captured here: C:/Users/nehmy/OneDrive/Desktop/415 Hws and Projects/HW4Phase1 - 1/HW4Phase1/HW4/HW4.runs/synth_1/runme.log
[Sun Mar 28 13:45:28 2021] Launched impl_1...
Run output will be captured here: C:/Users/nehmy/OneDrive/Desktop/415 Hws and Projects/HW4Phase1 - 1/HW4Phase1/HW4/HW4.runs/impl_1/runme.log
launch_runs: Time (s): cpu = 00:00:00 ; elapsed = 00:00:07 . Memory (MB): peak = 2929.789 ; gain = 0.000
reset_run synth_1
launch_runs impl_1 -to_step write_bitstream -jobs 4
[Sun Mar 28 13:46:10 2021] Launched synth_1...
Run output will be captured here: C:/Users/nehmy/OneDrive/Desktop/415 Hws and Projects/HW4Phase1 - 1/HW4Phase1/HW4/HW4.runs/synth_1/runme.log
[Sun Mar 28 13:46:10 2021] Launched impl_1...
Run output will be captured here: C:/Users/nehmy/OneDrive/Desktop/415 Hws and Projects/HW4Phase1 - 1/HW4Phase1/HW4/HW4.runs/impl_1/runme.log
open_run impl_1
INFO: [Device 21-403] Loading part xc7a100tcsg324-1
INFO: [Common 17-41] Interrupt caught. Command should exit soon.
Netlist sorting complete. Time (s): cpu = 00:00:01 ; elapsed = 00:00:00.056 . Memory (MB): peak = 3020.723 ; gain = 0.000
INFO: [Netlist 29-17] Analyzing 416 Unisim elements for replacement
INFO: [Netlist 29-28] Unisim Transformation completed in 0 CPU seconds
INFO: [Project 1-479] Netlist was created with Vivado 2019.2
open_run: Time (s): cpu = 00:00:09 ; elapsed = 00:00:10 . Memory (MB): peak = 3029.836 ; gain = 100.047
INFO: [Common 17-344] 'open_run' was cancelled
set_property PROBES.FILE {} [get_hw_devices xc7a100t_0]
set_property FULL_PROBES.FILE {} [get_hw_devices xc7a100t_0]
set_property PROGRAM.FILE {C:/Users/nehmy/OneDrive/Desktop/415 Hws and Projects/HW4Phase1 - 1/HW4Phase1/HW4/HW4.runs/impl_1/ISA_decode.bit} [get_hw_devices xc7a100t_0]
program_hw_devices [get_hw_devices xc7a100t_0]
INFO: [Labtools 27-3164] End of startup status: HIGH
refresh_hw_device [lindex [get_hw_devices xc7a100t_0] 0]
INFO: [Labtools 27-1434] Device xc7a100t (JTAG device index = 0) is programmed with a design that has no supported debug core(s) in it.
reset_run synth_1
launch_runs impl_1 -to_step write_bitstream -jobs 4
[Sun Mar 28 13:50:35 2021] Launched synth_1...
Run output will be captured here: C:/Users/nehmy/OneDrive/Desktop/415 Hws and Projects/HW4Phase1 - 1/HW4Phase1/HW4/HW4.runs/synth_1/runme.log
[Sun Mar 28 13:50:35 2021] Launched impl_1...
Run output will be captured here: C:/Users/nehmy/OneDrive/Desktop/415 Hws and Projects/HW4Phase1 - 1/HW4Phase1/HW4/HW4.runs/impl_1/runme.log
open_run impl_1
Netlist sorting complete. Time (s): cpu = 00:00:00 ; elapsed = 00:00:00.057 . Memory (MB): peak = 3029.836 ; gain = 0.000
INFO: [Netlist 29-17] Analyzing 416 Unisim elements for replacement
INFO: [Netlist 29-28] Unisim Transformation completed in 0 CPU seconds
INFO: [Project 1-479] Netlist was created with Vivado 2019.2
INFO: [Project 1-570] Preparing netlist for logic optimization
INFO: [Common 17-41] Interrupt caught. Command should exit soon.
INFO: [Timing 38-478] Restoring timing data from binary archive.
INFO: [Timing 38-479] Binary timing data restore complete.
INFO: [Project 1-856] Restoring constraints from binary archive.
INFO: [Project 1-853] Binary constraint restore complete.
Reading XDEF placement.
Reading placer database...
Reading XDEF routing.
Restored from archive | CPU: 0.000000 secs | Memory: 0.000000 MB |
Finished XDEF File Restore: Time (s): cpu = 00:00:00 ; elapsed = 00:00:00.126 . Memory (MB): peak = 3607.559 ; gain = 0.000
open_run: Time (s): cpu = 00:00:11 ; elapsed = 00:00:10 . Memory (MB): peak = 3607.559 ; gain = 577.723
INFO: [Common 17-344] 'open_run' was cancelled
set_property PROBES.FILE {} [get_hw_devices xc7a100t_0]
set_property FULL_PROBES.FILE {} [get_hw_devices xc7a100t_0]
set_property PROGRAM.FILE {C:/Users/nehmy/OneDrive/Desktop/415 Hws and Projects/HW4Phase1 - 1/HW4Phase1/HW4/HW4.runs/impl_1/ISA_decode.bit} [get_hw_devices xc7a100t_0]
program_hw_devices [get_hw_devices xc7a100t_0]
INFO: [Labtools 27-3164] End of startup status: HIGH
refresh_hw_device [lindex [get_hw_devices xc7a100t_0] 0]
INFO: [Labtools 27-1434] Device xc7a100t (JTAG device index = 0) is programmed with a design that has no supported debug core(s) in it.
reset_run synth_1
launch_runs impl_1 -to_step write_bitstream -jobs 4
[Sun Mar 28 14:08:07 2021] Launched synth_1...
Run output will be captured here: C:/Users/nehmy/OneDrive/Desktop/415 Hws and Projects/HW4Phase1 - 1/HW4Phase1/HW4/HW4.runs/synth_1/runme.log
[Sun Mar 28 14:08:07 2021] Launched impl_1...
Run output will be captured here: C:/Users/nehmy/OneDrive/Desktop/415 Hws and Projects/HW4Phase1 - 1/HW4Phase1/HW4/HW4.runs/impl_1/runme.log
reset_run synth_1
launch_runs impl_1 -to_step write_bitstream -jobs 4
[Sun Mar 28 14:08:34 2021] Launched synth_1...
Run output will be captured here: C:/Users/nehmy/OneDrive/Desktop/415 Hws and Projects/HW4Phase1 - 1/HW4Phase1/HW4/HW4.runs/synth_1/runme.log
[Sun Mar 28 14:08:34 2021] Launched impl_1...
Run output will be captured here: C:/Users/nehmy/OneDrive/Desktop/415 Hws and Projects/HW4Phase1 - 1/HW4Phase1/HW4/HW4.runs/impl_1/runme.log
set_property PROBES.FILE {} [get_hw_devices xc7a100t_0]
set_property FULL_PROBES.FILE {} [get_hw_devices xc7a100t_0]
set_property PROGRAM.FILE {C:/Users/nehmy/OneDrive/Desktop/415 Hws and Projects/HW4Phase1 - 1/HW4Phase1/HW4/HW4.runs/impl_1/ISA_decode.bit} [get_hw_devices xc7a100t_0]
program_hw_devices [get_hw_devices xc7a100t_0]
INFO: [Labtools 27-3164] End of startup status: HIGH
refresh_hw_device [lindex [get_hw_devices xc7a100t_0] 0]
INFO: [Labtools 27-1434] Device xc7a100t (JTAG device index = 0) is programmed with a design that has no supported debug core(s) in it.
reset_run synth_1
launch_runs impl_1 -to_step write_bitstream -jobs 4
[Sun Mar 28 14:12:55 2021] Launched synth_1...
Run output will be captured here: C:/Users/nehmy/OneDrive/Desktop/415 Hws and Projects/HW4Phase1 - 1/HW4Phase1/HW4/HW4.runs/synth_1/runme.log
[Sun Mar 28 14:12:55 2021] Launched impl_1...
Run output will be captured here: C:/Users/nehmy/OneDrive/Desktop/415 Hws and Projects/HW4Phase1 - 1/HW4Phase1/HW4/HW4.runs/impl_1/runme.log
set_property PROBES.FILE {} [get_hw_devices xc7a100t_0]
set_property FULL_PROBES.FILE {} [get_hw_devices xc7a100t_0]
set_property PROGRAM.FILE {C:/Users/nehmy/OneDrive/Desktop/415 Hws and Projects/HW4Phase1 - 1/HW4Phase1/HW4/HW4.runs/impl_1/ISA_decode.bit} [get_hw_devices xc7a100t_0]
program_hw_devices [get_hw_devices xc7a100t_0]
INFO: [Labtools 27-3164] End of startup status: HIGH
refresh_hw_device [lindex [get_hw_devices xc7a100t_0] 0]
INFO: [Labtools 27-1434] Device xc7a100t (JTAG device index = 0) is programmed with a design that has no supported debug core(s) in it.
reset_run synth_1
launch_runs impl_1 -to_step write_bitstream -jobs 4
[Sun Mar 28 14:21:35 2021] Launched synth_1...
Run output will be captured here: C:/Users/nehmy/OneDrive/Desktop/415 Hws and Projects/HW4Phase1 - 1/HW4Phase1/HW4/HW4.runs/synth_1/runme.log
[Sun Mar 28 14:21:35 2021] Launched impl_1...
Run output will be captured here: C:/Users/nehmy/OneDrive/Desktop/415 Hws and Projects/HW4Phase1 - 1/HW4Phase1/HW4/HW4.runs/impl_1/runme.log
set_property PROBES.FILE {} [get_hw_devices xc7a100t_0]
set_property FULL_PROBES.FILE {} [get_hw_devices xc7a100t_0]
set_property PROGRAM.FILE {C:/Users/nehmy/OneDrive/Desktop/415 Hws and Projects/HW4Phase1 - 1/HW4Phase1/HW4/HW4.runs/impl_1/ISA_decode.bit} [get_hw_devices xc7a100t_0]
program_hw_devices [get_hw_devices xc7a100t_0]
INFO: [Labtools 27-3164] End of startup status: HIGH
refresh_hw_device [lindex [get_hw_devices xc7a100t_0] 0]
INFO: [Labtools 27-1434] Device xc7a100t (JTAG device index = 0) is programmed with a design that has no supported debug core(s) in it.
reset_run synth_1
launch_runs impl_1 -to_step write_bitstream -jobs 4
[Sun Mar 28 14:27:41 2021] Launched synth_1...
Run output will be captured here: C:/Users/nehmy/OneDrive/Desktop/415 Hws and Projects/HW4Phase1 - 1/HW4Phase1/HW4/HW4.runs/synth_1/runme.log
[Sun Mar 28 14:27:41 2021] Launched impl_1...
Run output will be captured here: C:/Users/nehmy/OneDrive/Desktop/415 Hws and Projects/HW4Phase1 - 1/HW4Phase1/HW4/HW4.runs/impl_1/runme.log
set_property PROBES.FILE {} [get_hw_devices xc7a100t_0]
set_property FULL_PROBES.FILE {} [get_hw_devices xc7a100t_0]
set_property PROGRAM.FILE {C:/Users/nehmy/OneDrive/Desktop/415 Hws and Projects/HW4Phase1 - 1/HW4Phase1/HW4/HW4.runs/impl_1/ISA_decode.bit} [get_hw_devices xc7a100t_0]
program_hw_devices [get_hw_devices xc7a100t_0]
INFO: [Labtools 27-3164] End of startup status: HIGH
refresh_hw_device [lindex [get_hw_devices xc7a100t_0] 0]
INFO: [Labtools 27-1434] Device xc7a100t (JTAG device index = 0) is programmed with a design that has no supported debug core(s) in it.
reset_run synth_1
launch_runs impl_1 -to_step write_bitstream -jobs 4
[Sun Mar 28 14:34:17 2021] Launched synth_1...
Run output will be captured here: C:/Users/nehmy/OneDrive/Desktop/415 Hws and Projects/HW4Phase1 - 1/HW4Phase1/HW4/HW4.runs/synth_1/runme.log
[Sun Mar 28 14:34:17 2021] Launched impl_1...
Run output will be captured here: C:/Users/nehmy/OneDrive/Desktop/415 Hws and Projects/HW4Phase1 - 1/HW4Phase1/HW4/HW4.runs/impl_1/runme.log
reset_run synth_1
WARNING: [Vivado 12-1017] Problems encountered:
1. PID not specified

launch_runs impl_1 -to_step write_bitstream -jobs 4
[Sun Mar 28 14:34:21 2021] Launched synth_1...
Run output will be captured here: C:/Users/nehmy/OneDrive/Desktop/415 Hws and Projects/HW4Phase1 - 1/HW4Phase1/HW4/HW4.runs/synth_1/runme.log
[Sun Mar 28 14:34:21 2021] Launched impl_1...
Run output will be captured here: C:/Users/nehmy/OneDrive/Desktop/415 Hws and Projects/HW4Phase1 - 1/HW4Phase1/HW4/HW4.runs/impl_1/runme.log
set_property PROBES.FILE {} [get_hw_devices xc7a100t_0]
set_property FULL_PROBES.FILE {} [get_hw_devices xc7a100t_0]
set_property PROGRAM.FILE {C:/Users/nehmy/OneDrive/Desktop/415 Hws and Projects/HW4Phase1 - 1/HW4Phase1/HW4/HW4.runs/impl_1/ISA_decode.bit} [get_hw_devices xc7a100t_0]
program_hw_devices [get_hw_devices xc7a100t_0]
INFO: [Labtools 27-3164] End of startup status: HIGH
refresh_hw_device [lindex [get_hw_devices xc7a100t_0] 0]
INFO: [Labtools 27-1434] Device xc7a100t (JTAG device index = 0) is programmed with a design that has no supported debug core(s) in it.
reset_run synth_1
launch_runs impl_1 -to_step write_bitstream -jobs 4
[Sun Mar 28 14:38:33 2021] Launched synth_1...
Run output will be captured here: C:/Users/nehmy/OneDrive/Desktop/415 Hws and Projects/HW4Phase1 - 1/HW4Phase1/HW4/HW4.runs/synth_1/runme.log
[Sun Mar 28 14:38:33 2021] Launched impl_1...
Run output will be captured here: C:/Users/nehmy/OneDrive/Desktop/415 Hws and Projects/HW4Phase1 - 1/HW4Phase1/HW4/HW4.runs/impl_1/runme.log
set_property PROBES.FILE {} [get_hw_devices xc7a100t_0]
set_property FULL_PROBES.FILE {} [get_hw_devices xc7a100t_0]
set_property PROGRAM.FILE {C:/Users/nehmy/OneDrive/Desktop/415 Hws and Projects/HW4Phase1 - 1/HW4Phase1/HW4/HW4.runs/impl_1/ISA_decode.bit} [get_hw_devices xc7a100t_0]
program_hw_devices [get_hw_devices xc7a100t_0]
INFO: [Labtools 27-3164] End of startup status: HIGH
refresh_hw_device [lindex [get_hw_devices xc7a100t_0] 0]
INFO: [Labtools 27-1434] Device xc7a100t (JTAG device index = 0) is programmed with a design that has no supported debug core(s) in it.
reset_run synth_1
launch_runs impl_1 -to_step write_bitstream -jobs 4
[Sun Mar 28 14:45:10 2021] Launched synth_1...
Run output will be captured here: C:/Users/nehmy/OneDrive/Desktop/415 Hws and Projects/HW4Phase1 - 1/HW4Phase1/HW4/HW4.runs/synth_1/runme.log
[Sun Mar 28 14:45:10 2021] Launched impl_1...
Run output will be captured here: C:/Users/nehmy/OneDrive/Desktop/415 Hws and Projects/HW4Phase1 - 1/HW4Phase1/HW4/HW4.runs/impl_1/runme.log
reset_run impl_1 -prev_step 
launch_runs impl_1 -to_step write_bitstream -jobs 4
[Sun Mar 28 14:48:31 2021] Launched impl_1...
Run output will be captured here: C:/Users/nehmy/OneDrive/Desktop/415 Hws and Projects/HW4Phase1 - 1/HW4Phase1/HW4/HW4.runs/impl_1/runme.log
set_property PROBES.FILE {} [get_hw_devices xc7a100t_0]
set_property FULL_PROBES.FILE {} [get_hw_devices xc7a100t_0]
set_property PROGRAM.FILE {C:/Users/nehmy/OneDrive/Desktop/415 Hws and Projects/HW4Phase1 - 1/HW4Phase1/HW4/HW4.runs/impl_1/ISA_decode.bit} [get_hw_devices xc7a100t_0]
program_hw_devices [get_hw_devices xc7a100t_0]
INFO: [Labtools 27-3164] End of startup status: HIGH
refresh_hw_device [lindex [get_hw_devices xc7a100t_0] 0]
INFO: [Labtools 27-1434] Device xc7a100t (JTAG device index = 0) is programmed with a design that has no supported debug core(s) in it.
exit
INFO: [Common 17-206] Exiting Vivado at Sun Mar 28 15:03:29 2021...
