#-----------------------------------------------------------
# Vivado v2019.2 (64-bit)
# SW Build 2708876 on Wed Nov  6 21:40:23 MST 2019
# IP Build 2700528 on Thu Nov  7 00:09:20 MST 2019
# Start of session at: Sun Apr 18 00:46:00 2021
# Process ID: 17744
# Current directory: C:/Users/nehmy/OneDrive/Desktop/415 Hws and Projects/HW5part1
# Command line: vivado.exe -gui_launcher_event rodinguilauncherevent1632 C:\Users\nehmy\OneDrive\Desktop\415 Hws and Projects\HW5part1\HW5part1.xpr
# Log file: C:/Users/nehmy/OneDrive/Desktop/415 Hws and Projects/HW5part1/vivado.log
# Journal file: C:/Users/nehmy/OneDrive/Desktop/415 Hws and Projects/HW5part1\vivado.jou
#-----------------------------------------------------------
start_gui
open_project {C:/Users/nehmy/OneDrive/Desktop/415 Hws and Projects/HW5part1/HW5part1.xpr}
Scanning sources...
Finished scanning sources
INFO: [IP_Flow 19-234] Refreshing IP repositories
INFO: [IP_Flow 19-1704] No user IP repositories specified
INFO: [IP_Flow 19-2313] Loaded Vivado IP repository 'C:/Xilinx/Vivado/2019.2/data/ip'.
update_compile_order -fileset sources_1
exit
INFO: [Common 17-206] Exiting Vivado at Sun Apr 18 00:46:22 2021...
