#-----------------------------------------------------------
# Vivado v2019.2 (64-bit)
# SW Build 2708876 on Wed Nov  6 21:40:23 MST 2019
# IP Build 2700528 on Thu Nov  7 00:09:20 MST 2019
# Start of session at: Sat Apr 17 18:15:40 2021
# Process ID: 10152
# Current directory: C:/Users/nehmy/OneDrive/Desktop/415 Hws and Projects/HW5part1
# Command line: vivado.exe -gui_launcher_event rodinguilauncherevent12964 C:\Users\nehmy\OneDrive\Desktop\415 Hws and Projects\HW5part1\HW5part1.xpr
# Log file: C:/Users/nehmy/OneDrive/Desktop/415 Hws and Projects/HW5part1/vivado.log
# Journal file: C:/Users/nehmy/OneDrive/Desktop/415 Hws and Projects/HW5part1\vivado.jou
#----------------------------------------------------------ststart_guopopen_project {C:/Users/nehmy/OneDrive/Desktop/415 Hws and Projects/HW5part1/HW5part1.xpr}
INFO: [Project 1-313] Project file moved from 'C:/Users/nehmy/HW5part1' since last save.
Scanning sources...
Finished scanning sources
INFO: [IP_Flow 19-234] Refreshing IP repositories
INFO: [IP_Flow 19-1704] No user IP repositories specified
INFO: [IP_Flow 19-2313] Loaded Vivado IP repository 'C:/Xilinx/Vivado/2019.2/data/ip'upupdate_compile_order -fileset sources_reset_run impl_1
launch_runs impl_1 -jobs 4
[Sat Apr 17 18:16:06 2021] Launched impl_1...
Run output will be captured here: C:/Users/nehmy/OneDrive/Desktop/415 Hws and Projects/HW5part1/HW5part1.runs/impl_1/runme.log
open_run impl_1
INFO: [Device 21-403] Loading part xc7a100tcsg324-1
Netlist sorting complete. Time (s): cpu = 00:00:00 ; elapsed = 00:00:00.004 . Memory (MB): peak = 1117.266 ; gain = 0.000
INFO: [Netlist 29-17] Analyzing 50 Unisim elements for replacement
INFO: [Netlist 29-28] Unisim Transformation completed in 0 CPU seconds
INFO: [Project 1-479] Netlist was created with Vivado 2019.2
INFO: [Project 1-570] Preparing netlist for logic optimization
INFO: [Timing 38-478] Restoring timing data from binary archive.
INFO: [Timing 38-479] Binary timing data restore complete.
INFO: [Project 1-856] Restoring constraints from binary archive.
INFO: [Project 1-853] Binary constraint restore complete.
Reading XDEF placement.
Reading placer database...
Reading XDEF routing.
Read XDEF File: Time (s): cpu = 00:00:01 ; elapsed = 00:00:00.069 . Memory (MB): peak = 1766.492 ; gain = 0.000
Restored from archive | CPU: 1.000000 secs | Memory: 0.000000 MB |
Finished XDEF File Restore: Time (s): cpu = 00:00:01 ; elapsed = 00:00:00.069 . Memory (MB): peak = 1766.492 ; gain = 0.000
Netlist sorting complete. Time (s): cpu = 00:00:00 ; elapsed = 00:00:00 . Memory (MB): peak = 1766.492 ; gain = 0.000
INFO: [Project 1-111] Unisim Transformation Summary:
No Unisim elements were transformed.

open_run: Time (s): cpu = 00:00:19 ; elapsed = 00:00:15 . Memory (MB): peak = 1901.910 ; gain = 975.531
WARNING: [Timing 38-313] There are no user specified timing constraints. Timing constraints are needed for proper timing analysis.
set_property is_enabled true [get_files  {{C:/Users/nehmy/OneDrive/Desktop/415 Hws and Projects/HW5part1/HW5part1.srcs/sources_1/new/adder.v}}]
update_compile_order -fileset sources_1
reset_run synth_1
launch_runs impl_1 -jobs 4
[Sat Apr 17 18:17:40 2021] Launched synth_1...
Run output will be captured here: C:/Users/nehmy/OneDrive/Desktop/415 Hws and Projects/HW5part1/HW5part1.runs/synth_1/runme.log
[Sat Apr 17 18:17:40 2021] Launched impl_1...
Run output will be captured here: C:/Users/nehmy/OneDrive/Desktop/415 Hws and Projects/HW5part1/HW5part1.runs/impl_1/runme.log
refresh_design
Netlist sorting complete. Time (s): cpu = 00:00:00 ; elapsed = 00:00:00.003 . Memory (MB): peak = 1918.711 ; gain = 0.000
INFO: [Netlist 29-17] Analyzing 50 Unisim elements for replacement
INFO: [Netlist 29-28] Unisim Transformation completed in 0 CPU seconds
INFO: [Project 1-479] Netlist was created with Vivado 2019.2
INFO: [Project 1-570] Preparing netlist for logic optimization
INFO: [Timing 38-478] Restoring timing data from binary archive.
INFO: [Timing 38-479] Binary timing data restore complete.
INFO: [Project 1-856] Restoring constraints from binary archive.
INFO: [Project 1-853] Binary constraint restore complete.
Reading XDEF placement.
Reading placer database...
Reading XDEF routing.
Read XDEF File: Time (s): cpu = 00:00:01 ; elapsed = 00:00:00.070 . Memory (MB): peak = 1918.711 ; gain = 0.000
Restored from archive | CPU: 1.000000 secs | Memory: 0.000000 MB |
Finished XDEF File Restore: Time (s): cpu = 00:00:01 ; elapsed = 00:00:00.070 . Memory (MB): peak = 1918.711 ; gain = 0.000
WARNING: [Timing 38-313] There are no user specified timing constraints. Timing constraints are needed for proper timing analysis.
set_property is_enabled false [get_files  {{C:/Users/nehmy/OneDrive/Desktop/415 Hws and Projects/HW5part1/HW5part1.srcs/sources_1/new/multiplier.v}}]
update_compile_order -fileset sources_1
reset_run synth_1
launch_runs impl_1 -jobs 4
[Sat Apr 17 18:20:13 2021] Launched synth_1...
Run output will be captured here: C:/Users/nehmy/OneDrive/Desktop/415 Hws and Projects/HW5part1/HW5part1.runs/synth_1/runme.log
[Sat Apr 17 18:20:13 2021] Launched impl_1...
Run output will be captured here: C:/Users/nehmy/OneDrive/Desktop/415 Hws and Projects/HW5part1/HW5part1.runs/impl_1/runme.log
refresh_design
Netlist sorting complete. Time (s): cpu = 00:00:00 ; elapsed = 00:00:00.001 . Memory (MB): peak = 2164.754 ; gain = 0.000
INFO: [Netlist 29-17] Analyzing 3 Unisim elements for replacement
INFO: [Netlist 29-28] Unisim Transformation completed in 0 CPU seconds
INFO: [Project 1-479] Netlist was created with Vivado 2019.2
INFO: [Project 1-570] Preparing netlist for logic optimization
INFO: [Timing 38-478] Restoring timing data from binary archive.
INFO: [Timing 38-479] Binary timing data restore complete.
INFO: [Project 1-856] Restoring constraints from binary archive.
INFO: [Project 1-853] Binary constraint restore complete.
Reading XDEF placement.
Reading placer database...
Reading XDEF routing.
Read XDEF File: Time (s): cpu = 00:00:00 ; elapsed = 00:00:00.032 . Memory (MB): peak = 2164.754 ; gain = 0.000
Restored from archive | CPU: 0.000000 secs | Memory: 0.000000 MB |
Finished XDEF File Restore: Time (s): cpu = 00:00:00 ; elapsed = 00:00:00.032 . Memory (MB): peak = 2164.754 ; gain = 0.000
WARNING: [Timing 38-313] There are no user specified timing constraints. Timing constraints are needed for proper timing analysis.
INFO: [Constraints 18-483] create_clock: no pin(s)/port(s)/net(s) specified as objects, only virtual clock 'clk' will be created. If you don't want this, please specify pin(s)/ports(s)/net(s) as objects to the command.
create_clock -period 10.000 -name clk -waveform {0.000 5.000}
INFO: [Constraints 18-483] create_clock: no pin(s)/port(s)/net(s) specified as objects, only virtual clock 'clk' will be created. If you don't want this, please specify pin(s)/ports(s)/net(s) as objects to the command.
INFO: [Constraints 18-483] create_clock: no pin(s)/port(s)/net(s) specified as objects, only virtual clock 'clk' will be created. If you don't want this, please specify pin(s)/ports(s)/net(s) as objects to the command.
save_constraints
reset_run synth_1
reset_run impl_1
launch_runs impl_1 -jobs 4
[Sat Apr 17 18:22:26 2021] Launched synth_1...
Run output will be captured here: C:/Users/nehmy/OneDrive/Desktop/415 Hws and Projects/HW5part1/HW5part1.runs/synth_1/runme.log
[Sat Apr 17 18:22:26 2021] Launched impl_1...
Run output will be captured here: C:/Users/nehmy/OneDrive/Desktop/415 Hws and Projects/HW5part1/HW5part1.runs/impl_1/runme.log
refresh_design
Netlist sorting complete. Time (s): cpu = 00:00:00 ; elapsed = 00:00:00 . Memory (MB): peak = 2276.242 ; gain = 0.000
INFO: [Netlist 29-17] Analyzing 3 Unisim elements for replacement
INFO: [Netlist 29-28] Unisim Transformation completed in 0 CPU seconds
INFO: [Project 1-479] Netlist was created with Vivado 2019.2
INFO: [Project 1-570] Preparing netlist for logic optimization
INFO: [Timing 38-478] Restoring timing data from binary archive.
INFO: [Timing 38-479] Binary timing data restore complete.
INFO: [Project 1-856] Restoring constraints from binary archive.
INFO: [Project 1-853] Binary constraint restore complete.
Reading XDEF placement.
Reading placer database...
Reading XDEF routing.
Read XDEF File: Time (s): cpu = 00:00:00 ; elapsed = 00:00:00.032 . Memory (MB): peak = 2276.242 ; gain = 0.000
Restored from archive | CPU: 0.000000 secs | Memory: 0.000000 MB |
Finished XDEF File Restore: Time (s): cpu = 00:00:00 ; elapsed = 00:00:00.032 . Memory (MB): peak = 2276.242 ; gain = 0.000
create_project HW5part1a {C:/Users/nehmy/OneDrive/Desktop/415 Hws and Projects/HW5part1a} -part xc7a100tcsg324-1
INFO: [IP_Flow 19-234] Refreshing IP repositories
INFO: [IP_Flow 19-1704] No user IP repositories specified
INFO: [IP_Flow 19-2313] Loaded Vivado IP repository 'C:/Xilinx/Vivado/2019.2/data/ip'.
set_property board_part digilentinc.com:nexys4_ddr:part0:1.1 [current_project]
file mkdir C:/Users/nehmy/OneDrive/Desktop/415 Hws and Projects/HW5part1a/HW5part1a.srcs/sources_1/new
file mkdir C:/Users/nehmy/OneDrive/Desktop/415 Hws and Projects/HW5part1a/HW5part1a.srcs/sources_1/new
file mkdir C:/Users/nehmy/OneDrive/Desktop/415 Hws and Projects/HW5part1a/HW5part1a.srcs/sources_1/new
file mkdir C:/Users/nehmy/OneDrive/Desktop/415 Hws and Projects/HW5part1a/HW5part1a.srcs/sources_1/new
file mkdir C:/Users/nehmy/OneDrive/Desktop/415 Hws and Projects/HW5part1a/HW5part1a.srcs/sources_1/new
file mkdir C:/Users/nehmy/OneDrive/Desktop/415 Hws and Projects/HW5part1a/HW5part1a.srcs/sources_1/new
file mkdir {C:/Users/nehmy/OneDrive/Desktop/415 Hws and Projects/HW5part1a/HW5part1a.srcs/sources_1/new}
close [ open {C:/Users/nehmy/OneDrive/Desktop/415 Hws and Projects/HW5part1a/HW5part1a.srcs/sources_1/new/multiplier.v} w ]
add_files {{C:/Users/nehmy/OneDrive/Desktop/415 Hws and Projects/HW5part1a/HW5part1a.srcs/sources_1/new/multiplier.v}}
update_compile_order -fileset sources_1
file mkdir C:/Users/nehmy/OneDrive/Desktop/415 Hws and Projects/HW5part1a/HW5part1a.srcs/constrs_1
file mkdir C:/Users/nehmy/OneDrive/Desktop/415 Hws and Projects/HW5part1a/HW5part1a.srcs/constrs_1
file mkdir C:/Users/nehmy/OneDrive/Desktop/415 Hws and Projects/HW5part1a/HW5part1a.srcs/constrs_1/new
file mkdir C:/Users/nehmy/OneDrive/Desktop/415 Hws and Projects/HW5part1a/HW5part1a.srcs/constrs_1/new
file mkdir C:/Users/nehmy/OneDrive/Desktop/415 Hws and Projects/HW5part1a/HW5part1a.srcs/constrs_1/new
file mkdir C:/Users/nehmy/OneDrive/Desktop/415 Hws and Projects/HW5part1a/HW5part1a.srcs/constrs_1/new
file mkdir C:/Users/nehmy/OneDrive/Desktop/415 Hws and Projects/HW5part1a/HW5part1a.srcs/constrs_1/new
file mkdir C:/Users/nehmy/OneDrive/Desktop/415 Hws and Projects/HW5part1a/HW5part1a.srcs/constrs_1/new
file mkdir C:/Users/nehmy/OneDrive/Desktop/415 Hws and Projects/HW5part1a/HW5part1a.srcs/constrs_1
file mkdir {C:/Users/nehmy/OneDrive/Desktop/415 Hws and Projects/HW5part1a/HW5part1a.srcs/constrs_1/new}
close [ open {C:/Users/nehmy/OneDrive/Desktop/415 Hws and Projects/HW5part1a/HW5part1a.srcs/constrs_1/new/timing.xdc} w ]
add_files -fileset constrs_1 {{C:/Users/nehmy/OneDrive/Desktop/415 Hws and Projects/HW5part1a/HW5part1a.srcs/constrs_1/new/timing.xdc}}
launch_runs impl_1 -jobs 4
[Sat Apr 17 18:26:26 2021] Launched synth_1...
Run output will be captured here: C:/Users/nehmy/OneDrive/Desktop/415 Hws and Projects/HW5part1a/HW5part1a.runs/synth_1/runme.log
[Sat Apr 17 18:26:26 2021] Launched impl_1...
Run output will be captured here: C:/Users/nehmy/OneDrive/Desktop/415 Hws and Projects/HW5part1a/HW5part1a.runs/impl_1/runme.log
current_project HW5part1
export_ip_user_files -of_objects  [get_files {{C:/Users/nehmy/OneDrive/Desktop/415 Hws and Projects/HW5part1/HW5part1.srcs/sources_1/new/multiplier.v}}] -no_script -reset -force -quiet
remove_files  {{C:/Users/nehmy/OneDrive/Desktop/415 Hws and Projects/HW5part1/HW5part1.srcs/sources_1/new/multiplier.v}}
current_project HW5part1a
reset_run synth_1
launch_runs impl_1 -jobs 4
[Sat Apr 17 18:27:42 2021] Launched synth_1...
Run output will be captured here: C:/Users/nehmy/OneDrive/Desktop/415 Hws and Projects/HW5part1a/HW5part1a.runs/synth_1/runme.log
[Sat Apr 17 18:27:42 2021] Launched impl_1...
Run output will be captured here: C:/Users/nehmy/OneDrive/Desktop/415 Hws and Projects/HW5part1a/HW5part1a.runs/impl_1/runme.log
current_project HW5part1
reset_run synth_1
WARNING: [Vivado 12-1017] Problems encountered:
1. Failed to delete one or more files in run directory C:/Users/nehmy/OneDrive/Desktop/415 Hws and Projects/HW5part1/HW5part1.runs/synth_1

launch_runs impl_1 -jobs 4
[Sat Apr 17 18:28:06 2021] Launched synth_1...
Run output will be captured here: C:/Users/nehmy/OneDrive/Desktop/415 Hws and Projects/HW5part1/HW5part1.runs/synth_1/runme.log
[Sat Apr 17 18:28:06 2021] Launched impl_1...
Run output will be captured here: C:/Users/nehmy/OneDrive/Desktop/415 Hws and Projects/HW5part1/HW5part1.runs/impl_1/runme.log
current_project HW5part1a
current_project HW5part1
current_project HW5part1a
reset_run impl_1
launch_runs impl_1 -jobs 4
[Sat Apr 17 18:28:45 2021] Launched impl_1...
Run output will be captured here: C:/Users/nehmy/OneDrive/Desktop/415 Hws and Projects/HW5part1a/HW5part1a.runs/impl_1/runme.log
current_project HW5part1
refresh_design
Netlist sorting complete. Time (s): cpu = 00:00:00 ; elapsed = 00:00:00.001 . Memory (MB): peak = 2386.043 ; gain = 0.000
INFO: [Netlist 29-17] Analyzing 3 Unisim elements for replacement
INFO: [Netlist 29-28] Unisim Transformation completed in 0 CPU seconds
INFO: [Project 1-479] Netlist was created with Vivado 2019.2
INFO: [Project 1-570] Preparing netlist for logic optimization
INFO: [Timing 38-478] Restoring timing data from binary archive.
INFO: [Timing 38-479] Binary timing data restore complete.
INFO: [Project 1-856] Restoring constraints from binary archive.
INFO: [Project 1-853] Binary constraint restore complete.
Reading XDEF placement.
Reading placer database...
Reading XDEF routing.
Read XDEF File: Time (s): cpu = 00:00:00 ; elapsed = 00:00:00.033 . Memory (MB): peak = 2386.043 ; gain = 0.000
Restored from archive | CPU: 0.000000 secs | Memory: 0.000000 MB |
Finished XDEF File Restore: Time (s): cpu = 00:00:00 ; elapsed = 00:00:00.033 . Memory (MB): peak = 2386.043 ; gain = 0.000
WARNING: [Timing 38-313] There are no user specified timing constraints. Timing constraints are needed for proper timing analysis.
current_project HW5part1a
open_run impl_1
Netlist sorting complete. Time (s): cpu = 00:00:00 ; elapsed = 00:00:00.002 . Memory (MB): peak = 2594.383 ; gain = 0.000
INFO: [Netlist 29-17] Analyzing 1 Unisim elements for replacement
INFO: [Netlist 29-28] Unisim Transformation completed in 0 CPU seconds
INFO: [Project 1-479] Netlist was created with Vivado 2019.2
INFO: [Project 1-570] Preparing netlist for logic optimization
INFO: [Timing 38-478] Restoring timing data from binary archive.
INFO: [Timing 38-479] Binary timing data restore complete.
INFO: [Project 1-856] Restoring constraints from binary archive.
INFO: [Project 1-853] Binary constraint restore complete.
Reading XDEF placement.
Reading placer database...
Reading XDEF routing.
Read XDEF File: Time (s): cpu = 00:00:00 ; elapsed = 00:00:00.041 . Memory (MB): peak = 2681.152 ; gain = 0.000
Restored from archive | CPU: 0.000000 secs | Memory: 0.000000 MB |
Finished XDEF File Restore: Time (s): cpu = 00:00:00 ; elapsed = 00:00:00.041 . Memory (MB): peak = 2681.152 ; gain = 0.000
Netlist sorting complete. Time (s): cpu = 00:00:00 ; elapsed = 00:00:00 . Memory (MB): peak = 2681.152 ; gain = 0.000
INFO: [Project 1-111] Unisim Transformation Summary:
No Unisim elements were transformed.

WARNING: [Timing 38-313] There are no user specified timing constraints. Timing constraints are needed for proper timing analysis.
set_property target_constrs_file {C:/Users/nehmy/OneDrive/Desktop/415 Hws and Projects/HW5part1a/HW5part1a.srcs/constrs_1/new/timing.xdc} [current_fileset -constrset]
set_property is_enabled false [get_files  {{C:/Users/nehmy/OneDrive/Desktop/415 Hws and Projects/HW5part1a/HW5part1a.srcs/constrs_1/new/timing.xdc}}]
set_property is_enabled true [get_files  {{C:/Users/nehmy/OneDrive/Desktop/415 Hws and Projects/HW5part1a/HW5part1a.srcs/constrs_1/new/timing.xdc}}]
set_property is_enabled false [get_files  {{C:/Users/nehmy/OneDrive/Desktop/415 Hws and Projects/HW5part1a/HW5part1a.srcs/constrs_1/new/timing.xdc}}]
set_property is_enabled true [get_files  {{C:/Users/nehmy/OneDrive/Desktop/415 Hws and Projects/HW5part1a/HW5part1a.srcs/constrs_1/new/timing.xdc}}]
reset_run synth_1
launch_runs impl_1 -jobs 4
[Sat Apr 17 18:35:09 2021] Launched synth_1...
Run output will be captured here: C:/Users/nehmy/OneDrive/Desktop/415 Hws and Projects/HW5part1a/HW5part1a.runs/synth_1/runme.log
[Sat Apr 17 18:35:09 2021] Launched impl_1...
Run output will be captured here: C:/Users/nehmy/OneDrive/Desktop/415 Hws and Projects/HW5part1a/HW5part1a.runs/impl_1/runme.log
ERROR: [Constraints 18-429] create_clock: name or pin(s)/port(s) list must be specified.
INFO: [Constraints 18-483] create_clock: no pin(s)/port(s)/net(s) specified as objects, only virtual clock 'clk' will be created. If you don't want this, please specify pin(s)/ports(s)/net(s) as objects to the command.
create_clock -period 10.000 -name clk -waveform {0.000 5.000}
INFO: [Constraints 18-483] create_clock: no pin(s)/port(s)/net(s) specified as objects, only virtual clock 'clk' will be created. If you don't want this, please specify pin(s)/ports(s)/net(s) as objects to the command.
set_property target_constrs_file {C:/Users/nehmy/OneDrive/Desktop/415 Hws and Projects/HW5part1a/HW5part1a.srcs/constrs_1/new/timing.xdc} [current_fileset -constrset]
save_constraints -force
close_design
open_run synth_1 -name synth_1
Design is defaulting to impl run constrset: constrs_1
Design is defaulting to synth run part: xc7a100tcsg324-1
Netlist sorting complete. Time (s): cpu = 00:00:00 ; elapsed = 00:00:00.001 . Memory (MB): peak = 2747.172 ; gain = 0.000
INFO: [Netlist 29-17] Analyzing 1 Unisim elements for replacement
INFO: [Netlist 29-28] Unisim Transformation completed in 0 CPU seconds
INFO: [Project 1-479] Netlist was created with Vivado 2019.2
INFO: [Project 1-570] Preparing netlist for logic optimization
Parsing XDC File [C:/Users/nehmy/OneDrive/Desktop/415 Hws and Projects/HW5part1a/HW5part1a.srcs/constrs_1/new/timing.xdc]
Finished Parsing XDC File [C:/Users/nehmy/OneDrive/Desktop/415 Hws and Projects/HW5part1a/HW5part1a.srcs/constrs_1/new/timing.xdc]
INFO: [Opt 31-138] Pushed 0 inverter(s) to 0 load pin(s).
Netlist sorting complete. Time (s): cpu = 00:00:00 ; elapsed = 00:00:00 . Memory (MB): peak = 2747.172 ; gain = 0.000
INFO: [Project 1-111] Unisim Transformation Summary:
No Unisim elements were transformed.

reset_run synth_1
launch_runs synth_1 -jobs 4
[Sat Apr 17 18:36:39 2021] Launched synth_1...
Run output will be captured here: C:/Users/nehmy/OneDrive/Desktop/415 Hws and Projects/HW5part1a/HW5part1a.runs/synth_1/runme.log
set_property STEPS.SYNTH_DESIGN.ARGS.MAX_DSP 0 [get_runs synth_1]
reset_run synth_1
launch_runs synth_1 -jobs 4
[Sat Apr 17 18:37:11 2021] Launched synth_1...
Run output will be captured here: C:/Users/nehmy/OneDrive/Desktop/415 Hws and Projects/HW5part1a/HW5part1a.runs/synth_1/runme.log
launch_runs impl_1 -jobs 4
WARNING: [Project 1-478] Design 'synth_1' is stale and will not be used when launching 'impl_1'
[Sat Apr 17 18:37:47 2021] Launched impl_1...
Run output will be captured here: C:/Users/nehmy/OneDrive/Desktop/415 Hws and Projects/HW5part1a/HW5part1a.runs/impl_1/runme.log
close_design
open_run impl_1
Netlist sorting complete. Time (s): cpu = 00:00:00 ; elapsed = 00:00:00.004 . Memory (MB): peak = 3821.180 ; gain = 0.000
INFO: [Netlist 29-17] Analyzing 50 Unisim elements for replacement
INFO: [Netlist 29-28] Unisim Transformation completed in 0 CPU seconds
INFO: [Project 1-479] Netlist was created with Vivado 2019.2
INFO: [Project 1-570] Preparing netlist for logic optimization
INFO: [Timing 38-478] Restoring timing data from binary archive.
INFO: [Timing 38-479] Binary timing data restore complete.
INFO: [Project 1-856] Restoring constraints from binary archive.
INFO: [Project 1-853] Binary constraint restore complete.
Reading XDEF placement.
Reading placer database...
Reading XDEF routing.
Read XDEF File: Time (s): cpu = 00:00:00 ; elapsed = 00:00:00.069 . Memory (MB): peak = 3821.180 ; gain = 0.000
Restored from archive | CPU: 0.000000 secs | Memory: 0.000000 MB |
Finished XDEF File Restore: Time (s): cpu = 00:00:00 ; elapsed = 00:00:00.069 . Memory (MB): peak = 3821.180 ; gain = 0.000
Netlist sorting complete. Time (s): cpu = 00:00:00 ; elapsed = 00:00:00 . Memory (MB): peak = 3821.180 ; gain = 0.000
INFO: [Project 1-111] Unisim Transformation Summary:
No Unisim elements were transformed.

WARNING: [Timing 38-313] There are no user specified timing constraints. Timing constraints are needed for proper timing analysis.
launch_runs impl_1 -to_step write_bitstream -jobs 4
[Sat Apr 17 18:40:00 2021] Launched impl_1...
Run output will be captured here: C:/Users/nehmy/OneDrive/Desktop/415 Hws and Projects/HW5part1a/HW5part1a.runs/impl_1/runme.log
reset_run impl_1
launch_runs impl_1 -jobs 4
[Sat Apr 17 18:41:07 2021] Launched impl_1...
Run output will be captured here: C:/Users/nehmy/OneDrive/Desktop/415 Hws and Projects/HW5part1a/HW5part1a.runs/impl_1/runme.log
reorder_files -fileset constrs_1 -before {C:/Users/nehmy/OneDrive/Desktop/415 Hws and Projects/HW5part1a/HW5part1a.srcs/constrs_1/new/timing.xdc} {{C:/Users/nehmy/OneDrive/Desktop/415 Hws and Projects/HW5part1a/HW5part1a.srcs/constrs_1/new/timing.xdc}}
reset_run synth_1
launch_runs impl_1 -jobs 4
[Sat Apr 17 18:43:08 2021] Launched synth_1...
Run output will be captured here: C:/Users/nehmy/OneDrive/Desktop/415 Hws and Projects/HW5part1a/HW5part1a.runs/synth_1/runme.log
[Sat Apr 17 18:43:08 2021] Launched impl_1...
Run output will be captured here: C:/Users/nehmy/OneDrive/Desktop/415 Hws and Projects/HW5part1a/HW5part1a.runs/impl_1/runme.log
refresh_design
Netlist sorting complete. Time (s): cpu = 00:00:00 ; elapsed = 00:00:00.004 . Memory (MB): peak = 3821.180 ; gain = 0.000
INFO: [Netlist 29-17] Analyzing 50 Unisim elements for replacement
INFO: [Netlist 29-28] Unisim Transformation completed in 0 CPU seconds
INFO: [Project 1-479] Netlist was created with Vivado 2019.2
INFO: [Project 1-570] Preparing netlist for logic optimization
INFO: [Timing 38-478] Restoring timing data from binary archive.
INFO: [Timing 38-479] Binary timing data restore complete.
INFO: [Project 1-856] Restoring constraints from binary archive.
INFO: [Project 1-853] Binary constraint restore complete.
Reading XDEF placement.
Reading placer database...
Reading XDEF routing.
Read XDEF File: Time (s): cpu = 00:00:00 ; elapsed = 00:00:00.070 . Memory (MB): peak = 3821.180 ; gain = 0.000
Restored from archive | CPU: 0.000000 secs | Memory: 0.000000 MB |
Finished XDEF File Restore: Time (s): cpu = 00:00:00 ; elapsed = 00:00:00.070 . Memory (MB): peak = 3821.180 ; gain = 0.000
WARNING: [Timing 38-313] There are no user specified timing constraints. Timing constraints are needed for proper timing analysis.
reset_run synth_1
launch_runs synth_1 -jobs 4
[Sat Apr 17 19:47:28 2021] Launched synth_1...
Run output will be captured here: C:/Users/nehmy/OneDrive/Desktop/415 Hws and Projects/HW5part1a/HW5part1a.runs/synth_1/runme.log
launch_runs impl_1 -jobs 4
[Sat Apr 17 19:48:07 2021] Launched impl_1...
Run output will be captured here: C:/Users/nehmy/OneDrive/Desktop/415 Hws and Projects/HW5part1a/HW5part1a.runs/impl_1/runme.log
current_project HW5part1
reset_run impl_1
launch_runs impl_1 -jobs 4
[Sat Apr 17 19:49:06 2021] Launched impl_1...
Run output will be captured here: C:/Users/nehmy/OneDrive/Desktop/415 Hws and Projects/HW5part1/HW5part1.runs/impl_1/runme.log
current_project HW5part1a
refresh_design
Netlist sorting complete. Time (s): cpu = 00:00:00 ; elapsed = 00:00:00.006 . Memory (MB): peak = 3821.180 ; gain = 0.000
INFO: [Netlist 29-17] Analyzing 50 Unisim elements for replacement
INFO: [Netlist 29-28] Unisim Transformation completed in 0 CPU seconds
INFO: [Project 1-479] Netlist was created with Vivado 2019.2
INFO: [Project 1-570] Preparing netlist for logic optimization
INFO: [Timing 38-478] Restoring timing data from binary archive.
INFO: [Timing 38-479] Binary timing data restore complete.
INFO: [Project 1-856] Restoring constraints from binary archive.
INFO: [Project 1-853] Binary constraint restore complete.
Reading XDEF placement.
Reading placer database...
Reading XDEF routing.
Read XDEF File: Time (s): cpu = 00:00:00 ; elapsed = 00:00:00.103 . Memory (MB): peak = 3821.180 ; gain = 0.000
Restored from archive | CPU: 0.000000 secs | Memory: 0.000000 MB |
Finished XDEF File Restore: Time (s): cpu = 00:00:00 ; elapsed = 00:00:00.103 . Memory (MB): peak = 3821.180 ; gain = 0.000
refresh_design: Time (s): cpu = 00:00:07 ; elapsed = 00:00:05 . Memory (MB): peak = 3821.180 ; gain = 0.000
CRITICAL WARNING: [Timing 38-282] The design failed to meet the timing requirements. Please see the timing summary report for details on the timing violations.
current_project HW5part1
refresh_design
Netlist sorting complete. Time (s): cpu = 00:00:00 ; elapsed = 00:00:00.001 . Memory (MB): peak = 3821.180 ; gain = 0.000
INFO: [Netlist 29-17] Analyzing 3 Unisim elements for replacement
INFO: [Netlist 29-28] Unisim Transformation completed in 0 CPU seconds
INFO: [Project 1-479] Netlist was created with Vivado 2019.2
INFO: [Project 1-570] Preparing netlist for logic optimization
INFO: [Timing 38-478] Restoring timing data from binary archive.
INFO: [Timing 38-479] Binary timing data restore complete.
INFO: [Project 1-856] Restoring constraints from binary archive.
INFO: [Project 1-853] Binary constraint restore complete.
Reading XDEF placement.
Reading placer database...
Reading XDEF routing.
Read XDEF File: Time (s): cpu = 00:00:00 ; elapsed = 00:00:00.033 . Memory (MB): peak = 3821.180 ; gain = 0.000
Restored from archive | CPU: 0.000000 secs | Memory: 0.000000 MB |
Finished XDEF File Restore: Time (s): cpu = 00:00:00 ; elapsed = 00:00:00.033 . Memory (MB): peak = 3821.180 ; gain = 0.000
WARNING: [Timing 38-313] There are no user specified timing constraints. Timing constraints are needed for proper timing analysis.
current_project HW5part1a
reset_run synth_1
launch_runs impl_1 -jobs 4
[Sat Apr 17 19:50:22 2021] Launched synth_1...
Run output will be captured here: C:/Users/nehmy/OneDrive/Desktop/415 Hws and Projects/HW5part1a/HW5part1a.runs/synth_1/runme.log
[Sat Apr 17 19:50:22 2021] Launched impl_1...
Run output will be captured here: C:/Users/nehmy/OneDrive/Desktop/415 Hws and Projects/HW5part1a/HW5part1a.runs/impl_1/runme.log
current_project HW5part1
reset_run impl_1
launch_runs impl_1 -jobs 4
[Sat Apr 17 19:50:57 2021] Launched impl_1...
Run output will be captured here: C:/Users/nehmy/OneDrive/Desktop/415 Hws and Projects/HW5part1/HW5part1.runs/impl_1/runme.log
refresh_design
Netlist sorting complete. Time (s): cpu = 00:00:00 ; elapsed = 00:00:00 . Memory (MB): peak = 3821.180 ; gain = 0.000
INFO: [Netlist 29-17] Analyzing 3 Unisim elements for replacement
INFO: [Netlist 29-28] Unisim Transformation completed in 0 CPU seconds
INFO: [Project 1-479] Netlist was created with Vivado 2019.2
INFO: [Project 1-570] Preparing netlist for logic optimization
INFO: [Timing 38-478] Restoring timing data from binary archive.
INFO: [Timing 38-479] Binary timing data restore complete.
INFO: [Project 1-856] Restoring constraints from binary archive.
INFO: [Project 1-853] Binary constraint restore complete.
Reading XDEF placement.
Reading placer database...
Reading XDEF routing.
Read XDEF File: Time (s): cpu = 00:00:00 ; elapsed = 00:00:00.033 . Memory (MB): peak = 3821.180 ; gain = 0.000
Restored from archive | CPU: 0.000000 secs | Memory: 0.000000 MB |
Finished XDEF File Restore: Time (s): cpu = 00:00:00 ; elapsed = 00:00:00.033 . Memory (MB): peak = 3821.180 ; gain = 0.000
WARNING: [Timing 38-313] There are no user specified timing constraints. Timing constraints are needed for proper timing analysis.
current_project HW5part1a
refresh_design
Netlist sorting complete. Time (s): cpu = 00:00:00 ; elapsed = 00:00:00.004 . Memory (MB): peak = 3821.180 ; gain = 0.000
INFO: [Netlist 29-17] Analyzing 50 Unisim elements for replacement
INFO: [Netlist 29-28] Unisim Transformation completed in 1 CPU seconds
INFO: [Project 1-479] Netlist was created with Vivado 2019.2
INFO: [Project 1-570] Preparing netlist for logic optimization
INFO: [Timing 38-478] Restoring timing data from binary archive.
INFO: [Timing 38-479] Binary timing data restore complete.
INFO: [Project 1-856] Restoring constraints from binary archive.
INFO: [Project 1-853] Binary constraint restore complete.
Reading XDEF placement.
Reading placer database...
Reading XDEF routing.
Read XDEF File: Time (s): cpu = 00:00:00 ; elapsed = 00:00:00.075 . Memory (MB): peak = 3821.180 ; gain = 0.000
Restored from archive | CPU: 0.000000 secs | Memory: 0.000000 MB |
Finished XDEF File Restore: Time (s): cpu = 00:00:00 ; elapsed = 00:00:00.075 . Memory (MB): peak = 3821.180 ; gain = 0.000
current_project HW5part1
create_clock -period 10.000 -name clk -waveform {0.000 5.000} [get_ports clk]
save_constraints
reset_run synth_1
reset_run impl_1
launch_runs impl_1 -jobs 4
[Sat Apr 17 19:52:52 2021] Launched synth_1...
Run output will be captured here: C:/Users/nehmy/OneDrive/Desktop/415 Hws and Projects/HW5part1/HW5part1.runs/synth_1/runme.log
[Sat Apr 17 19:52:52 2021] Launched impl_1...
Run output will be captured here: C:/Users/nehmy/OneDrive/Desktop/415 Hws and Projects/HW5part1/HW5part1.runs/impl_1/runme.log
current_project HW5part1a
reset_run synth_1
WARNING: [Vivado 12-1017] Problems encountered:
1. Failed to delete one or more files in run directory C:/Users/nehmy/OneDrive/Desktop/415 Hws and Projects/HW5part1a/HW5part1a.runs/synth_1

reset_run impl_1
launch_runs impl_1 -jobs 4
[Sat Apr 17 19:53:32 2021] Launched synth_1...
Run output will be captured here: C:/Users/nehmy/OneDrive/Desktop/415 Hws and Projects/HW5part1a/HW5part1a.runs/synth_1/runme.log
[Sat Apr 17 19:53:32 2021] Launched impl_1...
Run output will be captured here: C:/Users/nehmy/OneDrive/Desktop/415 Hws and Projects/HW5part1a/HW5part1a.runs/impl_1/runme.log
current_project HW5part1
refresh_design
Netlist sorting complete. Time (s): cpu = 00:00:00 ; elapsed = 00:00:00.001 . Memory (MB): peak = 3821.180 ; gain = 0.000
INFO: [Netlist 29-17] Analyzing 3 Unisim elements for replacement
INFO: [Netlist 29-28] Unisim Transformation completed in 0 CPU seconds
INFO: [Project 1-479] Netlist was created with Vivado 2019.2
INFO: [Project 1-570] Preparing netlist for logic optimization
INFO: [Timing 38-478] Restoring timing data from binary archive.
INFO: [Timing 38-479] Binary timing data restore complete.
INFO: [Project 1-856] Restoring constraints from binary archive.
INFO: [Project 1-853] Binary constraint restore complete.
Reading XDEF placement.
Reading placer database...
Reading XDEF routing.
Read XDEF File: Time (s): cpu = 00:00:00 ; elapsed = 00:00:00.043 . Memory (MB): peak = 3821.180 ; gain = 0.000
Restored from archive | CPU: 0.000000 secs | Memory: 0.000000 MB |
Finished XDEF File Restore: Time (s): cpu = 00:00:00 ; elapsed = 00:00:00.043 . Memory (MB): peak = 3821.180 ; gain = 0.000
current_project HW5part1a
refresh_design
Netlist sorting complete. Time (s): cpu = 00:00:00 ; elapsed = 00:00:00.004 . Memory (MB): peak = 3821.180 ; gain = 0.000
INFO: [Netlist 29-17] Analyzing 50 Unisim elements for replacement
INFO: [Netlist 29-28] Unisim Transformation completed in 0 CPU seconds
INFO: [Project 1-479] Netlist was created with Vivado 2019.2
INFO: [Project 1-570] Preparing netlist for logic optimization
INFO: [Timing 38-478] Restoring timing data from binary archive.
INFO: [Timing 38-479] Binary timing data restore complete.
INFO: [Project 1-856] Restoring constraints from binary archive.
INFO: [Project 1-853] Binary constraint restore complete.
Reading XDEF placement.
Reading placer database...
Reading XDEF routing.
Read XDEF File: Time (s): cpu = 00:00:01 ; elapsed = 00:00:00.071 . Memory (MB): peak = 3821.180 ; gain = 0.000
Restored from archive | CPU: 1.000000 secs | Memory: 0.000000 MB |
Finished XDEF File Restore: Time (s): cpu = 00:00:01 ; elapsed = 00:00:00.071 . Memory (MB): peak = 3821.180 ; gain = 0.000
current_project HW5part1
save_constraints
reset_run synth_1
reset_run impl_1
launch_runs impl_1 -jobs 4
[Sat Apr 17 19:55:56 2021] Launched synth_1...
Run output will be captured here: C:/Users/nehmy/OneDrive/Desktop/415 Hws and Projects/HW5part1/HW5part1.runs/synth_1/runme.log
[Sat Apr 17 19:55:56 2021] Launched impl_1...
Run output will be captured here: C:/Users/nehmy/OneDrive/Desktop/415 Hws and Projects/HW5part1/HW5part1.runs/impl_1/runme.log
current_project HW5part1a
reset_run synth_1
WARNING: [Vivado 12-1017] Problems encountered:
1. Failed to delete one or more files in run directory C:/Users/nehmy/OneDrive/Desktop/415 Hws and Projects/HW5part1a/HW5part1a.runs/synth_1

launch_runs impl_1 -jobs 4
[Sat Apr 17 19:56:27 2021] Launched synth_1...
Run output will be captured here: C:/Users/nehmy/OneDrive/Desktop/415 Hws and Projects/HW5part1a/HW5part1a.runs/synth_1/runme.log
[Sat Apr 17 19:56:27 2021] Launched impl_1...
Run output will be captured here: C:/Users/nehmy/OneDrive/Desktop/415 Hws and Projects/HW5part1a/HW5part1a.runs/impl_1/runme.log
current_project HW5part1
reset_run synth_1
WARNING: [Vivado 12-1017] Problems encountered:
1. Failed to delete one or more files in run directory C:/Users/nehmy/OneDrive/Desktop/415 Hws and Projects/HW5part1/HW5part1.runs/synth_1

launch_runs impl_1 -jobs 4
[Sat Apr 17 19:57:04 2021] Launched synth_1...
Run output will be captured here: C:/Users/nehmy/OneDrive/Desktop/415 Hws and Projects/HW5part1/HW5part1.runs/synth_1/runme.log
[Sat Apr 17 19:57:04 2021] Launched impl_1...
Run output will be captured here: C:/Users/nehmy/OneDrive/Desktop/415 Hws and Projects/HW5part1/HW5part1.runs/impl_1/runme.log
reset_run synth_1
WARNING: [Vivado 12-1017] Problems encountered:
1. Failed to delete one or more files in run directory C:/Users/nehmy/OneDrive/Desktop/415 Hws and Projects/HW5part1/HW5part1.runs/synth_1

save_constraints -force
launch_runs impl_1 -jobs 4
[Sat Apr 17 19:57:26 2021] Launched synth_1...
Run output will be captured here: C:/Users/nehmy/OneDrive/Desktop/415 Hws and Projects/HW5part1/HW5part1.runs/synth_1/runme.log
[Sat Apr 17 19:57:26 2021] Launched impl_1...
Run output will be captured here: C:/Users/nehmy/OneDrive/Desktop/415 Hws and Projects/HW5part1/HW5part1.runs/impl_1/runme.log
current_project HW5part1a
refresh_design
Netlist sorting complete. Time (s): cpu = 00:00:00 ; elapsed = 00:00:00.005 . Memory (MB): peak = 3821.180 ; gain = 0.000
INFO: [Netlist 29-17] Analyzing 50 Unisim elements for replacement
INFO: [Netlist 29-28] Unisim Transformation completed in 0 CPU seconds
INFO: [Project 1-479] Netlist was created with Vivado 2019.2
INFO: [Project 1-570] Preparing netlist for logic optimization
INFO: [Timing 38-478] Restoring timing data from binary archive.
INFO: [Timing 38-479] Binary timing data restore complete.
INFO: [Project 1-856] Restoring constraints from binary archive.
INFO: [Project 1-853] Binary constraint restore complete.
Reading XDEF placement.
Reading placer database...
Reading XDEF routing.
Read XDEF File: Time (s): cpu = 00:00:01 ; elapsed = 00:00:00.072 . Memory (MB): peak = 3821.180 ; gain = 0.000
Restored from archive | CPU: 1.000000 secs | Memory: 0.000000 MB |
Finished XDEF File Restore: Time (s): cpu = 00:00:01 ; elapsed = 00:00:00.072 . Memory (MB): peak = 3821.180 ; gain = 0.000
CRITICAL WARNING: [Timing 38-282] The design failed to meet the timing requirements. Please see the timing summary report for details on the timing violations.
current_project HW5part1
refresh_design
Netlist sorting complete. Time (s): cpu = 00:00:00 ; elapsed = 00:00:00 . Memory (MB): peak = 3821.180 ; gain = 0.000
INFO: [Netlist 29-17] Analyzing 3 Unisim elements for replacement
INFO: [Netlist 29-28] Unisim Transformation completed in 0 CPU seconds
INFO: [Project 1-479] Netlist was created with Vivado 2019.2
INFO: [Project 1-570] Preparing netlist for logic optimization
INFO: [Timing 38-478] Restoring timing data from binary archive.
INFO: [Timing 38-479] Binary timing data restore complete.
INFO: [Project 1-856] Restoring constraints from binary archive.
INFO: [Project 1-853] Binary constraint restore complete.
Reading XDEF placement.
Reading placer database...
Reading XDEF routing.
Read XDEF File: Time (s): cpu = 00:00:00 ; elapsed = 00:00:00.032 . Memory (MB): peak = 3821.180 ; gain = 0.000
Restored from archive | CPU: 0.000000 secs | Memory: 0.000000 MB |
Finished XDEF File Restore: Time (s): cpu = 00:00:00 ; elapsed = 00:00:00.032 . Memory (MB): peak = 3821.180 ; gain = 0.000
WARNING: [Timing 38-313] There are no user specified timing constraints. Timing constraints are needed for proper timing analysis.
current_project HW5part1a
reset_run synth_1
launch_runs impl_1 -jobs 4
[Sat Apr 17 19:59:48 2021] Launched synth_1...
Run output will be captured here: C:/Users/nehmy/OneDrive/Desktop/415 Hws and Projects/HW5part1a/HW5part1a.runs/synth_1/runme.log
[Sat Apr 17 19:59:48 2021] Launched impl_1...
Run output will be captured here: C:/Users/nehmy/OneDrive/Desktop/415 Hws and Projects/HW5part1a/HW5part1a.runs/impl_1/runme.log
refresh_design
Netlist sorting complete. Time (s): cpu = 00:00:00 ; elapsed = 00:00:00.003 . Memory (MB): peak = 3821.180 ; gain = 0.000
INFO: [Netlist 29-17] Analyzing 50 Unisim elements for replacement
INFO: [Netlist 29-28] Unisim Transformation completed in 0 CPU seconds
INFO: [Project 1-479] Netlist was created with Vivado 2019.2
INFO: [Project 1-570] Preparing netlist for logic optimization
INFO: [Timing 38-478] Restoring timing data from binary archive.
INFO: [Timing 38-479] Binary timing data restore complete.
INFO: [Project 1-856] Restoring constraints from binary archive.
INFO: [Project 1-853] Binary constraint restore complete.
Reading XDEF placement.
Reading placer database...
Reading XDEF routing.
Read XDEF File: Time (s): cpu = 00:00:00 ; elapsed = 00:00:00.070 . Memory (MB): peak = 3821.180 ; gain = 0.000
Restored from archive | CPU: 0.000000 secs | Memory: 0.000000 MB |
Finished XDEF File Restore: Time (s): cpu = 00:00:00 ; elapsed = 00:00:00.070 . Memory (MB): peak = 3821.180 ; gain = 0.000
current_project HW5part1
create_clock -period 10.000 -name clk -waveform {0.000 5.000} [get_ports clk]
save_constraints
set_property needs_refresh false [get_runs synth_1]
set_property needs_refresh false [get_runs impl_1]
reset_run impl_1
launch_runs impl_1 -jobs 4
[Sat Apr 17 20:07:02 2021] Launched impl_1...
Run output will be captured here: C:/Users/nehmy/OneDrive/Desktop/415 Hws and Projects/HW5part1/HW5part1.runs/impl_1/runme.log
current_project HW5part1a
current_project HW5part1
refresh_design
Netlist sorting complete. Time (s): cpu = 00:00:00 ; elapsed = 00:00:00.001 . Memory (MB): peak = 3821.180 ; gain = 0.000
INFO: [Netlist 29-17] Analyzing 3 Unisim elements for replacement
INFO: [Netlist 29-28] Unisim Transformation completed in 0 CPU seconds
INFO: [Project 1-479] Netlist was created with Vivado 2019.2
INFO: [Project 1-570] Preparing netlist for logic optimization
INFO: [Timing 38-478] Restoring timing data from binary archive.
INFO: [Timing 38-479] Binary timing data restore complete.
INFO: [Project 1-856] Restoring constraints from binary archive.
INFO: [Project 1-853] Binary constraint restore complete.
Reading XDEF placement.
Reading placer database...
Reading XDEF routing.
Read XDEF File: Time (s): cpu = 00:00:00 ; elapsed = 00:00:00.032 . Memory (MB): peak = 3821.180 ; gain = 0.000
Restored from archive | CPU: 0.000000 secs | Memory: 0.000000 MB |
Finished XDEF File Restore: Time (s): cpu = 00:00:00 ; elapsed = 00:00:00.032 . Memory (MB): peak = 3821.180 ; gain = 0.000
reset_run synth_1
save_constraints_as constrs_2
set_property constrset constrs_2 [get_runs synth_1]
set_property constrset constrs_2 [get_runs impl_1]
launch_runs impl_1 -jobs 4
[Sat Apr 17 20:09:59 2021] Launched synth_1...
Run output will be captured here: C:/Users/nehmy/OneDrive/Desktop/415 Hws and Projects/HW5part1/HW5part1.runs/synth_1/runme.log
[Sat Apr 17 20:09:59 2021] Launched impl_1...
Run output will be captured here: C:/Users/nehmy/OneDrive/Desktop/415 Hws and Projects/HW5part1/HW5part1.runs/impl_1/runme.log
refresh_design
Netlist sorting complete. Time (s): cpu = 00:00:00 ; elapsed = 00:00:00.001 . Memory (MB): peak = 3821.180 ; gain = 0.000
INFO: [Netlist 29-17] Analyzing 3 Unisim elements for replacement
INFO: [Netlist 29-28] Unisim Transformation completed in 0 CPU seconds
INFO: [Project 1-479] Netlist was created with Vivado 2019.2
INFO: [Project 1-570] Preparing netlist for logic optimization
INFO: [Timing 38-478] Restoring timing data from binary archive.
INFO: [Timing 38-479] Binary timing data restore complete.
INFO: [Project 1-856] Restoring constraints from binary archive.
INFO: [Project 1-853] Binary constraint restore complete.
Reading XDEF placement.
Reading placer database...
Reading XDEF routing.
Read XDEF File: Time (s): cpu = 00:00:00 ; elapsed = 00:00:00.031 . Memory (MB): peak = 3821.180 ; gain = 0.000
Restored from archive | CPU: 0.000000 secs | Memory: 0.000000 MB |
Finished XDEF File Restore: Time (s): cpu = 00:00:00 ; elapsed = 00:00:00.032 . Memory (MB): peak = 3821.180 ; gain = 0.000
CRITICAL WARNING: [Timing 38-282] The design failed to meet the timing requirements. Please see the timing summary report for details on the timing violations.
reset_run impl_1
launch_runs impl_1 -jobs 4
[Sat Apr 17 20:12:16 2021] Launched impl_1...
Run output will be captured here: C:/Users/nehmy/OneDrive/Desktop/415 Hws and Projects/HW5part1/HW5part1.runs/impl_1/runme.log
set_property constrset constrs_1 [get_runs synth_1]
set_property constrset constrs_1 [get_runs impl_1]
reset_run synth_1
WARNING: [Vivado 12-1017] Problems encountered:
1. Failed to delete one or more files in run directory C:/Users/nehmy/OneDrive/Desktop/415 Hws and Projects/HW5part1/HW5part1.runs/synth_1

launch_runs impl_1 -jobs 4
[Sat Apr 17 20:13:05 2021] Launched synth_1...
Run output will be captured here: C:/Users/nehmy/OneDrive/Desktop/415 Hws and Projects/HW5part1/HW5part1.runs/synth_1/runme.log
[Sat Apr 17 20:13:05 2021] Launched impl_1...
Run output will be captured here: C:/Users/nehmy/OneDrive/Desktop/415 Hws and Projects/HW5part1/HW5part1.runs/impl_1/runme.log
current_project HW5part1a
close_project
close_design; open_run impl_1
Netlist sorting complete. Time (s): cpu = 00:00:00 ; elapsed = 00:00:00.001 . Memory (MB): peak = 3821.180 ; gain = 0.000
INFO: [Netlist 29-17] Analyzing 3 Unisim elements for replacement
INFO: [Netlist 29-28] Unisim Transformation completed in 0 CPU seconds
INFO: [Project 1-479] Netlist was created with Vivado 2019.2
INFO: [Project 1-570] Preparing netlist for logic optimization
INFO: [Timing 38-478] Restoring timing data from binary archive.
INFO: [Timing 38-479] Binary timing data restore complete.
INFO: [Project 1-856] Restoring constraints from binary archive.
INFO: [Project 1-853] Binary constraint restore complete.
Reading XDEF placement.
Reading placer database...
Reading XDEF routing.
Read XDEF File: Time (s): cpu = 00:00:00 ; elapsed = 00:00:00.031 . Memory (MB): peak = 3821.180 ; gain = 0.000
Restored from archive | CPU: 0.000000 secs | Memory: 0.000000 MB |
Finished XDEF File Restore: Time (s): cpu = 00:00:00 ; elapsed = 00:00:00.032 . Memory (MB): peak = 3821.180 ; gain = 0.000
Netlist sorting complete. Time (s): cpu = 00:00:00 ; elapsed = 00:00:00 . Memory (MB): peak = 3821.180 ; gain = 0.000
INFO: [Project 1-111] Unisim Transformation Summary:
No Unisim elements were transformed.

CRITICAL WARNING: [Timing 38-282] The design failed to meet the timing requirements. Please see the timing summary report for details on the timing violations.
reset_run synth_1
launch_runs impl_1 -jobs 4
[Sat Apr 17 20:15:43 2021] Launched synth_1...
Run output will be captured here: C:/Users/nehmy/OneDrive/Desktop/415 Hws and Projects/HW5part1/HW5part1.runs/synth_1/runme.log
[Sat Apr 17 20:15:43 2021] Launched impl_1...
Run output will be captured here: C:/Users/nehmy/OneDrive/Desktop/415 Hws and Projects/HW5part1/HW5part1.runs/impl_1/runme.log
refresh_design
Netlist sorting complete. Time (s): cpu = 00:00:00 ; elapsed = 00:00:00.001 . Memory (MB): peak = 3821.180 ; gain = 0.000
INFO: [Netlist 29-17] Analyzing 3 Unisim elements for replacement
INFO: [Netlist 29-28] Unisim Transformation completed in 0 CPU seconds
INFO: [Project 1-479] Netlist was created with Vivado 2019.2
INFO: [Project 1-570] Preparing netlist for logic optimization
INFO: [Timing 38-478] Restoring timing data from binary archive.
INFO: [Timing 38-479] Binary timing data restore complete.
INFO: [Project 1-856] Restoring constraints from binary archive.
INFO: [Project 1-853] Binary constraint restore complete.
Reading XDEF placement.
Reading placer database...
Reading XDEF routing.
Read XDEF File: Time (s): cpu = 00:00:00 ; elapsed = 00:00:00.035 . Memory (MB): peak = 3821.180 ; gain = 0.000
Restored from archive | CPU: 0.000000 secs | Memory: 0.000000 MB |
Finished XDEF File Restore: Time (s): cpu = 00:00:00 ; elapsed = 00:00:00.035 . Memory (MB): peak = 3821.180 ; gain = 0.000
refresh_design: Time (s): cpu = 00:00:09 ; elapsed = 00:00:05 . Memory (MB): peak = 3821.180 ; gain = 0.000
reset_run synth_1
launch_runs impl_1 -jobs 4
[Sat Apr 17 20:18:52 2021] Launched synth_1...
Run output will be captured here: C:/Users/nehmy/OneDrive/Desktop/415 Hws and Projects/HW5part1/HW5part1.runs/synth_1/runme.log
[Sat Apr 17 20:18:52 2021] Launched impl_1...
Run output will be captured here: C:/Users/nehmy/OneDrive/Desktop/415 Hws and Projects/HW5part1/HW5part1.runs/impl_1/runme.log
refresh_design
Netlist sorting complete. Time (s): cpu = 00:00:00 ; elapsed = 00:00:00.001 . Memory (MB): peak = 3821.180 ; gain = 0.000
INFO: [Netlist 29-17] Analyzing 3 Unisim elements for replacement
INFO: [Netlist 29-28] Unisim Transformation completed in 0 CPU seconds
INFO: [Project 1-479] Netlist was created with Vivado 2019.2
INFO: [Project 1-570] Preparing netlist for logic optimization
INFO: [Timing 38-478] Restoring timing data from binary archive.
INFO: [Timing 38-479] Binary timing data restore complete.
INFO: [Project 1-856] Restoring constraints from binary archive.
INFO: [Project 1-853] Binary constraint restore complete.
Reading XDEF placement.
Reading placer database...
Reading XDEF routing.
Read XDEF File: Time (s): cpu = 00:00:00 ; elapsed = 00:00:00.033 . Memory (MB): peak = 3821.180 ; gain = 0.000
Restored from archive | CPU: 0.000000 secs | Memory: 0.000000 MB |
Finished XDEF File Restore: Time (s): cpu = 00:00:00 ; elapsed = 00:00:00.034 . Memory (MB): peak = 3821.180 ; gain = 0.000
reset_run synth_1
launch_runs impl_1 -jobs 4
[Sat Apr 17 20:21:17 2021] Launched synth_1...
Run output will be captured here: C:/Users/nehmy/OneDrive/Desktop/415 Hws and Projects/HW5part1/HW5part1.runs/synth_1/runme.log
[Sat Apr 17 20:21:17 2021] Launched impl_1...
Run output will be captured here: C:/Users/nehmy/OneDrive/Desktop/415 Hws and Projects/HW5part1/HW5part1.runs/impl_1/runme.log
refresh_design
Netlist sorting complete. Time (s): cpu = 00:00:00 ; elapsed = 00:00:00 . Memory (MB): peak = 3821.180 ; gain = 0.000
INFO: [Netlist 29-17] Analyzing 3 Unisim elements for replacement
INFO: [Netlist 29-28] Unisim Transformation completed in 0 CPU seconds
INFO: [Project 1-479] Netlist was created with Vivado 2019.2
INFO: [Project 1-570] Preparing netlist for logic optimization
INFO: [Timing 38-478] Restoring timing data from binary archive.
INFO: [Timing 38-479] Binary timing data restore complete.
INFO: [Project 1-856] Restoring constraints from binary archive.
INFO: [Project 1-853] Binary constraint restore complete.
Reading XDEF placement.
Reading placer database...
Reading XDEF routing.
Read XDEF File: Time (s): cpu = 00:00:00 ; elapsed = 00:00:00.033 . Memory (MB): peak = 3821.180 ; gain = 0.000
Restored from archive | CPU: 0.000000 secs | Memory: 0.000000 MB |
Finished XDEF File Restore: Time (s): cpu = 00:00:00 ; elapsed = 00:00:00.034 . Memory (MB): peak = 3821.180 ; gain = 0.000
reset_run synth_1
launch_runs impl_1 -jobs 4
[Sat Apr 17 20:25:17 2021] Launched synth_1...
Run output will be captured here: C:/Users/nehmy/OneDrive/Desktop/415 Hws and Projects/HW5part1/HW5part1.runs/synth_1/runme.log
[Sat Apr 17 20:25:17 2021] Launched impl_1...
Run output will be captured here: C:/Users/nehmy/OneDrive/Desktop/415 Hws and Projects/HW5part1/HW5part1.runs/impl_1/runme.log
refresh_design
Netlist sorting complete. Time (s): cpu = 00:00:00 ; elapsed = 00:00:00 . Memory (MB): peak = 3821.180 ; gain = 0.000
INFO: [Netlist 29-17] Analyzing 3 Unisim elements for replacement
INFO: [Netlist 29-28] Unisim Transformation completed in 0 CPU seconds
INFO: [Project 1-479] Netlist was created with Vivado 2019.2
INFO: [Project 1-570] Preparing netlist for logic optimization
INFO: [Timing 38-478] Restoring timing data from binary archive.
INFO: [Timing 38-479] Binary timing data restore complete.
INFO: [Project 1-856] Restoring constraints from binary archive.
INFO: [Project 1-853] Binary constraint restore complete.
Reading XDEF placement.
Reading placer database...
Reading XDEF routing.
Read XDEF File: Time (s): cpu = 00:00:00 ; elapsed = 00:00:00.038 . Memory (MB): peak = 3821.180 ; gain = 0.000
Restored from archive | CPU: 0.000000 secs | Memory: 0.000000 MB |
Finished XDEF File Restore: Time (s): cpu = 00:00:00 ; elapsed = 00:00:00.038 . Memory (MB): peak = 3821.180 ; gain = 0.000
CRITICAL WARNING: [Timing 38-282] The design failed to meet the timing requirements. Please see the timing summary report for details on the timing violations.
reset_run synth_1
launch_runs impl_1 -jobs 4
[Sat Apr 17 20:27:45 2021] Launched synth_1...
Run output will be captured here: C:/Users/nehmy/OneDrive/Desktop/415 Hws and Projects/HW5part1/HW5part1.runs/synth_1/runme.log
[Sat Apr 17 20:27:45 2021] Launched impl_1...
Run output will be captured here: C:/Users/nehmy/OneDrive/Desktop/415 Hws and Projects/HW5part1/HW5part1.runs/impl_1/runme.log
refresh_design
Netlist sorting complete. Time (s): cpu = 00:00:00 ; elapsed = 00:00:00.001 . Memory (MB): peak = 3821.180 ; gain = 0.000
INFO: [Netlist 29-17] Analyzing 3 Unisim elements for replacement
INFO: [Netlist 29-28] Unisim Transformation completed in 0 CPU seconds
INFO: [Project 1-479] Netlist was created with Vivado 2019.2
INFO: [Project 1-570] Preparing netlist for logic optimization
INFO: [Timing 38-478] Restoring timing data from binary archive.
INFO: [Timing 38-479] Binary timing data restore complete.
INFO: [Project 1-856] Restoring constraints from binary archive.
INFO: [Project 1-853] Binary constraint restore complete.
Reading XDEF placement.
Reading placer database...
Reading XDEF routing.
Read XDEF File: Time (s): cpu = 00:00:01 ; elapsed = 00:00:00.034 . Memory (MB): peak = 3821.180 ; gain = 0.000
Restored from archive | CPU: 1.000000 secs | Memory: 0.000000 MB |
Finished XDEF File Restore: Time (s): cpu = 00:00:01 ; elapsed = 00:00:00.034 . Memory (MB): peak = 3821.180 ; gain = 0.000
reset_run synth_1
launch_runs impl_1 -jobs 4
[Sat Apr 17 20:30:44 2021] Launched synth_1...
Run output will be captured here: C:/Users/nehmy/OneDrive/Desktop/415 Hws and Projects/HW5part1/HW5part1.runs/synth_1/runme.log
[Sat Apr 17 20:30:44 2021] Launched impl_1...
Run output will be captured here: C:/Users/nehmy/OneDrive/Desktop/415 Hws and Projects/HW5part1/HW5part1.runs/impl_1/runme.log
refresh_design
Netlist sorting complete. Time (s): cpu = 00:00:00 ; elapsed = 00:00:00.001 . Memory (MB): peak = 3821.180 ; gain = 0.000
INFO: [Netlist 29-17] Analyzing 3 Unisim elements for replacement
INFO: [Netlist 29-28] Unisim Transformation completed in 0 CPU seconds
INFO: [Project 1-479] Netlist was created with Vivado 2019.2
INFO: [Project 1-570] Preparing netlist for logic optimization
INFO: [Timing 38-478] Restoring timing data from binary archive.
INFO: [Timing 38-479] Binary timing data restore complete.
INFO: [Project 1-856] Restoring constraints from binary archive.
INFO: [Project 1-853] Binary constraint restore complete.
Reading XDEF placement.
Reading placer database...
Reading XDEF routing.
Read XDEF File: Time (s): cpu = 00:00:00 ; elapsed = 00:00:00.043 . Memory (MB): peak = 3821.180 ; gain = 0.000
Restored from archive | CPU: 0.000000 secs | Memory: 0.000000 MB |
Finished XDEF File Restore: Time (s): cpu = 00:00:00 ; elapsed = 00:00:00.043 . Memory (MB): peak = 3821.180 ; gain = 0.000
refresh_design: Time (s): cpu = 00:00:09 ; elapsed = 00:00:06 . Memory (MB): peak = 3821.180 ; gain = 0.000
CRITICAL WARNING: [Timing 38-282] The design failed to meet the timing requirements. Please see the timing summary report for details on the timing violations.
reset_run synth_1
launch_runs impl_1 -jobs 4
[Sat Apr 17 20:33:14 2021] Launched synth_1...
Run output will be captured here: C:/Users/nehmy/OneDrive/Desktop/415 Hws and Projects/HW5part1/HW5part1.runs/synth_1/runme.log
[Sat Apr 17 20:33:14 2021] Launched impl_1...
Run output will be captured here: C:/Users/nehmy/OneDrive/Desktop/415 Hws and Projects/HW5part1/HW5part1.runs/impl_1/runme.log
refresh_design
Netlist sorting complete. Time (s): cpu = 00:00:00 ; elapsed = 00:00:00 . Memory (MB): peak = 3821.180 ; gain = 0.000
INFO: [Netlist 29-17] Analyzing 3 Unisim elements for replacement
INFO: [Netlist 29-28] Unisim Transformation completed in 0 CPU seconds
INFO: [Project 1-479] Netlist was created with Vivado 2019.2
INFO: [Project 1-570] Preparing netlist for logic optimization
INFO: [Timing 38-478] Restoring timing data from binary archive.
INFO: [Timing 38-479] Binary timing data restore complete.
INFO: [Project 1-856] Restoring constraints from binary archive.
INFO: [Project 1-853] Binary constraint restore complete.
Reading XDEF placement.
Reading placer database...
Reading XDEF routing.
Read XDEF File: Time (s): cpu = 00:00:00 ; elapsed = 00:00:00.038 . Memory (MB): peak = 3821.180 ; gain = 0.000
Restored from archive | CPU: 0.000000 secs | Memory: 0.000000 MB |
Finished XDEF File Restore: Time (s): cpu = 00:00:00 ; elapsed = 00:00:00.038 . Memory (MB): peak = 3821.180 ; gain = 0.000
refresh_design: Time (s): cpu = 00:00:09 ; elapsed = 00:00:05 . Memory (MB): peak = 3821.180 ; gain = 0.000
CRITICAL WARNING: [Timing 38-282] The design failed to meet the timing requirements. Please see the timing summary report for details on the timing violations.
reset_run synth_1
launch_runs impl_1 -jobs 4
[Sat Apr 17 20:37:51 2021] Launched synth_1...
Run output will be captured here: C:/Users/nehmy/OneDrive/Desktop/415 Hws and Projects/HW5part1/HW5part1.runs/synth_1/runme.log
[Sat Apr 17 20:37:51 2021] Launched impl_1...
Run output will be captured here: C:/Users/nehmy/OneDrive/Desktop/415 Hws and Projects/HW5part1/HW5part1.runs/impl_1/runme.log
refresh_design
Netlist sorting complete. Time (s): cpu = 00:00:00 ; elapsed = 00:00:00.001 . Memory (MB): peak = 3821.180 ; gain = 0.000
INFO: [Netlist 29-17] Analyzing 3 Unisim elements for replacement
INFO: [Netlist 29-28] Unisim Transformation completed in 0 CPU seconds
INFO: [Project 1-479] Netlist was created with Vivado 2019.2
INFO: [Project 1-570] Preparing netlist for logic optimization
INFO: [Timing 38-478] Restoring timing data from binary archive.
INFO: [Timing 38-479] Binary timing data restore complete.
INFO: [Project 1-856] Restoring constraints from binary archive.
INFO: [Project 1-853] Binary constraint restore complete.
Reading XDEF placement.
Reading placer database...
Reading XDEF routing.
Read XDEF File: Time (s): cpu = 00:00:01 ; elapsed = 00:00:00.042 . Memory (MB): peak = 3821.180 ; gain = 0.000
Restored from archive | CPU: 1.000000 secs | Memory: 0.000000 MB |
Finished XDEF File Restore: Time (s): cpu = 00:00:01 ; elapsed = 00:00:00.043 . Memory (MB): peak = 3821.180 ; gain = 0.000
refresh_design: Time (s): cpu = 00:00:08 ; elapsed = 00:00:06 . Memory (MB): peak = 3821.180 ; gain = 0.000
exit
INFO: [Common 17-206] Exiting Vivado at Sat Apr 17 21:14:00 2021...
