
*** Running vivado
    with args -log ISA.vdi -applog -m64 -product Vivado -messageDb vivado.pb -mode batch -source ISA.tcl -notrace


****** Vivado v2019.2 (64-bit)
  **** SW Build 2708876 on Wed Nov  6 21:40:23 MST 2019
  **** IP Build 2700528 on Thu Nov  7 00:09:20 MST 2019
    ** Copyright 1986-2019 Xilinx, Inc. All Rights Reserved.

source ISA.tcl -notrace
INFO: [IP_Flow 19-234] Refreshing IP repositories
WARNING: [IP_Flow 19-2248] Failed to load user IP repository 'c:/Users/nehmy/OneDrive/Desktop/ip_repo'; Can't find the specified path.
If this directory should no longer be in your list of user repositories, go to the IP Settings dialog and remove it.
INFO: [IP_Flow 19-1700] Loaded user IP repository 'c:/Users/nehmy/AppData/Roaming/Xilinx/ip_repo'.
INFO: [IP_Flow 19-2313] Loaded Vivado IP repository 'C:/Xilinx/Vivado/2019.2/data/ip'.
Command: link_design -top ISA -part xc7a100tcsg324-1
Design is defaulting to srcset: sources_1
Design is defaulting to constrset: constrs_1
INFO: [Device 21-403] Loading part xc7a100tcsg324-1
INFO: [Project 1-454] Reading design checkpoint 'c:/Users/nehmy/OneDrive/Desktop/HW4_Blake_Wishard/HW4.srcs/sources_1/bd/ALU/ip/ALU_and16_0_0/ALU_and16_0_0.dcp' for cell 'mux/ALU_intan/and16_0'
INFO: [Project 1-454] Reading design checkpoint 'c:/Users/nehmy/OneDrive/Desktop/HW4_Blake_Wishard/HW4.srcs/sources_1/bd/ALU/ip/ALU_c_addsub_0_0/ALU_c_addsub_0_0.dcp' for cell 'mux/ALU_intan/c_addsub_0'
INFO: [Project 1-454] Reading design checkpoint 'c:/Users/nehmy/OneDrive/Desktop/HW4_Blake_Wishard/HW4.srcs/sources_1/bd/ALU/ip/ALU_c_addsub_1_0/ALU_c_addsub_1_0.dcp' for cell 'mux/ALU_intan/c_addsub_1'
INFO: [Project 1-454] Reading design checkpoint 'c:/Users/nehmy/OneDrive/Desktop/HW4_Blake_Wishard/HW4.srcs/sources_1/bd/ALU/ip/ALU_div_gen_0_2/ALU_div_gen_0_2.dcp' for cell 'mux/ALU_intan/div_gen_0'
INFO: [Project 1-454] Reading design checkpoint 'c:/Users/nehmy/OneDrive/Desktop/HW4_Blake_Wishard/HW4.srcs/sources_1/bd/ALU/ip/ALU_mod16_0_0/ALU_mod16_0_0.dcp' for cell 'mux/ALU_intan/mod16_0'
INFO: [Project 1-454] Reading design checkpoint 'c:/Users/nehmy/OneDrive/Desktop/HW4_Blake_Wishard/HW4.srcs/sources_1/bd/ALU/ip/ALU_mult_gen_0_0/ALU_mult_gen_0_0.dcp' for cell 'mux/ALU_intan/mult_gen_0'
INFO: [Project 1-454] Reading design checkpoint 'c:/Users/nehmy/OneDrive/Desktop/HW4_Blake_Wishard/HW4.srcs/sources_1/bd/ALU/ip/ALU_or16_0_0/ALU_or16_0_0.dcp' for cell 'mux/ALU_intan/or16_0'
INFO: [Project 1-454] Reading design checkpoint 'c:/Users/nehmy/OneDrive/Desktop/HW4_Blake_Wishard/HW4.srcs/sources_1/bd/ALU/ip/ALU_xor16_0_0/ALU_xor16_0_0.dcp' for cell 'mux/ALU_intan/xor16_0'
Netlist sorting complete. Time (s): cpu = 00:00:00 ; elapsed = 00:00:00.053 . Memory (MB): peak = 666.293 ; gain = 0.000
INFO: [Netlist 29-17] Analyzing 350 Unisim elements for replacement
INFO: [Netlist 29-28] Unisim Transformation completed in 0 CPU seconds
INFO: [Project 1-479] Netlist was created with Vivado 2019.2
INFO: [Project 1-570] Preparing netlist for logic optimization
Parsing XDC File [C:/Users/nehmy/OneDrive/Desktop/HW4_Blake_Wishard/HW4.srcs/constrs_1/imports/Downloads/timing.xdc]
Finished Parsing XDC File [C:/Users/nehmy/OneDrive/Desktop/HW4_Blake_Wishard/HW4.srcs/constrs_1/imports/Downloads/timing.xdc]
INFO: [Opt 31-138] Pushed 0 inverter(s) to 0 load pin(s).
Netlist sorting complete. Time (s): cpu = 00:00:00 ; elapsed = 00:00:00.002 . Memory (MB): peak = 784.973 ; gain = 0.000
INFO: [Project 1-111] Unisim Transformation Summary:
No Unisim elements were transformed.

18 Infos, 1 Warnings, 0 Critical Warnings and 0 Errors encountered.
link_design completed successfully
link_design: Time (s): cpu = 00:00:07 ; elapsed = 00:00:07 . Memory (MB): peak = 784.973 ; gain = 443.883
Command: opt_design
Attempting to get a license for feature 'Implementation' and/or device 'xc7a100t'
INFO: [Common 17-349] Got license for feature 'Implementation' and/or device 'xc7a100t'
Running DRC as a precondition to command opt_design

Starting DRC Task
INFO: [DRC 23-27] Running DRC with 2 threads
INFO: [Project 1-461] DRC finished with 0 Errors
INFO: [Project 1-462] Please refer to the DRC report (report_drc) for more information.

Time (s): cpu = 00:00:00 ; elapsed = 00:00:00.474 . Memory (MB): peak = 806.957 ; gain = 21.984

Starting Cache Timing Information Task
INFO: [Timing 38-35] Done setting XDC timing constraints.
Ending Cache Timing Information Task | Checksum: 160922807

Time (s): cpu = 00:00:08 ; elapsed = 00:00:08 . Memory (MB): peak = 1358.848 ; gain = 551.891

Starting Logic Optimization Task

Phase 1 Retarget
INFO: [Opt 31-138] Pushed 2 inverter(s) to 4 load pin(s).
INFO: [Opt 31-49] Retargeted 0 cell(s).
Phase 1 Retarget | Checksum: ed316d5c

Time (s): cpu = 00:00:00 ; elapsed = 00:00:00.355 . Memory (MB): peak = 1553.465 ; gain = 0.000
INFO: [Opt 31-389] Phase Retarget created 543 cells and removed 647 cells

Phase 2 Constant propagation
INFO: [Opt 31-138] Pushed 0 inverter(s) to 0 load pin(s).
Phase 2 Constant propagation | Checksum: 1563a16c0

Time (s): cpu = 00:00:01 ; elapsed = 00:00:01 . Memory (MB): peak = 1553.465 ; gain = 0.000
INFO: [Opt 31-389] Phase Constant propagation created 0 cells and removed 2673 cells

Phase 3 Sweep
Phase 3 Sweep | Checksum: 1094c191d

Time (s): cpu = 00:00:02 ; elapsed = 00:00:02 . Memory (MB): peak = 1553.465 ; gain = 0.000
INFO: [Opt 31-389] Phase Sweep created 0 cells and removed 127 cells

Phase 4 BUFG optimization
INFO: [Opt 31-1112] Starts optimizing BUFG(s) with a common MMCM/DPLL/XPLL driver.
INFO: [Opt 31-1112] Starts optimizing BUFG(s) with a common driver.
INFO: [Opt 31-1092] Phase BUFG optimization transformed 0 BUFG(s) to MBUFG(s).
Phase 4 BUFG optimization | Checksum: 1094c191d

Time (s): cpu = 00:00:02 ; elapsed = 00:00:02 . Memory (MB): peak = 1553.465 ; gain = 0.000
INFO: [Opt 31-662] Phase BUFG optimization created 0 cells of which 0 are BUFGs and removed 0 cells.

Phase 5 Shift Register Optimization
INFO: [Opt 31-1064] SRL Remap converted 0 SRLs to 0 registers and converted 0 registers of register chains to 0 SRLs
Phase 5 Shift Register Optimization | Checksum: 1094c191d

Time (s): cpu = 00:00:02 ; elapsed = 00:00:02 . Memory (MB): peak = 1553.465 ; gain = 0.000
INFO: [Opt 31-389] Phase Shift Register Optimization created 0 cells and removed 0 cells

Phase 6 Post Processing Netlist
Phase 6 Post Processing Netlist | Checksum: 1094c191d

Time (s): cpu = 00:00:02 ; elapsed = 00:00:02 . Memory (MB): peak = 1553.465 ; gain = 0.000
INFO: [Opt 31-389] Phase Post Processing Netlist created 0 cells and removed 0 cells
Opt_design Change Summary
=========================


-------------------------------------------------------------------------------------------------------------------------
|  Phase                        |  #Cells created  |  #Cells Removed  |  #Constrained objects preventing optimizations  |
-------------------------------------------------------------------------------------------------------------------------
|  Retarget                     |             543  |             647  |                                              0  |
|  Constant propagation         |               0  |            2673  |                                              0  |
|  Sweep                        |               0  |             127  |                                              0  |
|  BUFG optimization            |               0  |               0  |                                              0  |
|  Shift Register Optimization  |               0  |               0  |                                              0  |
|  Post Processing Netlist      |               0  |               0  |                                              0  |
-------------------------------------------------------------------------------------------------------------------------



Starting Connectivity Check Task

Time (s): cpu = 00:00:00 ; elapsed = 00:00:00.001 . Memory (MB): peak = 1553.465 ; gain = 0.000
Ending Logic Optimization Task | Checksum: 205ca333f

Time (s): cpu = 00:00:02 ; elapsed = 00:00:02 . Memory (MB): peak = 1553.465 ; gain = 0.000

Starting Power Optimization Task
INFO: [Pwropt 34-132] Skipping clock gating for clocks with a period < 2.00 ns.
Ending Power Optimization Task | Checksum: 205ca333f

Time (s): cpu = 00:00:00 ; elapsed = 00:00:00.006 . Memory (MB): peak = 1553.465 ; gain = 0.000

Starting Final Cleanup Task
Ending Final Cleanup Task | Checksum: 205ca333f

Time (s): cpu = 00:00:00 ; elapsed = 00:00:00.001 . Memory (MB): peak = 1553.465 ; gain = 0.000

Starting Netlist Obfuscation Task
Netlist sorting complete. Time (s): cpu = 00:00:00 ; elapsed = 00:00:00 . Memory (MB): peak = 1553.465 ; gain = 0.000
Ending Netlist Obfuscation Task | Checksum: 205ca333f

Time (s): cpu = 00:00:00 ; elapsed = 00:00:00 . Memory (MB): peak = 1553.465 ; gain = 0.000
INFO: [Common 17-83] Releasing license: Implementation
38 Infos, 1 Warnings, 0 Critical Warnings and 0 Errors encountered.
opt_design completed successfully
opt_design: Time (s): cpu = 00:00:12 ; elapsed = 00:00:12 . Memory (MB): peak = 1553.465 ; gain = 768.492
Netlist sorting complete. Time (s): cpu = 00:00:00 ; elapsed = 00:00:00 . Memory (MB): peak = 1553.465 ; gain = 0.000
INFO: [Timing 38-480] Writing timing data to binary archive.
Writing placer database...
Writing XDEF routing.
Writing XDEF routing logical nets.
Writing XDEF routing special nets.
Write XDEF Complete: Time (s): cpu = 00:00:00 ; elapsed = 00:00:00.031 . Memory (MB): peak = 1553.465 ; gain = 0.000
INFO: [Common 17-1381] The checkpoint 'C:/Users/nehmy/OneDrive/Desktop/HW4_Blake_Wishard/HW4.runs/impl_1/ISA_opt.dcp' has been generated.
INFO: [runtcl-4] Executing : report_drc -file ISA_drc_opted.rpt -pb ISA_drc_opted.pb -rpx ISA_drc_opted.rpx
Command: report_drc -file ISA_drc_opted.rpt -pb ISA_drc_opted.pb -rpx ISA_drc_opted.rpx
INFO: [IP_Flow 19-1839] IP Catalog is up to date.
INFO: [DRC 23-27] Running DRC with 2 threads
INFO: [Coretcl 2-168] The results of DRC are in file C:/Users/nehmy/OneDrive/Desktop/HW4_Blake_Wishard/HW4.runs/impl_1/ISA_drc_opted.rpt.
report_drc completed successfully
Command: place_design
Attempting to get a license for feature 'Implementation' and/or device 'xc7a100t'
INFO: [Common 17-349] Got license for feature 'Implementation' and/or device 'xc7a100t'
INFO: [DRC 23-27] Running DRC with 2 threads
INFO: [Vivado_Tcl 4-198] DRC finished with 0 Errors
INFO: [Vivado_Tcl 4-199] Please refer to the DRC report (report_drc) for more information.
Running DRC as a precondition to command place_design
INFO: [DRC 23-27] Running DRC with 2 threads
INFO: [Vivado_Tcl 4-198] DRC finished with 0 Errors
INFO: [Vivado_Tcl 4-199] Please refer to the DRC report (report_drc) for more information.

Starting Placer Task
INFO: [Place 30-611] Multithreading enabled for place_design using a maximum of 2 CPUs

Phase 1 Placer Initialization

Phase 1.1 Placer Initialization Netlist Sorting
Netlist sorting complete. Time (s): cpu = 00:00:00 ; elapsed = 00:00:00.001 . Memory (MB): peak = 1553.465 ; gain = 0.000
Phase 1.1 Placer Initialization Netlist Sorting | Checksum: 164b5a79a

Time (s): cpu = 00:00:00 ; elapsed = 00:00:00.004 . Memory (MB): peak = 1553.465 ; gain = 0.000
Netlist sorting complete. Time (s): cpu = 00:00:00 ; elapsed = 00:00:00.001 . Memory (MB): peak = 1553.465 ; gain = 0.000

Phase 1.2 IO Placement/ Clock Placement/ Build Placer Device
INFO: [Timing 38-35] Done setting XDC timing constraints.
Phase 1.2 IO Placement/ Clock Placement/ Build Placer Device | Checksum: 1cafacc60

Time (s): cpu = 00:00:01 ; elapsed = 00:00:00.563 . Memory (MB): peak = 1553.465 ; gain = 0.000

Phase 1.3 Build Placer Netlist Model
Phase 1.3 Build Placer Netlist Model | Checksum: 2bc1775cd

Time (s): cpu = 00:00:01 ; elapsed = 00:00:00.642 . Memory (MB): peak = 1553.465 ; gain = 0.000

Phase 1.4 Constrain Clocks/Macros
Phase 1.4 Constrain Clocks/Macros | Checksum: 2bc1775cd

Time (s): cpu = 00:00:01 ; elapsed = 00:00:00.643 . Memory (MB): peak = 1553.465 ; gain = 0.000
Phase 1 Placer Initialization | Checksum: 2bc1775cd

Time (s): cpu = 00:00:01 ; elapsed = 00:00:00.646 . Memory (MB): peak = 1553.465 ; gain = 0.000

Phase 2 Global Placement

Phase 2.1 Floorplanning
Phase 2.1 Floorplanning | Checksum: 276fb86f1

Time (s): cpu = 00:00:01 ; elapsed = 00:00:00.723 . Memory (MB): peak = 1553.465 ; gain = 0.000

Phase 2.2 Global Placement Core

Phase 2.2.1 Physical Synthesis In Placer
INFO: [Physopt 32-775] End 1 Pass. Optimized 0 net or cell. Created 0 new cell, deleted 0 existing cell and moved 0 existing cell
INFO: [Physopt 32-65] No nets found for high-fanout optimization.
INFO: [Physopt 32-232] Optimized 0 net. Created 0 new instance.
INFO: [Physopt 32-775] End 1 Pass. Optimized 0 net or cell. Created 0 new cell, deleted 0 existing cell and moved 0 existing cell
INFO: [Physopt 32-670] No setup violation found.  DSP Register Optimization was not performed.
INFO: [Physopt 32-670] No setup violation found.  Shift Register to Pipeline Optimization was not performed.
INFO: [Physopt 32-670] No setup violation found.  Shift Register Optimization was not performed.
INFO: [Physopt 32-670] No setup violation found.  BRAM Register Optimization was not performed.
INFO: [Physopt 32-949] No candidate nets found for HD net replication
INFO: [Physopt 32-775] End 1 Pass. Optimized 0 net or cell. Created 0 new cell, deleted 0 existing cell and moved 0 existing cell
Netlist sorting complete. Time (s): cpu = 00:00:00 ; elapsed = 00:00:00 . Memory (MB): peak = 1553.465 ; gain = 0.000

Summary of Physical Synthesis Optimizations
============================================


-----------------------------------------------------------------------------------------------------------------------------------------------------------
|  Optimization                                     |  Added Cells  |  Removed Cells  |  Optimized Cells/Nets  |  Dont Touch  |  Iterations  |  Elapsed   |
-----------------------------------------------------------------------------------------------------------------------------------------------------------
|  LUT Combining                                    |            0  |              0  |                     0  |           0  |           1  |  00:00:00  |
|  Very High Fanout                                 |            0  |              0  |                     0  |           0  |           1  |  00:00:00  |
|  DSP Register                                     |            0  |              0  |                     0  |           0  |           0  |  00:00:00  |
|  Shift Register to Pipeline                       |            0  |              0  |                     0  |           0  |           0  |  00:00:00  |
|  Shift Register                                   |            0  |              0  |                     0  |           0  |           0  |  00:00:00  |
|  BRAM Register                                    |            0  |              0  |                     0  |           0  |           0  |  00:00:00  |
|  Dynamic/Static Region Interface Net Replication  |            0  |              0  |                     0  |           0  |           1  |  00:00:00  |
|  Total                                            |            0  |              0  |                     0  |           0  |           3  |  00:00:00  |
-----------------------------------------------------------------------------------------------------------------------------------------------------------


Phase 2.2.1 Physical Synthesis In Placer | Checksum: 1de1c7ad8

Time (s): cpu = 00:00:02 ; elapsed = 00:00:01 . Memory (MB): peak = 1553.465 ; gain = 0.000
Phase 2.2 Global Placement Core | Checksum: 267c3f549

Time (s): cpu = 00:00:02 ; elapsed = 00:00:01 . Memory (MB): peak = 1553.465 ; gain = 0.000
Phase 2 Global Placement | Checksum: 267c3f549

Time (s): cpu = 00:00:02 ; elapsed = 00:00:01 . Memory (MB): peak = 1553.465 ; gain = 0.000

Phase 3 Detail Placement

Phase 3.1 Commit Multi Column Macros
Phase 3.1 Commit Multi Column Macros | Checksum: 1d30a5db1

Time (s): cpu = 00:00:02 ; elapsed = 00:00:01 . Memory (MB): peak = 1553.465 ; gain = 0.000

Phase 3.2 Commit Most Macros & LUTRAMs
Phase 3.2 Commit Most Macros & LUTRAMs | Checksum: 202a3817a

Time (s): cpu = 00:00:03 ; elapsed = 00:00:01 . Memory (MB): peak = 1553.465 ; gain = 0.000

Phase 3.3 Area Swap Optimization
Phase 3.3 Area Swap Optimization | Checksum: 2640943c1

Time (s): cpu = 00:00:03 ; elapsed = 00:00:01 . Memory (MB): peak = 1553.465 ; gain = 0.000

Phase 3.4 Pipeline Register Optimization
Phase 3.4 Pipeline Register Optimization | Checksum: 1aab40a85

Time (s): cpu = 00:00:03 ; elapsed = 00:00:01 . Memory (MB): peak = 1553.465 ; gain = 0.000

Phase 3.5 Small Shape Detail Placement
Phase 3.5 Small Shape Detail Placement | Checksum: 18373a2ad

Time (s): cpu = 00:00:03 ; elapsed = 00:00:02 . Memory (MB): peak = 1553.465 ; gain = 0.000

Phase 3.6 Re-assign LUT pins
Phase 3.6 Re-assign LUT pins | Checksum: 196289c3a

Time (s): cpu = 00:00:03 ; elapsed = 00:00:02 . Memory (MB): peak = 1553.465 ; gain = 0.000

Phase 3.7 Pipeline Register Optimization
Phase 3.7 Pipeline Register Optimization | Checksum: 25095e46e

Time (s): cpu = 00:00:03 ; elapsed = 00:00:02 . Memory (MB): peak = 1553.465 ; gain = 0.000
Phase 3 Detail Placement | Checksum: 25095e46e

Time (s): cpu = 00:00:03 ; elapsed = 00:00:02 . Memory (MB): peak = 1553.465 ; gain = 0.000

Phase 4 Post Placement Optimization and Clean-Up

Phase 4.1 Post Commit Optimization
INFO: [Timing 38-35] Done setting XDC timing constraints.

Phase 4.1.1 Post Placement Optimization
Post Placement Optimization Initialization | Checksum: 2097b4c1a

Phase 4.1.1.1 BUFG Insertion
INFO: [Place 46-56] BUFG insertion identified 0 candidate nets. Inserted BUFG: 0, Replicated BUFG Driver: 0, Skipped due to Placement/Routing Conflicts: 0, Skipped due to Timing Degradation: 0, Skipped due to Illegal Netlist: 0.
Phase 4.1.1.1 BUFG Insertion | Checksum: 2097b4c1a

Time (s): cpu = 00:00:03 ; elapsed = 00:00:02 . Memory (MB): peak = 1553.465 ; gain = 0.000
INFO: [Place 30-746] Post Placement Timing Summary WNS=5.763. For the most accurate timing information please run report_timing.
Phase 4.1.1 Post Placement Optimization | Checksum: 178854766

Time (s): cpu = 00:00:03 ; elapsed = 00:00:02 . Memory (MB): peak = 1553.465 ; gain = 0.000
Phase 4.1 Post Commit Optimization | Checksum: 178854766

Time (s): cpu = 00:00:03 ; elapsed = 00:00:02 . Memory (MB): peak = 1553.465 ; gain = 0.000

Phase 4.2 Post Placement Cleanup
Phase 4.2 Post Placement Cleanup | Checksum: 178854766

Time (s): cpu = 00:00:03 ; elapsed = 00:00:02 . Memory (MB): peak = 1553.465 ; gain = 0.000

Phase 4.3 Placer Reporting
Phase 4.3 Placer Reporting | Checksum: 178854766

Time (s): cpu = 00:00:03 ; elapsed = 00:00:02 . Memory (MB): peak = 1553.465 ; gain = 0.000

Phase 4.4 Final Placement Cleanup
Netlist sorting complete. Time (s): cpu = 00:00:00 ; elapsed = 00:00:00 . Memory (MB): peak = 1553.465 ; gain = 0.000
Phase 4.4 Final Placement Cleanup | Checksum: 18a6ac4ac

Time (s): cpu = 00:00:03 ; elapsed = 00:00:02 . Memory (MB): peak = 1553.465 ; gain = 0.000
Phase 4 Post Placement Optimization and Clean-Up | Checksum: 18a6ac4ac

Time (s): cpu = 00:00:03 ; elapsed = 00:00:02 . Memory (MB): peak = 1553.465 ; gain = 0.000
Ending Placer Task | Checksum: 164a69786

Time (s): cpu = 00:00:03 ; elapsed = 00:00:02 . Memory (MB): peak = 1553.465 ; gain = 0.000
INFO: [Common 17-83] Releasing license: Implementation
67 Infos, 1 Warnings, 0 Critical Warnings and 0 Errors encountered.
place_design completed successfully
Netlist sorting complete. Time (s): cpu = 00:00:00 ; elapsed = 00:00:00 . Memory (MB): peak = 1553.465 ; gain = 0.000
INFO: [Timing 38-480] Writing timing data to binary archive.
Writing placer database...
Writing XDEF routing.
Writing XDEF routing logical nets.
Writing XDEF routing special nets.
Write XDEF Complete: Time (s): cpu = 00:00:00 ; elapsed = 00:00:00.035 . Memory (MB): peak = 1553.465 ; gain = 0.000
INFO: [Common 17-1381] The checkpoint 'C:/Users/nehmy/OneDrive/Desktop/HW4_Blake_Wishard/HW4.runs/impl_1/ISA_placed.dcp' has been generated.
INFO: [runtcl-4] Executing : report_io -file ISA_io_placed.rpt
report_io: Time (s): cpu = 00:00:00 ; elapsed = 00:00:00.045 . Memory (MB): peak = 1553.465 ; gain = 0.000
INFO: [runtcl-4] Executing : report_utilization -file ISA_utilization_placed.rpt -pb ISA_utilization_placed.pb
INFO: [runtcl-4] Executing : report_control_sets -verbose -file ISA_control_sets_placed.rpt
report_control_sets: Time (s): cpu = 00:00:00 ; elapsed = 00:00:00.001 . Memory (MB): peak = 1553.465 ; gain = 0.000
Command: phys_opt_design
Attempting to get a license for feature 'Implementation' and/or device 'xc7a100t'
INFO: [Common 17-349] Got license for feature 'Implementation' and/or device 'xc7a100t'
INFO: [Vivado_Tcl 4-383] Design worst setup slack (WNS) is greater than or equal to 0.250 ns. Skipping all physical synthesis optimizations.
INFO: [Vivado_Tcl 4-232] No setup violation found. The netlist was not modified.
INFO: [Common 17-83] Releasing license: Implementation
76 Infos, 1 Warnings, 0 Critical Warnings and 0 Errors encountered.
phys_opt_design completed successfully
Netlist sorting complete. Time (s): cpu = 00:00:00 ; elapsed = 00:00:00 . Memory (MB): peak = 1553.465 ; gain = 0.000
INFO: [Timing 38-480] Writing timing data to binary archive.
Writing placer database...
Writing XDEF routing.
Writing XDEF routing logical nets.
Writing XDEF routing special nets.
Write XDEF Complete: Time (s): cpu = 00:00:00 ; elapsed = 00:00:00.038 . Memory (MB): peak = 1567.844 ; gain = 14.379
INFO: [Common 17-1381] The checkpoint 'C:/Users/nehmy/OneDrive/Desktop/HW4_Blake_Wishard/HW4.runs/impl_1/ISA_physopt.dcp' has been generated.
Command: route_design
Attempting to get a license for feature 'Implementation' and/or device 'xc7a100t'
INFO: [Common 17-349] Got license for feature 'Implementation' and/or device 'xc7a100t'
Running DRC as a precondition to command route_design
INFO: [DRC 23-27] Running DRC with 2 threads
INFO: [Vivado_Tcl 4-198] DRC finished with 0 Errors
INFO: [Vivado_Tcl 4-199] Please refer to the DRC report (report_drc) for more information.


Starting Routing Task
INFO: [Route 35-254] Multithreading enabled for route_design using a maximum of 2 CPUs
Checksum: PlaceDB: bbec1a58 ConstDB: 0 ShapeSum: a8ba7d2e RouteDB: 0

Phase 1 Build RT Design
Phase 1 Build RT Design | Checksum: 99a7b7cc

Time (s): cpu = 00:00:28 ; elapsed = 00:00:24 . Memory (MB): peak = 1680.898 ; gain = 104.004
Post Restoration Checksum: NetGraph: 60b31a72 NumContArr: 38f49d5a Constraints: 0 Timing: 0

Phase 2 Router Initialization

Phase 2.1 Create Timer
Phase 2.1 Create Timer | Checksum: 99a7b7cc

Time (s): cpu = 00:00:28 ; elapsed = 00:00:24 . Memory (MB): peak = 1680.902 ; gain = 104.008

Phase 2.2 Fix Topology Constraints
Phase 2.2 Fix Topology Constraints | Checksum: 99a7b7cc

Time (s): cpu = 00:00:28 ; elapsed = 00:00:24 . Memory (MB): peak = 1687.156 ; gain = 110.262

Phase 2.3 Pre Route Cleanup
Phase 2.3 Pre Route Cleanup | Checksum: 99a7b7cc

Time (s): cpu = 00:00:28 ; elapsed = 00:00:24 . Memory (MB): peak = 1687.156 ; gain = 110.262
 Number of Nodes with overlaps = 0

Phase 2.4 Update Timing
Phase 2.4 Update Timing | Checksum: 10252e49e

Time (s): cpu = 00:00:28 ; elapsed = 00:00:24 . Memory (MB): peak = 1694.090 ; gain = 117.195
INFO: [Route 35-416] Intermediate Timing Summary | WNS=5.757  | TNS=0.000  | WHS=-0.120 | THS=-0.473 |

Phase 2 Router Initialization | Checksum: 105ccaff6

Time (s): cpu = 00:00:28 ; elapsed = 00:00:24 . Memory (MB): peak = 1694.090 ; gain = 117.195

Router Utilization Summary
  Global Vertical Routing Utilization    = 0 %
  Global Horizontal Routing Utilization  = 0 %
  Routable Net Status*
  *Does not include unroutable nets such as driverless and loadless.
  Run report_route_status for detailed report.
  Number of Failed Nets               = 36
    (Failed Nets is the sum of unrouted and partially routed nets)
  Number of Unrouted Nets             = 36
  Number of Partially Routed Nets     = 0
  Number of Node Overlaps             = 0


Phase 3 Initial Routing
Phase 3 Initial Routing | Checksum: 196ea34dd

Time (s): cpu = 00:00:28 ; elapsed = 00:00:25 . Memory (MB): peak = 1697.797 ; gain = 120.902

Phase 4 Rip-up And Reroute

Phase 4.1 Global Iteration 0
 Number of Nodes with overlaps = 4
 Number of Nodes with overlaps = 0
INFO: [Route 35-416] Intermediate Timing Summary | WNS=5.546  | TNS=0.000  | WHS=N/A    | THS=N/A    |

Phase 4.1 Global Iteration 0 | Checksum: 283ff5993

Time (s): cpu = 00:00:28 ; elapsed = 00:00:25 . Memory (MB): peak = 1697.797 ; gain = 120.902
Phase 4 Rip-up And Reroute | Checksum: 283ff5993

Time (s): cpu = 00:00:28 ; elapsed = 00:00:25 . Memory (MB): peak = 1697.797 ; gain = 120.902

Phase 5 Delay and Skew Optimization

Phase 5.1 Delay CleanUp
Phase 5.1 Delay CleanUp | Checksum: 283ff5993

Time (s): cpu = 00:00:28 ; elapsed = 00:00:25 . Memory (MB): peak = 1697.797 ; gain = 120.902

Phase 5.2 Clock Skew Optimization
Phase 5.2 Clock Skew Optimization | Checksum: 283ff5993

Time (s): cpu = 00:00:28 ; elapsed = 00:00:25 . Memory (MB): peak = 1697.797 ; gain = 120.902
Phase 5 Delay and Skew Optimization | Checksum: 283ff5993

Time (s): cpu = 00:00:28 ; elapsed = 00:00:25 . Memory (MB): peak = 1697.797 ; gain = 120.902

Phase 6 Post Hold Fix

Phase 6.1 Hold Fix Iter

Phase 6.1.1 Update Timing
Phase 6.1.1 Update Timing | Checksum: 1ee393eea

Time (s): cpu = 00:00:28 ; elapsed = 00:00:25 . Memory (MB): peak = 1697.797 ; gain = 120.902
INFO: [Route 35-416] Intermediate Timing Summary | WNS=5.642  | TNS=0.000  | WHS=0.188  | THS=0.000  |

Phase 6.1 Hold Fix Iter | Checksum: 1ee393eea

Time (s): cpu = 00:00:28 ; elapsed = 00:00:25 . Memory (MB): peak = 1697.797 ; gain = 120.902
Phase 6 Post Hold Fix | Checksum: 1ee393eea

Time (s): cpu = 00:00:28 ; elapsed = 00:00:25 . Memory (MB): peak = 1697.797 ; gain = 120.902

Phase 7 Route finalize

Router Utilization Summary
  Global Vertical Routing Utilization    = 0.00465683 %
  Global Horizontal Routing Utilization  = 0.00142086 %
  Routable Net Status*
  *Does not include unroutable nets such as driverless and loadless.
  Run report_route_status for detailed report.
  Number of Failed Nets               = 0
    (Failed Nets is the sum of unrouted and partially routed nets)
  Number of Unrouted Nets             = 0
  Number of Partially Routed Nets     = 0
  Number of Node Overlaps             = 0

Phase 7 Route finalize | Checksum: 1ee393eea

Time (s): cpu = 00:00:28 ; elapsed = 00:00:25 . Memory (MB): peak = 1697.797 ; gain = 120.902

Phase 8 Verifying routed nets

 Verification completed successfully
Phase 8 Verifying routed nets | Checksum: 1ee393eea

Time (s): cpu = 00:00:28 ; elapsed = 00:00:25 . Memory (MB): peak = 1699.863 ; gain = 122.969

Phase 9 Depositing Routes
Phase 9 Depositing Routes | Checksum: 13d0a7689

Time (s): cpu = 00:00:28 ; elapsed = 00:00:25 . Memory (MB): peak = 1699.863 ; gain = 122.969

Phase 10 Post Router Timing
INFO: [Route 35-57] Estimated Timing Summary | WNS=5.642  | TNS=0.000  | WHS=0.188  | THS=0.000  |

INFO: [Route 35-327] The final timing numbers are based on the router estimated timing analysis. For a complete and accurate timing signoff, please run report_timing_summary.
Phase 10 Post Router Timing | Checksum: 13d0a7689

Time (s): cpu = 00:00:28 ; elapsed = 00:00:25 . Memory (MB): peak = 1699.863 ; gain = 122.969
INFO: [Route 35-16] Router Completed Successfully

Time (s): cpu = 00:00:28 ; elapsed = 00:00:25 . Memory (MB): peak = 1699.863 ; gain = 122.969

Routing Is Done.
INFO: [Common 17-83] Releasing license: Implementation
90 Infos, 1 Warnings, 0 Critical Warnings and 0 Errors encountered.
route_design completed successfully
route_design: Time (s): cpu = 00:00:29 ; elapsed = 00:00:25 . Memory (MB): peak = 1699.863 ; gain = 132.020
Netlist sorting complete. Time (s): cpu = 00:00:00 ; elapsed = 00:00:00.001 . Memory (MB): peak = 1699.863 ; gain = 0.000
INFO: [Timing 38-480] Writing timing data to binary archive.
Writing placer database...
Writing XDEF routing.
Writing XDEF routing logical nets.
Writing XDEF routing special nets.
Write XDEF Complete: Time (s): cpu = 00:00:00 ; elapsed = 00:00:00.041 . Memory (MB): peak = 1709.691 ; gain = 9.828
INFO: [Common 17-1381] The checkpoint 'C:/Users/nehmy/OneDrive/Desktop/HW4_Blake_Wishard/HW4.runs/impl_1/ISA_routed.dcp' has been generated.
INFO: [runtcl-4] Executing : report_drc -file ISA_drc_routed.rpt -pb ISA_drc_routed.pb -rpx ISA_drc_routed.rpx
Command: report_drc -file ISA_drc_routed.rpt -pb ISA_drc_routed.pb -rpx ISA_drc_routed.rpx
INFO: [IP_Flow 19-1839] IP Catalog is up to date.
INFO: [DRC 23-27] Running DRC with 2 threads
INFO: [Coretcl 2-168] The results of DRC are in file C:/Users/nehmy/OneDrive/Desktop/HW4_Blake_Wishard/HW4.runs/impl_1/ISA_drc_routed.rpt.
report_drc completed successfully
INFO: [runtcl-4] Executing : report_methodology -file ISA_methodology_drc_routed.rpt -pb ISA_methodology_drc_routed.pb -rpx ISA_methodology_drc_routed.rpx
Command: report_methodology -file ISA_methodology_drc_routed.rpt -pb ISA_methodology_drc_routed.pb -rpx ISA_methodology_drc_routed.rpx
INFO: [Timing 38-35] Done setting XDC timing constraints.
INFO: [DRC 23-133] Running Methodology with 2 threads
INFO: [Coretcl 2-1520] The results of Report Methodology are in file C:/Users/nehmy/OneDrive/Desktop/HW4_Blake_Wishard/HW4.runs/impl_1/ISA_methodology_drc_routed.rpt.
report_methodology completed successfully
INFO: [runtcl-4] Executing : report_power -file ISA_power_routed.rpt -pb ISA_power_summary_routed.pb -rpx ISA_power_routed.rpx
Command: report_power -file ISA_power_routed.rpt -pb ISA_power_summary_routed.pb -rpx ISA_power_routed.rpx
INFO: [Timing 38-35] Done setting XDC timing constraints.
Running Vector-less Activity Propagation...

Finished Running Vector-less Activity Propagation
102 Infos, 1 Warnings, 0 Critical Warnings and 0 Errors encountered.
report_power completed successfully
INFO: [runtcl-4] Executing : report_route_status -file ISA_route_status.rpt -pb ISA_route_status.pb
INFO: [runtcl-4] Executing : report_timing_summary -max_paths 10 -file ISA_timing_summary_routed.rpt -pb ISA_timing_summary_routed.pb -rpx ISA_timing_summary_routed.rpx -warn_on_violation 
INFO: [Timing 38-91] UpdateTimingParams: Speed grade: -1, Delay Type: min_max.
INFO: [Timing 38-191] Multithreading enabled for timing update using a maximum of 2 CPUs
INFO: [runtcl-4] Executing : report_incremental_reuse -file ISA_incremental_reuse_routed.rpt
INFO: [Vivado_Tcl 4-1062] Incremental flow is disabled. No incremental reuse Info to report.
INFO: [runtcl-4] Executing : report_clock_utilization -file ISA_clock_utilization_routed.rpt
INFO: [runtcl-4] Executing : report_bus_skew -warn_on_violation -file ISA_bus_skew_routed.rpt -pb ISA_bus_skew_routed.pb -rpx ISA_bus_skew_routed.rpx
INFO: [Timing 38-91] UpdateTimingParams: Speed grade: -1, Delay Type: min_max.
INFO: [Timing 38-191] Multithreading enabled for timing update using a maximum of 2 CPUs
Command: write_bitstream -force ISA.bit
Attempting to get a license for feature 'Implementation' and/or device 'xc7a100t'
INFO: [Common 17-349] Got license for feature 'Implementation' and/or device 'xc7a100t'
Running DRC as a precondition to command write_bitstream
INFO: [IP_Flow 19-1839] IP Catalog is up to date.
INFO: [DRC 23-27] Running DRC with 2 threads
INFO: [Vivado 12-3199] DRC finished with 0 Errors
INFO: [Vivado 12-3200] Please refer to the DRC report (report_drc) for more information.
INFO: [Designutils 20-2272] Running write_bitstream with 2 threads.
Loading data files...
Loading site data...
Loading route data...
Processing options...
Creating bitmap...
Creating bitstream...
Writing bitstream ./ISA.bit...
INFO: [Vivado 12-1842] Bitgen Completed Successfully.
INFO: [Project 1-120] WebTalk data collection is mandatory when using a WebPACK part without a full Vivado license. To see the specific WebTalk data collected for your design, open the usage_statistics_webtalk.html or usage_statistics_webtalk.xml file in the implementation directory.
INFO: [Common 17-186] 'C:/Users/nehmy/OneDrive/Desktop/HW4_Blake_Wishard/HW4.runs/impl_1/usage_statistics_webtalk.xml' has been successfully sent to Xilinx on Thu Apr  1 17:53:56 2021. For additional details about this file, please refer to the WebTalk help file at C:/Xilinx/Vivado/2019.2/doc/webtalk_introduction.html.
INFO: [Common 17-83] Releasing license: Implementation
122 Infos, 1 Warnings, 0 Critical Warnings and 0 Errors encountered.
write_bitstream completed successfully
write_bitstream: Time (s): cpu = 00:00:13 ; elapsed = 00:00:15 . Memory (MB): peak = 2170.191 ; gain = 430.473
INFO: [Common 17-206] Exiting Vivado at Thu Apr  1 17:53:56 2021...
